Log file open, 09/29/21 13:55:04
LogWindows: Failed to load 'aqProf.dll' (GetLastError=126)
LogWindows: File 'aqProf.dll' does not exist
LogWindows: Failed to load 'VtuneApi.dll' (GetLastError=126)
LogWindows: File 'VtuneApi.dll' does not exist
LogWindows: Failed to load 'VtuneApi32e.dll' (GetLastError=126)
LogWindows: File 'VtuneApi32e.dll' does not exist
LogConsoleResponse: Display: Failed to find resolution value strings in scalability ini. Falling back to default.
LogConsoleResponse: Display: Failed to find resolution value strings in scalability ini. Falling back to default.
LogInit: Display: Running engine for game: NPC
LogPlatformFile: Not using cached read wrapper
LogTaskGraph: Started task graph with 5 named threads and 23 total threads with 3 sets of task threads.
LogStats: Stats thread started at 0.325977
LogICUInternationalization: ICU TimeZone Detection - Raw Offset: -6:00, Platform Override: ''
LogInit: Display: Loading text-based GConfig....
LogPluginManager: Mounting plugin MeshPainting
LogPluginManager: Mounting plugin XGEController
LogPluginManager: Mounting plugin Paper2D
LogPluginManager: Mounting plugin LiveLink
LogPluginManager: Mounting plugin CameraShakePreviewer
LogPluginManager: Mounting plugin LightPropagationVolume
LogPluginManager: Mounting plugin GameplayCameras
LogPluginManager: Mounting plugin OodleData
LogPluginManager: Mounting plugin OodleNetwork
LogPluginManager: Mounting plugin AnimationSharing
LogPluginManager: Mounting plugin CLionSourceCodeAccess
LogPluginManager: Mounting plugin CodeLiteSourceCodeAccess
LogPluginManager: Mounting plugin GitSourceControl
LogPluginManager: Mounting plugin KDevelopSourceCodeAccess
LogPluginManager: Mounting plugin NullSourceCodeAccess
LogPluginManager: Mounting plugin PerforceSourceControl
LogPluginManager: Mounting plugin PixWinPlugin
LogPluginManager: Mounting plugin PlasticSourceControl
LogPluginManager: Mounting plugin PluginUtils
LogPluginManager: Mounting plugin PropertyAccessNode
LogPluginManager: Mounting plugin RiderSourceCodeAccess
LogPluginManager: Mounting plugin SubversionSourceControl
LogPluginManager: Mounting plugin TextureFormatOodle
LogPluginManager: Mounting plugin UObjectPlugin
LogPluginManager: Mounting plugin VisualStudioSourceCodeAccess
LogPluginManager: Mounting plugin XCodeSourceCodeAccess
LogPluginManager: Mounting plugin VisualStudioCodeSourceCodeAccess
LogPluginManager: Mounting plugin Niagara
LogPluginManager: Mounting plugin AlembicImporter
LogPluginManager: Mounting plugin BackChannel
LogPluginManager: Mounting plugin AutomationUtils
LogPluginManager: Mounting plugin ChaosClothEditor
LogPluginManager: Mounting plugin ChaosCloth
LogPluginManager: Mounting plugin ChaosEditor
LogPluginManager: Mounting plugin ChaosSolverPlugin
LogPluginManager: Mounting plugin ChaosNiagara
LogPluginManager: Mounting plugin CharacterAI
LogPluginManager: Mounting plugin GeometryCache
LogPluginManager: Mounting plugin LuminPlatformFeatures
LogPluginManager: Mounting plugin MagicLeap
LogPluginManager: Mounting plugin GeometryCollectionPlugin
LogPluginManager: Mounting plugin MagicLeapLightEstimation
LogPluginManager: Mounting plugin MagicLeapMedia
LogPluginManager: Mounting plugin MagicLeapPassableWorld
LogPluginManager: Mounting plugin GeometryProcessing
LogPluginManager: Mounting plugin MLSDK
LogPluginManager: Mounting plugin DatasmithContent
LogPluginManager: Mounting plugin MotoSynth
LogPluginManager: Mounting plugin OpenImageDenoise
LogPluginManager: Mounting plugin PlanarCut
LogPluginManager: Mounting plugin PlatformCrypto
LogPluginManager: Mounting plugin ProxyLODPlugin
LogPluginManager: Mounting plugin PythonScriptPlugin
LogPluginManager: Mounting plugin SkeletalReduction
LogPluginManager: Mounting plugin VariantManagerContent
LogPluginManager: Mounting plugin AndroidMedia
LogPluginManager: Mounting plugin AvfMedia
LogPluginManager: Mounting plugin ActorSequence
LogPluginManager: Mounting plugin ImgMedia
LogPluginManager: Mounting plugin MatineeToLevelSequence
LogPluginManager: Mounting plugin LevelSequenceEditor
LogPluginManager: Mounting plugin TemplateSequence
LogPluginManager: Mounting plugin MediaCompositing
LogPluginManager: Mounting plugin MediaPlayerEditor
LogPluginManager: Mounting plugin WebMMedia
LogPluginManager: Mounting plugin WmfMedia
LogPluginManager: Mounting plugin UdpMessaging
LogPluginManager: Mounting plugin TcpMessaging
LogPluginManager: Mounting plugin OnlineSubsystem
LogPluginManager: Mounting plugin OnlineSubsystemNull
LogPluginManager: Mounting plugin OnlineSubsystemUtils
LogPluginManager: Mounting plugin ActorLayerUtilities
LogPluginManager: Mounting plugin LauncherChunkInstaller
LogPluginManager: Mounting plugin AndroidDeviceProfileSelector
LogPluginManager: Mounting plugin AndroidMoviePlayer
LogPluginManager: Mounting plugin AndroidPermission
LogPluginManager: Mounting plugin AppleImageUtils
LogPluginManager: Mounting plugin AppleMoviePlayer
LogPluginManager: Mounting plugin AssetTags
LogPluginManager: Mounting plugin ArchVisCharacter
LogPluginManager: Mounting plugin AudioCapture
LogPluginManager: Mounting plugin AudioSynesthesia
LogPluginManager: Mounting plugin CustomMeshComponent
LogPluginManager: Mounting plugin ChunkDownloader
LogPluginManager: Mounting plugin EditableMesh
LogPluginManager: Mounting plugin CableComponent
LogPluginManager: Mounting plugin ExampleDeviceProfileSelector
LogPluginManager: Mounting plugin GoogleCloudMessaging
LogPluginManager: Mounting plugin GooglePAD
LogPluginManager: Mounting plugin IOSDeviceProfileSelector
LogPluginManager: Mounting plugin LinuxDeviceProfileSelector
LogPluginManager: Mounting plugin LocationServicesBPLibrary
LogPluginManager: Mounting plugin MobilePatchingUtils
LogPluginManager: Mounting plugin OpenXREyeTracker
LogPluginManager: Mounting plugin OpenXRHandTracking
LogPluginManager: Mounting plugin OpenXR
LogPluginManager: Mounting plugin PhysXVehicles
LogPluginManager: Mounting plugin PostSplashScreen
LogPluginManager: Mounting plugin PropertyAccessEditor
LogPluginManager: Mounting plugin RuntimePhysXCooking
LogPluginManager: Mounting plugin SignificanceManager
LogPluginManager: Mounting plugin ProceduralMeshComponent
LogPluginManager: Mounting plugin SoundFields
LogPluginManager: Mounting plugin Synthesis
LogPluginManager: Mounting plugin WebMMoviePlayer
LogPluginManager: Mounting plugin WindowsMoviePlayer
LogPluginManager: Mounting plugin Takes
LogPluginManager: Mounting plugin ScreenshotTools
LogPluginManager: Mounting plugin AISupport
LogPluginManager: Mounting plugin EnvironmentQueryEditor
LogPluginManager: Mounting plugin AssetManagerEditor
LogPluginManager: Mounting plugin CryptoKeys
LogPluginManager: Mounting plugin CurveEditorTools
LogPluginManager: Mounting plugin DataValidation
LogPluginManager: Mounting plugin GeometryMode
LogPluginManager: Mounting plugin GameplayTagsEditor
LogPluginManager: Mounting plugin FacialAnimation
LogPluginManager: Mounting plugin MacGraphicsSwitching
LogPluginManager: Mounting plugin MaterialAnalyzer
LogPluginManager: Mounting plugin MobileLauncherProfileWizard
LogPluginManager: Mounting plugin PluginBrowser
LogPluginManager: Mounting plugin SpeedTreeImporter
LogPluginManager: Mounting plugin OnlineSubsystemGooglePlay
LogPluginManager: Mounting plugin OnlineSubsystemIOS
LogPluginManager: Mounting plugin OculusVR
LogPluginManager: Mounting plugin SteamVR
LogPluginManager: Mounting plugin ContentBrowserAssetDataSource
LogPluginManager: Mounting plugin ContentBrowserClassDataSource
LogPluginManager: Mounting plugin ContentBrowserFileDataSource
PixWinPlugin: PIX capture plugin failed to initialize! Check that the process is launched from PIX.
LogInit: Using libcurl 7.55.1-DEV
LogInit:  - built for x86_64-pc-win32
LogInit:  - supports SSL with OpenSSL/1.1.1
LogInit:  - supports HTTP deflate (compression) using libz 1.2.8
LogInit:  - other features:
LogInit:      CURL_VERSION_SSL
LogInit:      CURL_VERSION_LIBZ
LogInit:      CURL_VERSION_IPV6
LogInit:      CURL_VERSION_ASYNCHDNS
LogInit:      CURL_VERSION_LARGEFILE
LogInit:      CURL_VERSION_IDN
LogInit:  CurlRequestOptions (configurable via config and command line):
LogInit:  - bVerifyPeer = true  - Libcurl will verify peer certificate
LogInit:  - bUseHttpProxy = false  - Libcurl will NOT use HTTP proxy
LogInit:  - bDontReuseConnections = false  - Libcurl will reuse connections
LogInit:  - MaxHostConnections = 16  - Libcurl will limit the number of connections to a host
LogInit:  - LocalHostAddr = Default
LogInit:  - BufferSize = 65536
LogOnline: OSS: Creating online subsystem instance for: NULL
LogInit: WinSock: version 1.1 (2.2), MaxSocks=32767, MaxUdp=65467
LogOnline: OSS: TryLoadSubsystemAndSetDefault: Loaded subsystem for module [NULL]
LogOculusPluginWrapper: OculusPlugin initialized successfully
LogHMD: Failed initializing OVRPlugin 1.59.0
LogInit: Build: ++UE4+Release-4.27-CL-17155196
LogInit: Engine Version: 4.27.0-17155196+++UE4+Release-4.27
LogInit: Compatible Engine Version: 4.27.0-17155196+++UE4+Release-4.27
LogInit: Net CL: 17155196
LogInit: OS: Windows 10 (Release 2009) (), CPU: Intel(R) Core(TM) i5-8265U CPU @ 1.60GHz, GPU: Intel(R) UHD Graphics 620
LogInit: Compiled (64-bit): Aug 13 2021 06:13:13
LogInit: Compiled with Visual C++: 19.24.28315.00
LogInit: Build Configuration: Development
LogInit: Branch Name: ++UE4+Release-4.27
LogInit: Command Line: 
LogInit: Base Directory: C:/Program Files/Epic Games/UE_4.27/Engine/Binaries/Win64/
LogInit: Allocator: TBB
LogInit: Installed Engine Build: 1
LogDevObjectVersion: Number of dev versions registered: 29
LogDevObjectVersion:   Dev-Blueprints (B0D832E4-1F89-4F0D-ACCF-7EB736FD4AA2): 10
LogDevObjectVersion:   Dev-Build (E1C64328-A22C-4D53-A36C-8E866417BD8C): 0
LogDevObjectVersion:   Dev-Core (375EC13C-06E4-48FB-B500-84F0262A717E): 4
LogDevObjectVersion:   Dev-Editor (E4B068ED-F494-42E9-A231-DA0B2E46BB41): 40
LogDevObjectVersion:   Dev-Framework (CFFC743F-43B0-4480-9391-14DF171D2073): 37
LogDevObjectVersion:   Dev-Mobile (B02B49B5-BB20-44E9-A304-32B752E40360): 3
LogDevObjectVersion:   Dev-Networking (A4E4105C-59A1-49B5-A7C5-40C4547EDFEE): 0
LogDevObjectVersion:   Dev-Online (39C831C9-5AE6-47DC-9A44-9C173E1C8E7C): 0
LogDevObjectVersion:   Dev-Physics (78F01B33-EBEA-4F98-B9B4-84EACCB95AA2): 14
LogDevObjectVersion:   Dev-Platform (6631380F-2D4D-43E0-8009-CF276956A95A): 0
LogDevObjectVersion:   Dev-Rendering (12F88B9F-8875-4AFC-A67C-D90C383ABD29): 45
LogDevObjectVersion:   Dev-Sequencer (7B5AE74C-D270-4C10-A958-57980B212A5A): 13
LogDevObjectVersion:   Dev-VR (D7296918-1DD6-4BDD-9DE2-64A83CC13884): 3
LogDevObjectVersion:   Dev-LoadTimes (C2A15278-BFE7-4AFE-6C17-90FF531DF755): 1
LogDevObjectVersion:   Private-Geometry (6EACA3D4-40EC-4CC1-B786-8BED09428FC5): 3
LogDevObjectVersion:   Dev-AnimPhys (29E575DD-E0A3-4627-9D10-D276232CDCEA): 17
LogDevObjectVersion:   Dev-Anim (AF43A65D-7FD3-4947-9873-3E8ED9C1BB05): 15
LogDevObjectVersion:   Dev-ReflectionCapture (6B266CEC-1EC7-4B8F-A30B-E4D90942FC07): 1
LogDevObjectVersion:   Dev-Automation (0DF73D61-A23F-47EA-B727-89E90C41499A): 1
LogDevObjectVersion:   FortniteMain (601D1886-AC64-4F84-AA16-D3DE0DEAC7D6): 47
LogDevObjectVersion:   FortniteRelease (E7086368-6B23-4C58-8439-1B7016265E91): 1
LogDevObjectVersion:   Dev-Enterprise (9DFFBCD6-494F-0158-E221-12823C92A888): 10
LogDevObjectVersion:   Dev-Niagara (F2AED0AC-9AFE-416F-8664-AA7FFA26D6FC): 1
LogDevObjectVersion:   Dev-Destruction (174F1F0B-B4C6-45A5-B13F-2EE8D0FB917D): 10
LogDevObjectVersion:   Dev-Physics-Ext (35F94A83-E258-406C-A318-09F59610247C): 41
LogDevObjectVersion:   Dev-PhysicsMaterial-Chaos (B68FC16E-8B1B-42E2-B453-215C058844FE): 1
LogDevObjectVersion:   Dev-CineCamera (B2E18506-4273-CFC2-A54E-F4BB758BBA07): 1
LogDevObjectVersion:   Dev-VirtualProduction (64F58936-FD1B-42BA-BA96-7289D5D0FA4E): 1
LogDevObjectVersion:   Dev-MediaFramework (6F0ED827-A609-4895-9C91-998D90180EA4): 2
LogInit: Presizing for max 25165824 objects, including 0 objects not considered by GC, pre-allocating 0 bytes for permanent pool.
LogConfig: Applying CVar settings from Section [/Script/Engine.StreamingSettings] File [C:/Users/Owner/Documents/GitHub/225-NPC/NPC/Saved/Config/Windows/Engine.ini]
LogConfig: Setting CVar [[s.MinBulkDataSizeForAsyncLoading:131072]]
LogConfig: Setting CVar [[s.AsyncLoadingThreadEnabled:0]]
LogConfig: Setting CVar [[s.EventDrivenLoaderEnabled:1]]
LogConfig: Setting CVar [[s.WarnIfTimeLimitExceeded:0]]
LogConfig: Setting CVar [[s.TimeLimitExceededMultiplier:1.5]]
LogConfig: Setting CVar [[s.TimeLimitExceededMinTime:0.005]]
LogConfig: Setting CVar [[s.UseBackgroundLevelStreaming:1]]
LogConfig: Setting CVar [[s.PriorityAsyncLoadingExtraTime:15.0]]
LogConfig: Setting CVar [[s.LevelStreamingActorsUpdateTimeLimit:5.0]]
LogConfig: Setting CVar [[s.PriorityLevelStreamingActorsUpdateExtraTime:5.0]]
LogConfig: Setting CVar [[s.LevelStreamingComponentsRegistrationGranularity:10]]
LogConfig: Setting CVar [[s.UnregisterComponentsTimeLimit:1.0]]
LogConfig: Setting CVar [[s.LevelStreamingComponentsUnregistrationGranularity:5]]
LogConfig: Setting CVar [[s.FlushStreamingOnExit:1]]
LogInit: Object subsystem initialized
LogConfig: Setting CVar [[con.DebugEarlyDefault:1]]
LogConfig: Setting CVar [[r.setres:1280x720]]
[2021.09.29-18.55.05:194][  0]LogConfig: Setting CVar [[r.VSync:0]]
[2021.09.29-18.55.05:194][  0]LogConfig: Setting CVar [[r.RHICmdBypass:0]]
[2021.09.29-18.55.05:194][  0]LogConfig: Applying CVar settings from Section [/Script/Engine.RendererSettings] File [C:/Users/Owner/Documents/GitHub/225-NPC/NPC/Saved/Config/Windows/Engine.ini]
[2021.09.29-18.55.05:194][  0]LogConfig: Setting CVar [[r.GPUCrashDebugging:0]]
[2021.09.29-18.55.05:194][  0]LogConfig: Applying CVar settings from Section [/Script/Engine.RendererOverrideSettings] File [C:/Users/Owner/Documents/GitHub/225-NPC/NPC/Saved/Config/Windows/Engine.ini]
[2021.09.29-18.55.05:194][  0]LogConfig: Applying CVar settings from Section [/Script/Engine.StreamingSettings] File [C:/Users/Owner/Documents/GitHub/225-NPC/NPC/Saved/Config/Windows/Engine.ini]
[2021.09.29-18.55.05:194][  0]LogConfig: Setting CVar [[s.MinBulkDataSizeForAsyncLoading:131072]]
[2021.09.29-18.55.05:194][  0]LogConfig: Setting CVar [[s.AsyncLoadingThreadEnabled:0]]
[2021.09.29-18.55.05:194][  0]LogConfig: Setting CVar [[s.EventDrivenLoaderEnabled:1]]
[2021.09.29-18.55.05:194][  0]LogConfig: Setting CVar [[s.WarnIfTimeLimitExceeded:0]]
[2021.09.29-18.55.05:194][  0]LogConfig: Setting CVar [[s.TimeLimitExceededMultiplier:1.5]]
[2021.09.29-18.55.05:194][  0]LogConfig: Setting CVar [[s.TimeLimitExceededMinTime:0.005]]
[2021.09.29-18.55.05:194][  0]LogConfig: Setting CVar [[s.UseBackgroundLevelStreaming:1]]
[2021.09.29-18.55.05:194][  0]LogConfig: Setting CVar [[s.PriorityAsyncLoadingExtraTime:15.0]]
[2021.09.29-18.55.05:194][  0]LogConfig: Setting CVar [[s.LevelStreamingActorsUpdateTimeLimit:5.0]]
[2021.09.29-18.55.05:194][  0]LogConfig: Setting CVar [[s.PriorityLevelStreamingActorsUpdateExtraTime:5.0]]
[2021.09.29-18.55.05:194][  0]LogConfig: Setting CVar [[s.LevelStreamingComponentsRegistrationGranularity:10]]
[2021.09.29-18.55.05:194][  0]LogConfig: Setting CVar [[s.UnregisterComponentsTimeLimit:1.0]]
[2021.09.29-18.55.05:194][  0]LogConfig: Setting CVar [[s.LevelStreamingComponentsUnregistrationGranularity:5]]
[2021.09.29-18.55.05:194][  0]LogConfig: Setting CVar [[s.FlushStreamingOnExit:1]]
[2021.09.29-18.55.05:194][  0]LogConfig: Applying CVar settings from Section [/Script/Engine.GarbageCollectionSettings] File [C:/Users/Owner/Documents/GitHub/225-NPC/NPC/Saved/Config/Windows/Engine.ini]
[2021.09.29-18.55.05:194][  0]LogConfig: Setting CVar [[gc.MaxObjectsNotConsideredByGC:1]]
[2021.09.29-18.55.05:195][  0]LogConfig: Setting CVar [[gc.SizeOfPermanentObjectPool:0]]
[2021.09.29-18.55.05:195][  0]LogConfig: Setting CVar [[gc.FlushStreamingOnGC:0]]
[2021.09.29-18.55.05:195][  0]LogConfig: Setting CVar [[gc.NumRetriesBeforeForcingGC:10]]
[2021.09.29-18.55.05:195][  0]LogConfig: Setting CVar [[gc.AllowParallelGC:1]]
[2021.09.29-18.55.05:195][  0]LogConfig: Setting CVar [[gc.TimeBetweenPurgingPendingKillObjects:61.1]]
[2021.09.29-18.55.05:195][  0]LogConfig: Setting CVar [[gc.MaxObjectsInEditor:25165824]]
[2021.09.29-18.55.05:195][  0]LogConfig: Setting CVar [[gc.IncrementalBeginDestroyEnabled:1]]
[2021.09.29-18.55.05:195][  0]LogConfig: Setting CVar [[gc.CreateGCClusters:1]]
[2021.09.29-18.55.05:195][  0]LogConfig: Setting CVar [[gc.MinGCClusterSize:5]]
[2021.09.29-18.55.05:195][  0]LogConfig: Setting CVar [[gc.ActorClusteringEnabled:0]]
[2021.09.29-18.55.05:195][  0]LogConfig: Setting CVar [[gc.BlueprintClusteringEnabled:0]]
[2021.09.29-18.55.05:195][  0]LogConfig: Setting CVar [[gc.UseDisregardForGCOnDedicatedServers:0]]
[2021.09.29-18.55.05:195][  0]LogConfig: Setting CVar [[gc.MultithreadedDestructionEnabled:1]]
[2021.09.29-18.55.05:195][  0]LogConfig: Applying CVar settings from Section [/Script/Engine.NetworkSettings] File [C:/Users/Owner/Documents/GitHub/225-NPC/NPC/Saved/Config/Windows/Engine.ini]
[2021.09.29-18.55.05:195][  0]LogConfig: Applying CVar settings from Section [/Script/UnrealEd.CookerSettings] File [C:/Users/Owner/Documents/GitHub/225-NPC/NPC/Saved/Config/Windows/Engine.ini]
[2021.09.29-18.55.05:221][  0]LogConfig: Applying CVar settings from Section [ViewDistanceQuality@3] File [C:/Users/Owner/Documents/GitHub/225-NPC/NPC/Saved/Config/Windows/Scalability.ini]
[2021.09.29-18.55.05:221][  0]LogConfig: Setting CVar [[r.SkeletalMeshLODBias:0]]
[2021.09.29-18.55.05:221][  0]LogConfig: Setting CVar [[r.ViewDistanceScale:1.0]]
[2021.09.29-18.55.05:221][  0]LogConfig: Applying CVar settings from Section [AntiAliasingQuality@3] File [C:/Users/Owner/Documents/GitHub/225-NPC/NPC/Saved/Config/Windows/Scalability.ini]
[2021.09.29-18.55.05:221][  0]LogConfig: Setting CVar [[r.PostProcessAAQuality:4]]
[2021.09.29-18.55.05:221][  0]LogConfig: Applying CVar settings from Section [ShadowQuality@3] File [C:/Users/Owner/Documents/GitHub/225-NPC/NPC/Saved/Config/Windows/Scalability.ini]
[2021.09.29-18.55.05:221][  0]LogConfig: Setting CVar [[r.LightFunctionQuality:1]]
[2021.09.29-18.55.05:221][  0]LogConfig: Setting CVar [[r.ShadowQuality:5]]
[2021.09.29-18.55.05:221][  0]LogConfig: Setting CVar [[r.Shadow.CSM.MaxCascades:10]]
[2021.09.29-18.55.05:221][  0]LogConfig: Setting CVar [[r.Shadow.MaxResolution:2048]]
[2021.09.29-18.55.05:221][  0]LogConfig: Setting CVar [[r.Shadow.MaxCSMResolution:2048]]
[2021.09.29-18.55.05:221][  0]LogConfig: Setting CVar [[r.Shadow.RadiusThreshold:0.01]]
[2021.09.29-18.55.05:221][  0]LogConfig: Setting CVar [[r.Shadow.DistanceScale:1.0]]
[2021.09.29-18.55.05:221][  0]LogConfig: Setting CVar [[r.Shadow.CSM.TransitionScale:1.0]]
[2021.09.29-18.55.05:221][  0]LogConfig: Setting CVar [[r.Shadow.PreShadowResolutionFactor:1.0]]
[2021.09.29-18.55.05:221][  0]LogConfig: Setting CVar [[r.DistanceFieldShadowing:1]]
[2021.09.29-18.55.05:221][  0]LogConfig: Setting CVar [[r.DistanceFieldAO:1]]
[2021.09.29-18.55.05:221][  0]LogConfig: Setting CVar [[r.AOQuality:2]]
[2021.09.29-18.55.05:221][  0]LogConfig: Setting CVar [[r.VolumetricFog:1]]
[2021.09.29-18.55.05:221][  0]LogConfig: Setting CVar [[r.VolumetricFog.GridPixelSize:8]]
[2021.09.29-18.55.05:221][  0]LogConfig: Setting CVar [[r.VolumetricFog.GridSizeZ:128]]
[2021.09.29-18.55.05:221][  0]LogConfig: Setting CVar [[r.VolumetricFog.HistoryMissSupersampleCount:4]]
[2021.09.29-18.55.05:221][  0]LogConfig: Setting CVar [[r.LightMaxDrawDistanceScale:1]]
[2021.09.29-18.55.05:221][  0]LogConfig: Setting CVar [[r.CapsuleShadows:1]]
[2021.09.29-18.55.05:222][  0]LogConfig: Applying CVar settings from Section [PostProcessQuality@3] File [C:/Users/Owner/Documents/GitHub/225-NPC/NPC/Saved/Config/Windows/Scalability.ini]
[2021.09.29-18.55.05:222][  0]LogConfig: Setting CVar [[r.MotionBlurQuality:4]]
[2021.09.29-18.55.05:222][  0]LogConfig: Setting CVar [[r.AmbientOcclusionMipLevelFactor:0.4]]
[2021.09.29-18.55.05:222][  0]LogConfig: Setting CVar [[r.AmbientOcclusionMaxQuality:100]]
[2021.09.29-18.55.05:222][  0]LogConfig: Setting CVar [[r.AmbientOcclusionLevels:-1]]
[2021.09.29-18.55.05:222][  0]LogConfig: Setting CVar [[r.AmbientOcclusionRadiusScale:1.0]]
[2021.09.29-18.55.05:222][  0]LogConfig: Setting CVar [[r.DepthOfFieldQuality:2]]
[2021.09.29-18.55.05:222][  0]LogConfig: Setting CVar [[r.RenderTargetPoolMin:400]]
[2021.09.29-18.55.05:222][  0]LogConfig: Setting CVar [[r.LensFlareQuality:2]]
[2021.09.29-18.55.05:222][  0]LogConfig: Setting CVar [[r.SceneColorFringeQuality:1]]
[2021.09.29-18.55.05:222][  0]LogConfig: Setting CVar [[r.EyeAdaptationQuality:2]]
[2021.09.29-18.55.05:222][  0]LogConfig: Setting CVar [[r.BloomQuality:5]]
[2021.09.29-18.55.05:222][  0]LogConfig: Setting CVar [[r.FastBlurThreshold:100]]
[2021.09.29-18.55.05:222][  0]LogConfig: Setting CVar [[r.Upscale.Quality:3]]
[2021.09.29-18.55.05:222][  0]LogConfig: Setting CVar [[r.Tonemapper.GrainQuantization:1]]
[2021.09.29-18.55.05:222][  0]LogConfig: Setting CVar [[r.LightShaftQuality:1]]
[2021.09.29-18.55.05:222][  0]LogConfig: Setting CVar [[r.Filter.SizeScale:1]]
[2021.09.29-18.55.05:222][  0]LogConfig: Setting CVar [[r.Tonemapper.Quality:5]]
[2021.09.29-18.55.05:222][  0]LogConfig: Setting CVar [[r.DOF.Gather.AccumulatorQuality:1        ; higher gathering accumulator quality]]
[2021.09.29-18.55.05:222][  0]LogConfig: Setting CVar [[r.DOF.Gather.PostfilterMethod:1          ; Median3x3 postfilering method]]
[2021.09.29-18.55.05:222][  0]LogConfig: Setting CVar [[r.DOF.Gather.EnableBokehSettings:0       ; no bokeh simulation when gathering]]
[2021.09.29-18.55.05:222][  0]LogConfig: Setting CVar [[r.DOF.Gather.RingCount:4                 ; medium number of samples when gathering]]
[2021.09.29-18.55.05:222][  0]LogConfig: Setting CVar [[r.DOF.Scatter.ForegroundCompositing:1    ; additive foreground scattering]]
[2021.09.29-18.55.05:222][  0]LogConfig: Setting CVar [[r.DOF.Scatter.BackgroundCompositing:2    ; additive background scattering]]
[2021.09.29-18.55.05:222][  0]LogConfig: Setting CVar [[r.DOF.Scatter.EnableBokehSettings:1      ; bokeh simulation when scattering]]
[2021.09.29-18.55.05:222][  0]LogConfig: Setting CVar [[r.DOF.Scatter.MaxSpriteRatio:0.1         ; only a maximum of 10% of scattered bokeh]]
[2021.09.29-18.55.05:222][  0]LogConfig: Setting CVar [[r.DOF.Recombine.Quality:1                ; cheap slight out of focus]]
[2021.09.29-18.55.05:222][  0]LogConfig: Setting CVar [[r.DOF.Recombine.EnableBokehSettings:0    ; no bokeh simulation on slight out of focus]]
[2021.09.29-18.55.05:222][  0]LogConfig: Setting CVar [[r.DOF.TemporalAAQuality:1                ; more stable temporal accumulation]]
[2021.09.29-18.55.05:222][  0]LogConfig: Setting CVar [[r.DOF.Kernel.MaxForegroundRadius:0.025]]
[2021.09.29-18.55.05:222][  0]LogConfig: Setting CVar [[r.DOF.Kernel.MaxBackgroundRadius:0.025]]
[2021.09.29-18.55.05:222][  0]LogConfig: Applying CVar settings from Section [TextureQuality@3] File [C:/Users/Owner/Documents/GitHub/225-NPC/NPC/Saved/Config/Windows/Scalability.ini]
[2021.09.29-18.55.05:222][  0]LogConfig: Setting CVar [[r.Streaming.MipBias:0]]
[2021.09.29-18.55.05:222][  0]LogConfig: Setting CVar [[r.Streaming.AmortizeCPUToGPUCopy:0]]
[2021.09.29-18.55.05:222][  0]LogConfig: Setting CVar [[r.Streaming.MaxNumTexturesToStreamPerFrame:0]]
[2021.09.29-18.55.05:222][  0]LogConfig: Setting CVar [[r.Streaming.Boost:1]]
[2021.09.29-18.55.05:222][  0]LogConfig: Setting CVar [[r.MaxAnisotropy:8]]
[2021.09.29-18.55.05:222][  0]LogConfig: Setting CVar [[r.VT.MaxAnisotropy:8]]
[2021.09.29-18.55.05:222][  0]LogConfig: Setting CVar [[r.Streaming.LimitPoolSizeToVRAM:0]]
[2021.09.29-18.55.05:222][  0]LogConfig: Setting CVar [[r.Streaming.PoolSize:1000]]
[2021.09.29-18.55.05:223][  0]LogConfig: Setting CVar [[r.Streaming.MaxEffectiveScreenSize:0]]
[2021.09.29-18.55.05:223][  0]LogConfig: Applying CVar settings from Section [EffectsQuality@3] File [C:/Users/Owner/Documents/GitHub/225-NPC/NPC/Saved/Config/Windows/Scalability.ini]
[2021.09.29-18.55.05:223][  0]LogConfig: Setting CVar [[r.TranslucencyLightingVolumeDim:64]]
[2021.09.29-18.55.05:223][  0]LogConfig: Setting CVar [[r.RefractionQuality:2]]
[2021.09.29-18.55.05:223][  0]LogConfig: Setting CVar [[r.SSR.Quality:3]]
[2021.09.29-18.55.05:223][  0]LogConfig: Setting CVar [[r.SSR.HalfResSceneColor:0]]
[2021.09.29-18.55.05:223][  0]LogConfig: Setting CVar [[r.SceneColorFormat:4]]
[2021.09.29-18.55.05:223][  0]LogConfig: Setting CVar [[r.DetailMode:2]]
[2021.09.29-18.55.05:223][  0]LogConfig: Setting CVar [[r.TranslucencyVolumeBlur:1]]
[2021.09.29-18.55.05:223][  0]LogConfig: Setting CVar [[r.MaterialQualityLevel:1 ; High quality]]
[2021.09.29-18.55.05:223][  0]LogConfig: Setting CVar [[r.AnisotropicMaterials:1]]
[2021.09.29-18.55.05:223][  0]LogConfig: Setting CVar [[r.SSS.Scale:1]]
[2021.09.29-18.55.05:223][  0]LogConfig: Setting CVar [[r.SSS.SampleSet:2]]
[2021.09.29-18.55.05:223][  0]LogConfig: Setting CVar [[r.SSS.Quality:1]]
[2021.09.29-18.55.05:223][  0]LogConfig: Setting CVar [[r.SSS.HalfRes:0]]
[2021.09.29-18.55.05:223][  0]LogConfig: Setting CVar [[r.SSGI.Quality:3]]
[2021.09.29-18.55.05:223][  0]LogConfig: Setting CVar [[r.EmitterSpawnRateScale:1.0]]
[2021.09.29-18.55.05:223][  0]LogConfig: Setting CVar [[r.ParticleLightQuality:2]]
[2021.09.29-18.55.05:223][  0]LogConfig: Setting CVar [[r.SkyAtmosphere.AerialPerspectiveLUT.FastApplyOnOpaque:1 ; Always have FastSkyLUT 1 in this case to avoid wrong sky]]
[2021.09.29-18.55.05:223][  0]LogConfig: Setting CVar [[r.SkyAtmosphere.AerialPerspectiveLUT.SampleCountMaxPerSlice:4]]
[2021.09.29-18.55.05:223][  0]LogConfig: Setting CVar [[r.SkyAtmosphere.AerialPerspectiveLUT.DepthResolution:16.0]]
[2021.09.29-18.55.05:223][  0]LogConfig: Setting CVar [[r.SkyAtmosphere.FastSkyLUT:1]]
[2021.09.29-18.55.05:223][  0]LogConfig: Setting CVar [[r.SkyAtmosphere.FastSkyLUT.SampleCountMin:4.0]]
[2021.09.29-18.55.05:223][  0]LogConfig: Setting CVar [[r.SkyAtmosphere.FastSkyLUT.SampleCountMax:128.0]]
[2021.09.29-18.55.05:223][  0]LogConfig: Setting CVar [[r.SkyAtmosphere.SampleCountMin:4.0]]
[2021.09.29-18.55.05:223][  0]LogConfig: Setting CVar [[r.SkyAtmosphere.SampleCountMax:128.0]]
[2021.09.29-18.55.05:223][  0]LogConfig: Setting CVar [[r.SkyAtmosphere.TransmittanceLUT.UseSmallFormat:0]]
[2021.09.29-18.55.05:223][  0]LogConfig: Setting CVar [[r.SkyAtmosphere.TransmittanceLUT.SampleCount:10.0]]
[2021.09.29-18.55.05:223][  0]LogConfig: Setting CVar [[r.SkyAtmosphere.MultiScatteringLUT.SampleCount:15.0]]
[2021.09.29-18.55.05:223][  0]LogConfig: Setting CVar [[r.SkyLight.RealTimeReflectionCapture:1]]
[2021.09.29-18.55.05:223][  0]LogConfig: Applying CVar settings from Section [FoliageQuality@3] File [C:/Users/Owner/Documents/GitHub/225-NPC/NPC/Saved/Config/Windows/Scalability.ini]
[2021.09.29-18.55.05:223][  0]LogConfig: Setting CVar [[foliage.DensityScale:1.0]]
[2021.09.29-18.55.05:223][  0]LogConfig: Setting CVar [[grass.DensityScale:1.0]]
[2021.09.29-18.55.05:223][  0]LogConfig: Applying CVar settings from Section [ShadingQuality@3] File [C:/Users/Owner/Documents/GitHub/225-NPC/NPC/Saved/Config/Windows/Scalability.ini]
[2021.09.29-18.55.05:223][  0]LogConfig: Setting CVar [[r.HairStrands.SkyLighting.IntegrationType:2]]
[2021.09.29-18.55.05:223][  0]LogConfig: Setting CVar [[r.HairStrands.SkyAO.SampleCount:4]]
[2021.09.29-18.55.05:223][  0]LogConfig: Setting CVar [[r.HairStrands.Visibility.MSAA.SamplePerPixel:4]]
[2021.09.29-18.55.05:223][  0]LogInit: Selected Device Profile: [Windows]
[2021.09.29-18.55.05:223][  0]LogInit: Applying CVar settings loaded from the selected device profile: [Windows]
[2021.09.29-18.55.05:223][  0]LogHAL: Display: Platform has ~ 8 GB [8369459200 / 8589934592 / 8], which maps to Default [LargestMinGB=32, LargerMinGB=12, DefaultMinGB=8, SmallerMinGB=6, SmallestMinGB=0)
[2021.09.29-18.55.05:223][  0]LogInit: Going up to parent DeviceProfile []
[2021.09.29-18.55.05:224][  0]LogConfig: Applying CVar settings from Section [ViewDistanceQuality@3] File [C:/Users/Owner/Documents/GitHub/225-NPC/NPC/Saved/Config/Windows/Scalability.ini]
[2021.09.29-18.55.05:224][  0]LogConfig: Setting CVar [[r.SkeletalMeshLODBias:0]]
[2021.09.29-18.55.05:224][  0]LogConfig: Setting CVar [[r.ViewDistanceScale:1.0]]
[2021.09.29-18.55.05:224][  0]LogConfig: Applying CVar settings from Section [AntiAliasingQuality@3] File [C:/Users/Owner/Documents/GitHub/225-NPC/NPC/Saved/Config/Windows/Scalability.ini]
[2021.09.29-18.55.05:224][  0]LogConfig: Setting CVar [[r.PostProcessAAQuality:4]]
[2021.09.29-18.55.05:224][  0]LogConfig: Applying CVar settings from Section [ShadowQuality@3] File [C:/Users/Owner/Documents/GitHub/225-NPC/NPC/Saved/Config/Windows/Scalability.ini]
[2021.09.29-18.55.05:224][  0]LogConfig: Setting CVar [[r.LightFunctionQuality:1]]
[2021.09.29-18.55.05:224][  0]LogConfig: Setting CVar [[r.ShadowQuality:5]]
[2021.09.29-18.55.05:224][  0]LogConfig: Setting CVar [[r.Shadow.CSM.MaxCascades:10]]
[2021.09.29-18.55.05:224][  0]LogConfig: Setting CVar [[r.Shadow.MaxResolution:2048]]
[2021.09.29-18.55.05:224][  0]LogConfig: Setting CVar [[r.Shadow.MaxCSMResolution:2048]]
[2021.09.29-18.55.05:224][  0]LogConfig: Setting CVar [[r.Shadow.RadiusThreshold:0.01]]
[2021.09.29-18.55.05:224][  0]LogConfig: Setting CVar [[r.Shadow.DistanceScale:1.0]]
[2021.09.29-18.55.05:224][  0]LogConfig: Setting CVar [[r.Shadow.CSM.TransitionScale:1.0]]
[2021.09.29-18.55.05:224][  0]LogConfig: Setting CVar [[r.Shadow.PreShadowResolutionFactor:1.0]]
[2021.09.29-18.55.05:224][  0]LogConfig: Setting CVar [[r.DistanceFieldShadowing:1]]
[2021.09.29-18.55.05:224][  0]LogConfig: Setting CVar [[r.DistanceFieldAO:1]]
[2021.09.29-18.55.05:224][  0]LogConfig: Setting CVar [[r.AOQuality:2]]
[2021.09.29-18.55.05:224][  0]LogConfig: Setting CVar [[r.VolumetricFog:1]]
[2021.09.29-18.55.05:224][  0]LogConfig: Setting CVar [[r.VolumetricFog.GridPixelSize:8]]
[2021.09.29-18.55.05:224][  0]LogConfig: Setting CVar [[r.VolumetricFog.GridSizeZ:128]]
[2021.09.29-18.55.05:224][  0]LogConfig: Setting CVar [[r.VolumetricFog.HistoryMissSupersampleCount:4]]
[2021.09.29-18.55.05:224][  0]LogConfig: Setting CVar [[r.LightMaxDrawDistanceScale:1]]
[2021.09.29-18.55.05:224][  0]LogConfig: Setting CVar [[r.CapsuleShadows:1]]
[2021.09.29-18.55.05:224][  0]LogConfig: Applying CVar settings from Section [PostProcessQuality@3] File [C:/Users/Owner/Documents/GitHub/225-NPC/NPC/Saved/Config/Windows/Scalability.ini]
[2021.09.29-18.55.05:224][  0]LogConfig: Setting CVar [[r.MotionBlurQuality:4]]
[2021.09.29-18.55.05:224][  0]LogConfig: Setting CVar [[r.AmbientOcclusionMipLevelFactor:0.4]]
[2021.09.29-18.55.05:224][  0]LogConfig: Setting CVar [[r.AmbientOcclusionMaxQuality:100]]
[2021.09.29-18.55.05:224][  0]LogConfig: Setting CVar [[r.AmbientOcclusionLevels:-1]]
[2021.09.29-18.55.05:224][  0]LogConfig: Setting CVar [[r.AmbientOcclusionRadiusScale:1.0]]
[2021.09.29-18.55.05:224][  0]LogConfig: Setting CVar [[r.DepthOfFieldQuality:2]]
[2021.09.29-18.55.05:224][  0]LogConfig: Setting CVar [[r.RenderTargetPoolMin:400]]
[2021.09.29-18.55.05:224][  0]LogConfig: Setting CVar [[r.LensFlareQuality:2]]
[2021.09.29-18.55.05:224][  0]LogConfig: Setting CVar [[r.SceneColorFringeQuality:1]]
[2021.09.29-18.55.05:224][  0]LogConfig: Setting CVar [[r.EyeAdaptationQuality:2]]
[2021.09.29-18.55.05:224][  0]LogConfig: Setting CVar [[r.BloomQuality:5]]
[2021.09.29-18.55.05:224][  0]LogConfig: Setting CVar [[r.FastBlurThreshold:100]]
[2021.09.29-18.55.05:224][  0]LogConfig: Setting CVar [[r.Upscale.Quality:3]]
[2021.09.29-18.55.05:224][  0]LogConfig: Setting CVar [[r.Tonemapper.GrainQuantization:1]]
[2021.09.29-18.55.05:224][  0]LogConfig: Setting CVar [[r.LightShaftQuality:1]]
[2021.09.29-18.55.05:224][  0]LogConfig: Setting CVar [[r.Filter.SizeScale:1]]
[2021.09.29-18.55.05:224][  0]LogConfig: Setting CVar [[r.Tonemapper.Quality:5]]
[2021.09.29-18.55.05:224][  0]LogConfig: Setting CVar [[r.DOF.Gather.AccumulatorQuality:1        ; higher gathering accumulator quality]]
[2021.09.29-18.55.05:224][  0]LogConfig: Setting CVar [[r.DOF.Gather.PostfilterMethod:1          ; Median3x3 postfilering method]]
[2021.09.29-18.55.05:224][  0]LogConfig: Setting CVar [[r.DOF.Gather.EnableBokehSettings:0       ; no bokeh simulation when gathering]]
[2021.09.29-18.55.05:224][  0]LogConfig: Setting CVar [[r.DOF.Gather.RingCount:4                 ; medium number of samples when gathering]]
[2021.09.29-18.55.05:225][  0]LogConfig: Setting CVar [[r.DOF.Scatter.ForegroundCompositing:1    ; additive foreground scattering]]
[2021.09.29-18.55.05:225][  0]LogConfig: Setting CVar [[r.DOF.Scatter.BackgroundCompositing:2    ; additive background scattering]]
[2021.09.29-18.55.05:225][  0]LogConfig: Setting CVar [[r.DOF.Scatter.EnableBokehSettings:1      ; bokeh simulation when scattering]]
[2021.09.29-18.55.05:225][  0]LogConfig: Setting CVar [[r.DOF.Scatter.MaxSpriteRatio:0.1         ; only a maximum of 10% of scattered bokeh]]
[2021.09.29-18.55.05:225][  0]LogConfig: Setting CVar [[r.DOF.Recombine.Quality:1                ; cheap slight out of focus]]
[2021.09.29-18.55.05:225][  0]LogConfig: Setting CVar [[r.DOF.Recombine.EnableBokehSettings:0    ; no bokeh simulation on slight out of focus]]
[2021.09.29-18.55.05:225][  0]LogConfig: Setting CVar [[r.DOF.TemporalAAQuality:1                ; more stable temporal accumulation]]
[2021.09.29-18.55.05:225][  0]LogConfig: Setting CVar [[r.DOF.Kernel.MaxForegroundRadius:0.025]]
[2021.09.29-18.55.05:225][  0]LogConfig: Setting CVar [[r.DOF.Kernel.MaxBackgroundRadius:0.025]]
[2021.09.29-18.55.05:225][  0]LogConfig: Applying CVar settings from Section [TextureQuality@3] File [C:/Users/Owner/Documents/GitHub/225-NPC/NPC/Saved/Config/Windows/Scalability.ini]
[2021.09.29-18.55.05:225][  0]LogConfig: Setting CVar [[r.Streaming.MipBias:0]]
[2021.09.29-18.55.05:225][  0]LogConfig: Setting CVar [[r.Streaming.AmortizeCPUToGPUCopy:0]]
[2021.09.29-18.55.05:225][  0]LogConfig: Setting CVar [[r.Streaming.MaxNumTexturesToStreamPerFrame:0]]
[2021.09.29-18.55.05:225][  0]LogConfig: Setting CVar [[r.Streaming.Boost:1]]
[2021.09.29-18.55.05:225][  0]LogConfig: Setting CVar [[r.MaxAnisotropy:8]]
[2021.09.29-18.55.05:225][  0]LogConfig: Setting CVar [[r.VT.MaxAnisotropy:8]]
[2021.09.29-18.55.05:225][  0]LogConfig: Setting CVar [[r.Streaming.LimitPoolSizeToVRAM:0]]
[2021.09.29-18.55.05:225][  0]LogConfig: Setting CVar [[r.Streaming.PoolSize:1000]]
[2021.09.29-18.55.05:225][  0]LogConfig: Setting CVar [[r.Streaming.MaxEffectiveScreenSize:0]]
[2021.09.29-18.55.05:225][  0]LogConfig: Applying CVar settings from Section [EffectsQuality@3] File [C:/Users/Owner/Documents/GitHub/225-NPC/NPC/Saved/Config/Windows/Scalability.ini]
[2021.09.29-18.55.05:225][  0]LogConfig: Setting CVar [[r.TranslucencyLightingVolumeDim:64]]
[2021.09.29-18.55.05:225][  0]LogConfig: Setting CVar [[r.RefractionQuality:2]]
[2021.09.29-18.55.05:225][  0]LogConfig: Setting CVar [[r.SSR.Quality:3]]
[2021.09.29-18.55.05:225][  0]LogConfig: Setting CVar [[r.SSR.HalfResSceneColor:0]]
[2021.09.29-18.55.05:225][  0]LogConfig: Setting CVar [[r.SceneColorFormat:4]]
[2021.09.29-18.55.05:225][  0]LogConfig: Setting CVar [[r.DetailMode:2]]
[2021.09.29-18.55.05:225][  0]LogConfig: Setting CVar [[r.TranslucencyVolumeBlur:1]]
[2021.09.29-18.55.05:225][  0]LogConfig: Setting CVar [[r.MaterialQualityLevel:1 ; High quality]]
[2021.09.29-18.55.05:225][  0]LogConfig: Setting CVar [[r.AnisotropicMaterials:1]]
[2021.09.29-18.55.05:225][  0]LogConfig: Setting CVar [[r.SSS.Scale:1]]
[2021.09.29-18.55.05:225][  0]LogConfig: Setting CVar [[r.SSS.SampleSet:2]]
[2021.09.29-18.55.05:225][  0]LogConfig: Setting CVar [[r.SSS.Quality:1]]
[2021.09.29-18.55.05:225][  0]LogConfig: Setting CVar [[r.SSS.HalfRes:0]]
[2021.09.29-18.55.05:225][  0]LogConfig: Setting CVar [[r.SSGI.Quality:3]]
[2021.09.29-18.55.05:225][  0]LogConfig: Setting CVar [[r.EmitterSpawnRateScale:1.0]]
[2021.09.29-18.55.05:225][  0]LogConfig: Setting CVar [[r.ParticleLightQuality:2]]
[2021.09.29-18.55.05:225][  0]LogConfig: Setting CVar [[r.SkyAtmosphere.AerialPerspectiveLUT.FastApplyOnOpaque:1 ; Always have FastSkyLUT 1 in this case to avoid wrong sky]]
[2021.09.29-18.55.05:225][  0]LogConfig: Setting CVar [[r.SkyAtmosphere.AerialPerspectiveLUT.SampleCountMaxPerSlice:4]]
[2021.09.29-18.55.05:225][  0]LogConfig: Setting CVar [[r.SkyAtmosphere.AerialPerspectiveLUT.DepthResolution:16.0]]
[2021.09.29-18.55.05:225][  0]LogConfig: Setting CVar [[r.SkyAtmosphere.FastSkyLUT:1]]
[2021.09.29-18.55.05:225][  0]LogConfig: Setting CVar [[r.SkyAtmosphere.FastSkyLUT.SampleCountMin:4.0]]
[2021.09.29-18.55.05:225][  0]LogConfig: Setting CVar [[r.SkyAtmosphere.FastSkyLUT.SampleCountMax:128.0]]
[2021.09.29-18.55.05:225][  0]LogConfig: Setting CVar [[r.SkyAtmosphere.SampleCountMin:4.0]]
[2021.09.29-18.55.05:225][  0]LogConfig: Setting CVar [[r.SkyAtmosphere.SampleCountMax:128.0]]
[2021.09.29-18.55.05:225][  0]LogConfig: Setting CVar [[r.SkyAtmosphere.TransmittanceLUT.UseSmallFormat:0]]
[2021.09.29-18.55.05:225][  0]LogConfig: Setting CVar [[r.SkyAtmosphere.TransmittanceLUT.SampleCount:10.0]]
[2021.09.29-18.55.05:225][  0]LogConfig: Setting CVar [[r.SkyAtmosphere.MultiScatteringLUT.SampleCount:15.0]]
[2021.09.29-18.55.05:225][  0]LogConfig: Setting CVar [[r.SkyLight.RealTimeReflectionCapture:1]]
[2021.09.29-18.55.05:226][  0]LogConfig: Applying CVar settings from Section [FoliageQuality@3] File [C:/Users/Owner/Documents/GitHub/225-NPC/NPC/Saved/Config/Windows/Scalability.ini]
[2021.09.29-18.55.05:226][  0]LogConfig: Setting CVar [[foliage.DensityScale:1.0]]
[2021.09.29-18.55.05:226][  0]LogConfig: Setting CVar [[grass.DensityScale:1.0]]
[2021.09.29-18.55.05:226][  0]LogConfig: Applying CVar settings from Section [ShadingQuality@3] File [C:/Users/Owner/Documents/GitHub/225-NPC/NPC/Saved/Config/Windows/Scalability.ini]
[2021.09.29-18.55.05:226][  0]LogConfig: Setting CVar [[r.HairStrands.SkyLighting.IntegrationType:2]]
[2021.09.29-18.55.05:226][  0]LogConfig: Setting CVar [[r.HairStrands.SkyAO.SampleCount:4]]
[2021.09.29-18.55.05:226][  0]LogConfig: Setting CVar [[r.HairStrands.Visibility.MSAA.SamplePerPixel:4]]
[2021.09.29-18.55.05:226][  0]LogConfig: Applying CVar settings from Section [Startup] File [../../../Engine/Config/ConsoleVariables.ini]
[2021.09.29-18.55.05:226][  0]LogConfig: Setting CVar [[net.UseAdaptiveNetUpdateFrequency:0]]
[2021.09.29-18.55.05:226][  0]LogConfig: Setting CVar [[p.chaos.AllowCreatePhysxBodies:1]]
[2021.09.29-18.55.05:226][  0]LogConfig: Setting CVar [[fx.SkipVectorVMBackendOptimizations:1]]
[2021.09.29-18.55.05:226][  0]LogConfig: Applying CVar settings from Section [ConsoleVariables] File [C:/Users/Owner/Documents/GitHub/225-NPC/NPC/Saved/Config/Windows/Engine.ini]
[2021.09.29-18.55.05:226][  0]LogConfig: Applying CVar settings from Section [ConsoleVariables] File [C:/Users/Owner/Documents/GitHub/225-NPC/NPC/Saved/Config/Windows/Editor.ini]
[2021.09.29-18.55.05:226][  0]LogInit: Computer: DESKTOP-7B4F05N
[2021.09.29-18.55.05:226][  0]LogInit: User: Owner
[2021.09.29-18.55.05:226][  0]LogInit: CPU Page size=4096, Cores=4
[2021.09.29-18.55.05:226][  0]LogInit: High frequency timer resolution =10.000000 MHz
[2021.09.29-18.55.05:226][  0]LogMemory: Memory total: Physical=7.8GB (8GB approx)
[2021.09.29-18.55.05:226][  0]LogMemory: Platform Memory Stats for Windows
[2021.09.29-18.55.05:226][  0]LogMemory: Process Physical Memory: 142.15 MB used, 142.15 MB peak
[2021.09.29-18.55.05:226][  0]LogMemory: Process Virtual Memory: 126.48 MB used, 126.48 MB peak
[2021.09.29-18.55.05:226][  0]LogMemory: Physical Memory: 5744.41 MB used,  2237.32 MB free, 7981.74 MB total
[2021.09.29-18.55.05:227][  0]LogMemory: Virtual Memory: 134215416.00 MB used,  2313.07 MB free, 134217728.00 MB total
[2021.09.29-18.55.05:234][  0]LogWindows: WindowsPlatformFeatures enabled
[2021.09.29-18.55.05:321][  0]LogInit: Physics initialised using underlying interface: PhysX
[2021.09.29-18.55.05:323][  0]LogInit: Using OS detected language (en-US).
[2021.09.29-18.55.05:323][  0]LogInit: Using OS detected locale (en-US).
[2021.09.29-18.55.05:332][  0]LogTextLocalizationManager: No specific localization for 'en-US' exists, so the 'en' localization will be used.
[2021.09.29-18.55.05:531][  0]LogInit: Setting process to per monitor DPI aware
[2021.09.29-18.55.05:564][  0]LogWindowsTextInputMethodSystem: Display: IME system deactivated.
[2021.09.29-18.55.05:583][  0]LogSlate: New Slate User Created.  User Index 0, Is Virtual User: 0
[2021.09.29-18.55.05:583][  0]LogSlate: Slate User Registered.  User Index 0, Is Virtual User: 0
[2021.09.29-18.55.05:715][  0]LogD3D11RHI: Loaded GFSDK_Aftermath_Lib.x64.dll
[2021.09.29-18.55.05:720][  0]LogHMD: Failed to initialize OpenVR with code 110
[2021.09.29-18.55.05:720][  0]LogD3D11RHI: D3D11 min allowed feature level: 11_0
[2021.09.29-18.55.05:720][  0]LogD3D11RHI: D3D11 max allowed feature level: 11_0
[2021.09.29-18.55.05:720][  0]LogD3D11RHI: D3D11 adapters:
[2021.09.29-18.55.05:779][  0]LogD3D11RHI:    0. 'Intel(R) UHD Graphics 620' (Feature Level 11_0)
[2021.09.29-18.55.05:779][  0]LogD3D11RHI:       128/0/3990 MB DedicatedVideo/DedicatedSystem/SharedSystem, Outputs:1, VendorId:0x8086
[2021.09.29-18.55.05:783][  0]LogD3D11RHI:    1. 'Microsoft Basic Render Driver' (Feature Level 11_0)
[2021.09.29-18.55.05:783][  0]LogD3D11RHI:       0/0/3990 MB DedicatedVideo/DedicatedSystem/SharedSystem, Outputs:0, VendorId:0x1414
[2021.09.29-18.55.05:783][  0]LogD3D11RHI: Chosen D3D11 Adapter: 0
[2021.09.29-18.55.05:789][  0]LogD3D11RHI: Creating new Direct3DDevice
[2021.09.29-18.55.05:789][  0]LogD3D11RHI:     GPU DeviceId: 0x3ea0 (for the marketing name, search the web for "GPU Device Id")
[2021.09.29-18.55.05:789][  0]LogWindows: EnumDisplayDevices:
[2021.09.29-18.55.05:789][  0]LogWindows:    0. 'Intel(R) UHD Graphics 620' (P:1 D:1)
[2021.09.29-18.55.05:790][  0]LogWindows:    1. 'Intel(R) UHD Graphics 620' (P:0 D:0)
[2021.09.29-18.55.05:790][  0]LogWindows:    2. 'Intel(R) UHD Graphics 620' (P:0 D:0)
[2021.09.29-18.55.05:791][  0]LogWindows: DebugString: FoundDriverCount:3 
[2021.09.29-18.55.05:791][  0]LogD3D11RHI:     Adapter Name: Intel(R) UHD Graphics 620
[2021.09.29-18.55.05:791][  0]LogD3D11RHI:   Driver Version: 27.20.100.8478 (internal:27.20.100.8478, unified:27.20.100.8478)
[2021.09.29-18.55.05:791][  0]LogD3D11RHI:      Driver Date: 7-22-2020
[2021.09.29-18.55.05:791][  0]LogRHI: Texture pool is 1486 MB (70% of 2123 MB)
[2021.09.29-18.55.05:848][  0]LogD3D11RHI: RHI does not have support for 64 bit atomics
[2021.09.29-18.55.05:896][  0]LogD3D11RHI: Intel Extensions support version Full=16777216, Major=1, Minor=0, Revision=0
[2021.09.29-18.55.05:896][  0]LogD3D11RHI: Intel Extensions support version Full=16777217, Major=1, Minor=0, Revision=1
[2021.09.29-18.55.05:896][  0]LogD3D11RHI: Intel Extensions Framework enabled
[2021.09.29-18.55.05:897][  0]LogD3D11RHI: [IntelMetricsDiscovery] Started
[2021.09.29-18.55.05:897][  0]LogD3D11RHI: Async texture creation enabled
[2021.09.29-18.55.05:897][  0]LogD3D11RHI: Array index from any shader is supported
[2021.09.29-18.55.05:906][  0]LogD3D11RHI: GPU Timing Frequency: 12.000048 (Debug: 2 0)
[2021.09.29-18.55.06:306][  0]LogTargetPlatformManager: Display: Loaded TargetPlatform 'AllDesktop'
[2021.09.29-18.55.06:343][  0]LogTargetPlatformManager: Display: Loaded TargetPlatform 'Android'
[2021.09.29-18.55.06:343][  0]LogTargetPlatformManager: Display: Loaded TargetPlatform 'Android_ASTC'
[2021.09.29-18.55.06:343][  0]LogTargetPlatformManager: Display: Loaded TargetPlatform 'Android_DXT'
[2021.09.29-18.55.06:343][  0]LogTargetPlatformManager: Display: Loaded TargetPlatform 'Android_ETC2'
[2021.09.29-18.55.06:343][  0]LogTargetPlatformManager: Display: Loaded TargetPlatform 'AndroidClient'
[2021.09.29-18.55.06:343][  0]LogTargetPlatformManager: Display: Loaded TargetPlatform 'Android_ASTCClient'
[2021.09.29-18.55.06:343][  0]LogTargetPlatformManager: Display: Loaded TargetPlatform 'Android_DXTClient'
[2021.09.29-18.55.06:343][  0]LogTargetPlatformManager: Display: Loaded TargetPlatform 'Android_ETC2Client'
[2021.09.29-18.55.06:343][  0]LogTargetPlatformManager: Display: Loaded TargetPlatform 'Android_Multi'
[2021.09.29-18.55.06:343][  0]LogTargetPlatformManager: Display: Loaded TargetPlatform 'Android_MultiClient'
[2021.09.29-18.55.06:375][  0]LogTargetPlatformManager: Display: Loaded TargetPlatform 'IOSClient'
[2021.09.29-18.55.06:375][  0]LogTargetPlatformManager: Display: Loaded TargetPlatform 'IOS'
[2021.09.29-18.55.06:388][  0]LogTargetPlatformManager: Display: Loaded TargetPlatform 'Linux'
[2021.09.29-18.55.06:396][  0]LogTargetPlatformManager: Display: Loaded TargetPlatform 'LinuxNoEditor'
[2021.09.29-18.55.06:403][  0]LogTargetPlatformManager: Display: Loaded TargetPlatform 'LinuxClient'
[2021.09.29-18.55.06:409][  0]LogTargetPlatformManager: Display: Loaded TargetPlatform 'LinuxServer'
[2021.09.29-18.55.06:421][  0]LogTargetPlatformManager: Display: Loaded TargetPlatform 'LinuxAArch64NoEditor'
[2021.09.29-18.55.06:428][  0]LogTargetPlatformManager: Display: Loaded TargetPlatform 'LinuxAArch64Client'
[2021.09.29-18.55.06:435][  0]LogTargetPlatformManager: Display: Loaded TargetPlatform 'LinuxAArch64Server'
[2021.09.29-18.55.06:462][  0]LogTargetPlatformManager: Display: Loaded TargetPlatform 'Lumin'
[2021.09.29-18.55.06:462][  0]LogTargetPlatformManager: Display: Loaded TargetPlatform 'LuminClient'
[2021.09.29-18.55.06:474][  0]LogTargetPlatformManager: Display: Loaded TargetPlatform 'MacNoEditor'
[2021.09.29-18.55.06:481][  0]LogTargetPlatformManager: Display: Loaded TargetPlatform 'Mac'
[2021.09.29-18.55.06:488][  0]LogTargetPlatformManager: Display: Loaded TargetPlatform 'MacClient'
[2021.09.29-18.55.06:494][  0]LogTargetPlatformManager: Display: Loaded TargetPlatform 'MacServer'
[2021.09.29-18.55.06:507][  0]LogTargetPlatformManager: Display: Loaded TargetPlatform 'TVOSClient'
[2021.09.29-18.55.06:507][  0]LogTargetPlatformManager: Display: Loaded TargetPlatform 'TVOS'
[2021.09.29-18.55.06:520][  0]LogTargetPlatformManager: Display: Loaded TargetPlatform 'WindowsNoEditor'
[2021.09.29-18.55.06:526][  0]LogTargetPlatformManager: Display: Loaded TargetPlatform 'Windows'
[2021.09.29-18.55.06:533][  0]LogTargetPlatformManager: Display: Loaded TargetPlatform 'WindowsClient'
[2021.09.29-18.55.06:542][  0]LogTargetPlatformManager: Display: Loaded TargetPlatform 'WindowsServer'
[2021.09.29-18.55.06:542][  0]LogTargetPlatformManager: Display: Building Assets For Windows
[2021.09.29-18.55.06:568][  0]LogAudioDebug: Display: Lib vorbis DLL was dynamically loaded.
[2021.09.29-18.55.06:646][  0]LogTextureFormatOodle: Display: Oodle Texture 2.9.0 init RDO Off
[2021.09.29-18.55.06:746][  0]LogRendererCore: Ray tracing is disabled. Reason: r.RayTracing=0.
[2021.09.29-18.55.06:746][  0]LogShaderCompilers: Guid format shader working directory is -12 characters bigger than the processId version (../../../../../../Users/Owner/Documents/GitHub/225-NPC/NPC/Intermediate/Shaders/WorkingDirectory/2424/).
[2021.09.29-18.55.06:746][  0]LogShaderCompilers: Cleaned the shader compiler working directory 'C:/Users/Owner/AppData/Local/Temp/UnrealShaderWorkingDir/E149617143340E72833DF6849D73B5A0/'.
[2021.09.29-18.55.06:747][  0]LogXGEController: Cannot use XGE Controller as Incredibuild is not installed on this machine.
[2021.09.29-18.55.06:747][  0]LogShaderCompilers: Cannot use XGE Shader Compiler as Incredibuild is not installed on this machine.
[2021.09.29-18.55.06:747][  0]LogShaderCompilers: Display: Using Local Shader Compiler.
[2021.09.29-18.55.07:526][  0]LogDerivedDataCache: Display: Max Cache Size: 512 MB
[2021.09.29-18.55.07:612][  0]LogDerivedDataCache: Loaded boot cache 0.09s 95MB C:/Users/Owner/AppData/Local/UnrealEngine/4.27/DerivedDataCache/Boot.ddc.
[2021.09.29-18.55.07:612][  0]LogDerivedDataCache: Display: Loaded Boot cache: C:/Users/Owner/AppData/Local/UnrealEngine/4.27/DerivedDataCache/Boot.ddc
[2021.09.29-18.55.07:612][  0]LogDerivedDataCache: FDerivedDataBackendGraph:  Pak pak cache file ../../../../../../Users/Owner/Documents/GitHub/225-NPC/NPC/DerivedDataCache/DDC.ddp not found, will not use a pak cache.
[2021.09.29-18.55.07:612][  0]LogDerivedDataCache: Unable to find inner node Pak for hierarchical cache Hierarchy.
[2021.09.29-18.55.07:612][  0]LogDerivedDataCache: FDerivedDataBackendGraph:  CompressedPak pak cache file ../../../../../../Users/Owner/Documents/GitHub/225-NPC/NPC/DerivedDataCache/Compressed.ddp not found, will not use a pak cache.
[2021.09.29-18.55.07:612][  0]LogDerivedDataCache: Unable to find inner node CompressedPak for hierarchical cache Hierarchy.
[2021.09.29-18.55.07:629][  0]LogDerivedDataCache: Display: Pak cache opened for reading ../../../Engine/DerivedDataCache/Compressed.ddp.
[2021.09.29-18.55.07:629][  0]LogDerivedDataCache: FDerivedDataBackendGraph:  EnterprisePak pak cache file ../../../Enterprise/DerivedDataCache/Compressed.ddp not found, will not use a pak cache.
[2021.09.29-18.55.07:629][  0]LogDerivedDataCache: Unable to find inner node EnterprisePak for hierarchical cache Hierarchy.
[2021.09.29-18.55.07:639][  0]LogDerivedDataCache: Speed tests for C:/Users/Owner/AppData/Local/UnrealEngine/Common/DerivedDataCache took 0.01 seconds
[2021.09.29-18.55.07:639][  0]LogDerivedDataCache: Display: Performance to C:/Users/Owner/AppData/Local/UnrealEngine/Common/DerivedDataCache: Latency=0.05ms. RandomReadSpeed=1275.29MBs, RandomWriteSpeed=111.47MBs. Assigned SpeedClass 'Local'
[2021.09.29-18.55.07:640][  0]LogDerivedDataCache: Using Local data cache path C:/Users/Owner/AppData/Local/UnrealEngine/Common/DerivedDataCache: Writable
[2021.09.29-18.55.07:640][  0]LogDerivedDataCache: Shared data cache path not found in *engine.ini, will not use an Shared cache.
[2021.09.29-18.55.07:640][  0]LogDerivedDataCache: Unable to find inner node Shared for hierarchical cache Hierarchy.
[2021.09.29-18.55.07:690][  0]LogSlate: Using FreeType 2.10.0
[2021.09.29-18.55.07:691][  0]LogSlate: SlateFontServices - WITH_FREETYPE: 1, WITH_HARFBUZZ: 1
[2021.09.29-18.55.07:723][  0]LogAssetRegistry: FAssetRegistry took 0.0028 seconds to start up
[2021.09.29-18.55.08:014][  0]LogInit: Selected Device Profile: [Windows]
[2021.09.29-18.55.08:014][  0]LogInit: Active device profile: [000001B24BB1A800][000001B24A377B80 49] Windows
[2021.09.29-18.55.08:014][  0]LogInit: Profiles: [000001B24BB1A800][000001B24A377B80 49] Windows, [000001B24BACEC00][000001B24A384180 49] WindowsNoEditor, [000001B24BB1B200][000001B24A388300 49] WindowsServer, [000001B24BACCF00][000001B24A38C480 49] WindowsClient, [000001B24BB18E00][000001B24A390600 49] IOS, [000001B24BACFD00][000001B24A37A740 49] iPadAir, [000001B24BB19200][000001B24A394880 49] iPadAir2, [000001B24BA82500][000001B24A3A2AC0 49] IPadPro, [000001B24BA82600][000001B24A398B00 49] iPadAir3, [000001B24BB19500][000001B24CCA2C80 49] iPadAir4, [000001B24BA82A00][000001B24CCA6E00 49] iPadMini2, [000001B24BB1A600][000001B24CCAAF80 49] iPadMini3, [000001B24BA82D00][000001B24CCAF100 49] iPadMini4, [000001B24BB1B600][000001B24CCB3280 49] iPadMini5, [000001B24BAC1E00][000001B24CCBB540 49] iPhone6, [000001B24BAC1F00][000001B24CCB7580 49] iPodTouch6, [000001B24BA81900][000001B24CCC3840 49] iPhone7, [000001B24BA81E00][000001B24CCBF880 49] iPodTouch7, [000001B24BAC2600][000001B24CCC7A00 49] iPhone5S, [000001B24BA82200][000001B24CCCBB80 49] iPhone6Plus, [000001B24BAC2700][000001B24CCCE180 49] iPhone6S, [000001B24BA81000][000001B24CCD2300 49] iPhone6SPlus, [000001B24BAC1B00][000001B24CCD6480 49] iPhone7Plus, [000001B24BA80D00][000001B24CCDA600 49] iPhoneSE, [000001B24BAC2B00][000001B24CCDE780 49] iPhone8, [000001B24BA82E00][000001B24CCE2900 49] iPhone8Plus, [000001B24BAC2200][000001B24A3ACA40 49] iPhoneX, [000001B24BA81A00][000001B24CCE6B80 49] iPhoneXS, [000001B24BAC1A00][000001B24CCEACC0 49] iPhoneXSMax, [000001B24BA80300][000001B24CCF2E40 49] iPhoneXR, [000001B24BAC1700][000001B24CCF6FC0 49] iPhone11, [000001B24BA82400][000001B24CCFB140 49] iPhone11Pro, [000001B24BAC0F00][000001B24CCFF2C0 49] iPhone11ProMax, [000001B24BA83300][000001B24CD03440 49] iPhoneSE2, [000001B24BAC3300][000001B24CD075C0 49] iPhone12Mini, [000001B24BA83F00][000001B24CD0B740 49] iPhone12, [000001B24BAC2300][000001B24CD0F8C0 49] iPhone12Pro, [000001B24BA81500][000001B24CD13A40 49] iPhone12ProMax, [000001B24BAC1300][000001B24CD17BC0 49] iPadPro105, [000001B24BA80E00][000001B24CD1A1C0 49] iPadPro129, [000001B24BAC0C00][000001B2402BA340 49] iPadPro97, [000001B24BA83C00][000001B2402BE4C0 49] iPadPro2_129, [000001B24BAC1800][000001B2402C2640 49] iPad5, [000001B24BA81F00][000001B2402C67C0 49] iPad6, [000001B24BAC0B00][000001B2402CA940 49] iPad7, [000001B24BA81100][000001B2402CEAC0 49] iPad8, [000001B24BAC2C00][000001B24CCEEC00 49] iPadPro11, [000001B24BACED00][000001B2402D2D40 49] iPadPro2_11, [000001B24BBE1000][000001B2402D6E80 49] iPadPro3_129, [000001B24BACDA00][000001B2402DAFC0 49] iPadPro4_129, [000001B24BBE0200][000001B2402E3140 49] AppleTV, [000001B24BACCA00][000001B2402E72C0 49] AppleTV4K, [000001B24BBE0300][000001B2402EB440 49] TVOS, [000001B24BACD000][000001B2402EF5C0 49] Mac, [000001B24BBE0B00][000001B2402F3740 49] MacClient, [000001B24BACDE00][000001B2402F78C0 49] MacNoEditor, [000001B24BBE1300][000001B2402FBA40 49] MacServer, [000001B24BAC0200][000001B2402FFBC0 49] Linux, [000001B24BA82000][000001B2403021C0 49] LinuxAArch64, [000001B24BAC3E00][000001B240306340 49] LinuxNoEditor, [000001B24BA80A00][000001B24030A4C0 49] LinuxAArch64NoEditor, [000001B24BAC0900][000001B24030E640 49] LinuxClient, [000001B24BA83100][000001B2403127C0 49] LinuxAArch64Client, [000001B24BAC1500][000001B240316940 49] LinuxServer, [000001B24BA81C00][000001B24031AAC0 49] LinuxAArch64Server, [000001B24BAC2500][000001B24031EC40 49] Android, [000001B24BA81600][000001B2402DED80 49] Android_Low, [000001B24BAC1200][000001B240322EC0 49] Android_Mid, [000001B24BA83800][000001B240327000 49] Android_High, [000001B24BAC0600][000001B24032B140 49] Android_Default, [000001B24BA80500][000001B2403332C0 49] Android_Adreno4xx, [000001B24BAC0400][000001B240337440 49] Android_Adreno5xx_Low, [000001B24BA80400][000001B24033B5C0 49] Android_Adreno5xx, [000001B24BAC3B00][000001B24C885740 49] Android_Adreno6xx, [000001B24BA83D00][000001B24C8898C0 49] Android_Adreno6xx_Vulkan, [000001B24BAC0A00][000001B24C88DA40 49] Android_Mali_T6xx, [000001B24BA83700][000001B24C891BC0 49] Android_Mali_T7xx, [000001B24BAC2100][000001B24C8941C0 49] Android_Mali_T8xx, [000001B24BA81B00][000001B24C898340 49] Android_Mali_G71, [000001B24BBE0100][000001B24C89C4C0 49] Android_Mali_G72, [000001B24BA82800][000001B24C8A0640 49] Android_Mali_G72_Vulkan, [000001B24BBE0400][000001B24C8A47C0 49] Android_Mali_G76, [000001B24BA82300][000001B24C8A8940 49] Android_Mali_G76_Vulkan, [000001B24BAC2900][000001B24C8ACAC0 49] Android_Mali_G77, [000001B24BA81700][000001B24C8B0C40 49] Android_Mali_G77_Vulkan, [000001B24BAC2E00][000001B24C8B4DC0 49] Android_Mali_G78, [000001B24BA80700][000001B24C8B8F40 49] Android_Mali_G78_Vulkan, [000001B24BAC3000][000001B24032F080 49] Android_Mali_G710, [000001B24BA83A00][000001B24C8BD1C0 49] Android_Mali_G710_Vulkan, [000001B24BAC1600][000001B24C8C1300 49] Android_Vulkan_SM5, [000001B24BA81D00][000001B24C8C9480 49] Android_PowerVR_G6xxx, [000001B24BAC0E00][000001B24C8CD600 49] Android_PowerVR_GT7xxx, [000001B24BA81400][000001B24C8D1780 49] Android_PowerVR_GE8xxx, [000001B24BAC3F00][000001B24C8D5900 49] Android_PowerVR_GM9xxx, [000001B24BA82C00][000001B24C8D9A80 49] Android_PowerVR_GM9xxx_Vulkan, [000001B24BAC0D00][000001B24C8DDC00 49] Android_TegraK1, [000001B24BA83B00][000001B24C8E0200 49] Android_Unknown_Vulkan, [000001B24BAC1100][000001B24C8E4380 49] Lumin, [000001B24BA81200][000001B24C8E8500 49] Lumin_Desktop, [000001B24BAC2D00][000001B24C8EC680 49] HoloLens, 
[2021.09.29-18.55.08:163][  0]LogMeshReduction: Using QuadricMeshReduction for automatic static mesh reduction
[2021.09.29-18.55.08:164][  0]LogMeshReduction: Using SimplygonMeshReduction for automatic skeletal mesh reduction
[2021.09.29-18.55.08:164][  0]LogMeshReduction: Using ProxyLODMeshReduction for automatic mesh merging
[2021.09.29-18.55.08:164][  0]LogMeshReduction: No distributed automatic mesh merging module available
[2021.09.29-18.55.08:164][  0]LogMeshMerging: No distributed automatic mesh merging module available
[2021.09.29-18.55.08:180][  0]LogNetVersion: NPC 1.0.0, NetCL: 17155196, EngineNetVer: 17, GameNetVer: 0 (Checksum: 790694447)
[2021.09.29-18.55.08:576][  0]LogTexture: Default maximum texture size for cubemaps generated from long-lat sources has been changed from 512 to unlimited. In order to preserve old behaiour for '/Engine/MapTemplates/Sky/DaylightAmbientCubemap.DaylightAmbientCubemap', its maximum texture size has been explicitly set to 512.
[2021.09.29-18.55.08:640][  0]LogHMD: PokeAHoleMaterial loaded successfully
[2021.09.29-18.55.08:647][  0]LogUObjectArray: 17178 objects as part of root set at end of initial load.
[2021.09.29-18.55.08:647][  0]LogUObjectAllocator: 4301856 out of 0 bytes used by permanent object pool.
[2021.09.29-18.55.08:647][  0]LogUObjectArray: CloseDisregardForGC: 0/0 objects in disregard for GC pool
[2021.09.29-18.55.08:876][  0]LogNiagaraDebuggerClient: Niagara Debugger Client Initialized | Session: 7AFAA74640A605819AFF949C06C25110 | Instance: AED51F734DF238C57177D19C44B6B9B5 (DESKTOP-7B4F05N-2424).
[2021.09.29-18.55.08:903][  0]LogStreaming: Warning: Failed to read file '../../../Engine/Content/Editor/Slate/Niagara/MenuSeparator.png' error.
[2021.09.29-18.55.08:903][  0]LogSlate: Could not find file for Slate resource: ../../../Engine/Content/Editor/Slate/Niagara/MenuSeparator.png
[2021.09.29-18.55.08:903][  0]LogStreaming: Warning: Failed to read file '../../../Engine/Content/Editor/Slate/Niagara/Common/Selector.png' error.
[2021.09.29-18.55.08:903][  0]LogSlate: Could not find file for Slate resource: ../../../Engine/Content/Editor/Slate/Niagara/Common/Selector.png
[2021.09.29-18.55.08:903][  0]LogStreaming: Warning: Failed to read file '../../../Engine/Content/Editor/Slate/Niagara/Common/Selection.png' error.
[2021.09.29-18.55.08:903][  0]LogSlate: Could not find file for Slate resource: ../../../Engine/Content/Editor/Slate/Niagara/Common/Selection.png
[2021.09.29-18.55.08:903][  0]LogImageWrapper: Warning: PNG Warning: Duplicate iCCP chunk
[2021.09.29-18.55.08:903][  0]LogStreaming: Warning: Failed to read file '../../../Engine/Content/Editor/Slate/Niagara/Common/DropZoneIndicator_Above.png' error.
[2021.09.29-18.55.08:903][  0]LogSlate: Could not find file for Slate resource: ../../../Engine/Content/Editor/Slate/Niagara/Common/DropZoneIndicator_Above.png
[2021.09.29-18.55.08:903][  0]LogStreaming: Warning: Failed to read file '../../../Engine/Content/Editor/Slate/Niagara/Common/DropZoneIndicator_Onto.png' error.
[2021.09.29-18.55.08:903][  0]LogSlate: Could not find file for Slate resource: ../../../Engine/Content/Editor/Slate/Niagara/Common/DropZoneIndicator_Onto.png
[2021.09.29-18.55.08:903][  0]LogStreaming: Warning: Failed to read file '../../../Engine/Content/Editor/Slate/Niagara/Common/DropZoneIndicator_Below.png' error.
[2021.09.29-18.55.08:903][  0]LogSlate: Could not find file for Slate resource: ../../../Engine/Content/Editor/Slate/Niagara/Common/DropZoneIndicator_Below.png
[2021.09.29-18.55.08:903][  0]LogStreaming: Warning: Failed to read file '../../../Engine/Content/Editor/Slate/Niagara/Common/RoundedSelection_16x.png' error.
[2021.09.29-18.55.08:903][  0]LogSlate: Could not find file for Slate resource: ../../../Engine/Content/Editor/Slate/Niagara/Common/RoundedSelection_16x.png
[2021.09.29-18.55.08:903][  0]LogStreaming: Warning: Failed to read file '../../../Engine/Content/Editor/Slate/Niagara/Common/FlatButton.png' error.
[2021.09.29-18.55.08:903][  0]LogSlate: Could not find file for Slate resource: ../../../Engine/Content/Editor/Slate/Niagara/Common/FlatButton.png
[2021.09.29-18.55.08:903][  0]LogImageWrapper: Warning: PNG Warning: Duplicate iCCP chunk
[2021.09.29-18.55.09:099][  0]LogPython: Using Python 3.7.7
[2021.09.29-18.55.09:769][  0]LogUdpMessaging: Initializing bridge on interface 0.0.0.0:0 to multicast group 230.0.0.1:6666.
[2021.09.29-18.55.09:787][  0]LogTcpMessaging: Initializing TcpMessaging bridge
[2021.09.29-18.55.10:350][  0]SourceControl: Source control is disabled
[2021.09.29-18.55.10:350][  0]SourceControl: Source control is disabled
[2021.09.29-18.55.10:359][  0]SourceControl: Source control is disabled
[2021.09.29-18.55.10:368][  0]SourceControl: Source control is disabled
[2021.09.29-18.55.10:399][  0]SourceControl: Source control is disabled
[2021.09.29-18.55.10:418][  0]LogUProjectInfo: Found projects:
[2021.09.29-18.55.10:799][  0]LogOpenImageDenoise: OIDN starting up
[2021.09.29-18.55.10:894][  0]LogAndroidPermission: UAndroidPermissionCallbackProxy::GetInstance
[2021.09.29-18.55.10:958][  0]LogAudioCaptureCore: Display: No Audio Capture implementations found. Audio input will be silent.
[2021.09.29-18.55.10:958][  0]LogAudioCaptureCore: Display: No Audio Capture implementations found. Audio input will be silent.
[2021.09.29-18.55.11:278][  0]LogOcInput: OculusInput pre-init called
[2021.09.29-18.55.11:455][  0]LogStreaming: Warning: Failed to read file '../../../Engine/Content/Editor/Slate/Niagara/MenuSeparator.png' error.
[2021.09.29-18.55.11:455][  0]LogSlate: Could not find file for Slate resource: ../../../Engine/Content/Editor/Slate/Niagara/MenuSeparator.png
[2021.09.29-18.55.11:455][  0]LogStreaming: Warning: Failed to read file '../../../Engine/Content/Editor/Slate/Niagara/Common/Selector.png' error.
[2021.09.29-18.55.11:455][  0]LogSlate: Could not find file for Slate resource: ../../../Engine/Content/Editor/Slate/Niagara/Common/Selector.png
[2021.09.29-18.55.11:455][  0]LogStreaming: Warning: Failed to read file '../../../Engine/Content/Editor/Slate/Niagara/Common/Selection.png' error.
[2021.09.29-18.55.11:455][  0]LogSlate: Could not find file for Slate resource: ../../../Engine/Content/Editor/Slate/Niagara/Common/Selection.png
[2021.09.29-18.55.11:455][  0]LogStreaming: Warning: Failed to read file '../../../Engine/Content/Editor/Slate/Niagara/Common/DropZoneIndicator_Above.png' error.
[2021.09.29-18.55.11:455][  0]LogStreaming: Warning: Failed to read file '../../../Engine/Content/Editor/Slate/Niagara/Common/DropZoneIndicator_Onto.png' error.
[2021.09.29-18.55.11:455][  0]LogSlate: Could not find file for Slate resource: ../../../Engine/Content/Editor/Slate/Niagara/Common/DropZoneIndicator_Onto.png
[2021.09.29-18.55.11:455][  0]LogSlate: Could not find file for Slate resource: ../../../Engine/Content/Editor/Slate/Niagara/Common/DropZoneIndicator_Above.png
[2021.09.29-18.55.11:506][  0]LogStreaming: Warning: Failed to read file '../../../Engine/Content/Editor/Slate/Niagara/Common/DropZoneIndicator_Below.png' error.
[2021.09.29-18.55.11:506][  0]LogSlate: Could not find file for Slate resource: ../../../Engine/Content/Editor/Slate/Niagara/Common/DropZoneIndicator_Below.png
[2021.09.29-18.55.11:506][  0]LogStreaming: Warning: Failed to read file '../../../Engine/Content/Editor/Slate/Niagara/Common/RoundedSelection_16x.png' error.
[2021.09.29-18.55.11:506][  0]LogSlate: Could not find file for Slate resource: ../../../Engine/Content/Editor/Slate/Niagara/Common/RoundedSelection_16x.png
[2021.09.29-18.55.11:506][  0]LogStreaming: Warning: Failed to read file '../../../Engine/Content/Editor/Slate/Niagara/Common/FlatButton.png' error.
[2021.09.29-18.55.11:506][  0]LogSlate: Could not find file for Slate resource: ../../../Engine/Content/Editor/Slate/Niagara/Common/FlatButton.png
[2021.09.29-18.55.11:506][  0]LogImageWrapper: Warning: PNG Warning: Duplicate iCCP chunk
[2021.09.29-18.55.11:506][  0]LogImageWrapper: Warning: PNG Warning: Duplicate iCCP chunk
[2021.09.29-18.55.11:506][  0]LogCollectionManager: Loaded 0 collections in 0.002885 seconds
[2021.09.29-18.55.11:601][  0]LogFileCache: Scanning file cache for directory 'C:/Users/Owner/Documents/GitHub/225-NPC/NPC/Saved/Collections/' took 0.00s
[2021.09.29-18.55.11:601][  0]LogFileCache: Scanning file cache for directory 'C:/Users/Owner/Documents/GitHub/225-NPC/NPC/Content/Developers/Owner/Collections/' took 0.00s
[2021.09.29-18.55.11:601][  0]LogFileCache: Scanning file cache for directory 'C:/Users/Owner/Documents/GitHub/225-NPC/NPC/Content/Collections/' took 0.00s
[2021.09.29-18.55.11:601][  0]LogEngine: Initializing Engine...
[2021.09.29-18.55.11:605][  0]LogHMD: Failed to enumerate extensions. Please check that you have a valid OpenXR runtime installed.
[2021.09.29-18.55.11:605][  0]LogHMD: Failed to initialize OpenVR with code 110
[2021.09.29-18.55.11:605][  0]LogMagicLeap: Warning: VR disabled because ZI is not enabled.  To enable, in the editor, Edit -> Project Settings -> Plugins -> Magic Leap Plugin -> Enable Zero Iteration
[2021.09.29-18.55.11:606][  0]LogStats: UGameplayTagsManager::InitializeManager -  0.000 s
[2021.09.29-18.55.11:741][  0]LogInit: Initializing FReadOnlyCVARCache
[2021.09.29-18.55.11:757][  0]LogAIModule: Creating AISystem for world Untitled
[2021.09.29-18.55.11:792][  0]LogAudio: Display: Initializing Audio Device Manager...
[2021.09.29-18.55.11:797][  0]LogAudio: Display: Loading Default Audio Settings Objects...
[2021.09.29-18.55.11:798][  0]LogAudio: Display: No default SoundConcurrencyObject specified (or failed to load).
[2021.09.29-18.55.11:799][  0]LogAudio: Display: Audio Device Manager Initialized
[2021.09.29-18.55.11:799][  0]LogAudio: Display: Creating Audio Device:                 Id: 1, Scope: Shared, Realtime: True
[2021.09.29-18.55.11:799][  0]LogAudioMixer: Display: Audio Mixer Platform Settings:
[2021.09.29-18.55.11:799][  0]LogAudioMixer: Display: 	Sample Rate:						  48000
[2021.09.29-18.55.11:799][  0]LogAudioMixer: Display: 	Callback Buffer Frame Size Requested: 1024
[2021.09.29-18.55.11:799][  0]LogAudioMixer: Display: 	Callback Buffer Frame Size To Use:	  1024
[2021.09.29-18.55.11:799][  0]LogAudioMixer: Display: 	Number of buffers to queue:			  2
[2021.09.29-18.55.11:799][  0]LogAudioMixer: Display: 	Max Channels (voices):				  32
[2021.09.29-18.55.11:799][  0]LogAudioMixer: Display: 	Number of Async Source Workers:		  0
[2021.09.29-18.55.11:799][  0]LogAudio: Display: AudioDevice MaxSources: 32
[2021.09.29-18.55.11:799][  0]LogAudio: Display: Audio Spatialization Plugin: None (built-in).
[2021.09.29-18.55.11:799][  0]LogAudio: Display: Audio Reverb Plugin: None (built-in).
[2021.09.29-18.55.11:799][  0]LogAudio: Display: Audio Occlusion Plugin: None (built-in).
[2021.09.29-18.55.11:799][  0]LogAudioMixer: Display: Initializing audio mixer.
[2021.09.29-18.55.11:846][  0]LogAudioMixer: Display: 0: FrontLeft
[2021.09.29-18.55.11:846][  0]LogAudioMixer: Display: 1: FrontRight
[2021.09.29-18.55.12:613][  0]LogAudioMixer: Display: Using Audio Device Speaker / Headphone (Realtek(R) Audio)
[2021.09.29-18.55.12:617][  0]LogAudioMixer: Display: Initializing Sound Submixes...
[2021.09.29-18.55.12:619][  0]LogAudioMixer: Display: Creating Master Submix 'MasterSubmixDefault'
[2021.09.29-18.55.12:619][  0]LogAudioMixer: Display: Creating Master Submix 'MasterReverbSubmixDefault'
[2021.09.29-18.55.12:620][  0]LogAudioMixer: Display: Creating Master Submix 'MasterEQSubmixDefault'
[2021.09.29-18.55.12:620][  0]LogAudioMixer: FMixerPlatformXAudio2::StartAudioStream() called
[2021.09.29-18.55.12:620][  0]LogAudioMixer: Display: Output buffers initialized: Frames=1024, Channels=2, Samples=2048
[2021.09.29-18.55.12:621][  0]LogAudioMixer: Display: Starting AudioMixerPlatformInterface::RunInternal()
[2021.09.29-18.55.12:621][  0]LogAudioMixer: Display: FMixerPlatformXAudio2::SubmitBuffer() called for the first time
[2021.09.29-18.55.12:621][  0]LogInit: FAudioDevice initialized.
[2021.09.29-18.55.12:621][  0]LogAudio: Display: Audio Device (ID: 1) registered with world 'Untitled'.
[2021.09.29-18.55.12:621][  0]LogNetVersion: Set ProjectVersion to 1.0.0.0. Version Checksum will be recalculated on next use.
[2021.09.29-18.55.13:075][  0]LogDerivedDataCache: Saved boot cache 0.45s 95MB C:/Users/Owner/AppData/Local/UnrealEngine/4.27/DerivedDataCache/Boot.ddc.
[2021.09.29-18.55.13:076][  0]LogInit: Texture streaming: Enabled
[2021.09.29-18.55.13:117][  0]LogAnalytics: Display: [UEEditor.Rocket.Release] APIServer = https://datarouter.ol.epicgames.com/. AppVersion = 4.27.0-17155196+++UE4+Release-4.27
[2021.09.29-18.55.13:131][  0]LogEngineSessionManager: EngineSessionManager initialized
[2021.09.29-18.55.13:131][  0]LogEditorSessionSummary: Verbose: Initializing EditorSessionSummaryWriter for editor session tracking
[2021.09.29-18.55.13:140][  0]LogEditorSessionSummary: EditorSessionSummaryWriter initialized
[2021.09.29-18.55.13:175][  0]LogInit: Transaction tracking system initialized
[2021.09.29-18.55.13:223][  0]BlueprintLog: New page: Editor Load
[2021.09.29-18.55.13:407][  0]LocalizationService: Localization service is disabled
[2021.09.29-18.55.13:482][  0]TimingProfiler: Initialize
[2021.09.29-18.55.13:483][  0]TimingProfiler: OnSessionChanged
[2021.09.29-18.55.13:484][  0]LoadingProfiler: Initialize
[2021.09.29-18.55.13:484][  0]LoadingProfiler: OnSessionChanged
[2021.09.29-18.55.13:484][  0]NetworkingProfiler: Initialize
[2021.09.29-18.55.13:484][  0]NetworkingProfiler: OnSessionChanged
[2021.09.29-18.55.13:484][  0]MemoryProfiler: Initialize
[2021.09.29-18.55.13:484][  0]MemoryProfiler: OnSessionChanged
[2021.09.29-18.55.13:729][  0]LogCook: Display: CookSettings for Memory: MemoryMaxUsedVirtual 0MiB, MemoryMaxUsedPhysical 16384MiB, MemoryMinFreeVirtual 0MiB, MemoryMinFreePhysical 1024MiB
[2021.09.29-18.55.13:729][  0]LogCook: Display: Mobile HDR setting 1
[2021.09.29-18.55.13:818][  0]LogFileCache: Scanning file cache for directory 'C:/Users/Owner/Documents/GitHub/225-NPC/NPC/Content/' took 0.00s
[2021.09.29-18.55.14:208][  0]LogStreaming: Warning: Failed to read file '../../../Engine/Content/Editor/Slate/Niagara/MenuSeparator.png' error.
[2021.09.29-18.55.14:208][  0]LogSlate: Could not find file for Slate resource: ../../../Engine/Content/Editor/Slate/Niagara/MenuSeparator.png
[2021.09.29-18.55.14:208][  0]LogStreaming: Warning: Failed to read file '../../../Engine/Content/Editor/Slate/Niagara/Common/Selector.png' error.
[2021.09.29-18.55.14:208][  0]LogSlate: Could not find file for Slate resource: ../../../Engine/Content/Editor/Slate/Niagara/Common/Selector.png
[2021.09.29-18.55.14:208][  0]LogStreaming: Warning: Failed to read file '../../../Engine/Content/Editor/Slate/Niagara/Common/Selection.png' error.
[2021.09.29-18.55.14:208][  0]LogSlate: Could not find file for Slate resource: ../../../Engine/Content/Editor/Slate/Niagara/Common/Selection.png
[2021.09.29-18.55.14:208][  0]LogStreaming: Warning: Failed to read file '../../../Engine/Content/Editor/Slate/Niagara/Common/DropZoneIndicator_Above.png' error.
[2021.09.29-18.55.14:208][  0]LogSlate: Could not find file for Slate resource: ../../../Engine/Content/Editor/Slate/Niagara/Common/DropZoneIndicator_Above.png
[2021.09.29-18.55.14:208][  0]LogStreaming: Warning: Failed to read file '../../../Engine/Content/Editor/Slate/Niagara/Common/DropZoneIndicator_Onto.png' error.
[2021.09.29-18.55.14:208][  0]LogSlate: Could not find file for Slate resource: ../../../Engine/Content/Editor/Slate/Niagara/Common/DropZoneIndicator_Onto.png
[2021.09.29-18.55.14:208][  0]LogStreaming: Warning: Failed to read file '../../../Engine/Content/Editor/Slate/Niagara/Common/DropZoneIndicator_Below.png' error.
[2021.09.29-18.55.14:208][  0]LogSlate: Could not find file for Slate resource: ../../../Engine/Content/Editor/Slate/Niagara/Common/DropZoneIndicator_Below.png
[2021.09.29-18.55.14:208][  0]LogStreaming: Warning: Failed to read file '../../../Engine/Content/Editor/Slate/Niagara/Common/RoundedSelection_16x.png' error.
[2021.09.29-18.55.14:208][  0]LogSlate: Could not find file for Slate resource: ../../../Engine/Content/Editor/Slate/Niagara/Common/RoundedSelection_16x.png
[2021.09.29-18.55.14:208][  0]LogStreaming: Warning: Failed to read file '../../../Engine/Content/Editor/Slate/Niagara/Common/FlatButton.png' error.
[2021.09.29-18.55.14:208][  0]LogSlate: Could not find file for Slate resource: ../../../Engine/Content/Editor/Slate/Niagara/Common/FlatButton.png
[2021.09.29-18.55.14:208][  0]LogImageWrapper: Warning: PNG Warning: Duplicate iCCP chunk
[2021.09.29-18.55.14:208][  0]LogImageWrapper: Warning: PNG Warning: Duplicate iCCP chunk
[2021.09.29-18.55.14:208][  0]LogInit: Display: Engine is initialized. Leaving FEngineLoop::Init()
[2021.09.29-18.55.14:212][  0]SourceControl: Source control is disabled
[2021.09.29-18.55.14:379][  0]LogSlate: Took 0.000312 seconds to synchronously load lazily loaded font '../../../Engine/Content/Slate/Fonts/Roboto-Regular.ttf' (155K)
[2021.09.29-18.55.17:539][  0]LogSlate: Window 'Restore Packages' being destroyed
[2021.09.29-18.55.17:541][  0]LogWindowsTextInputMethodSystem: Display: IME system deactivated.
[2021.09.29-18.55.17:597][  0]LogUnrealEdMisc: Loading editor; pre map load, took 14.155
[2021.09.29-18.55.17:598][  0]Cmd: MAP LOAD FILE="../../../../../../Users/Owner/Documents/GitHub/225-NPC/NPC/Content/ThirdPersonBP/Maps/ThirdPersonExampleMap.umap" TEMPLATE=0 SHOWPROGRESS=1 FEATURELEVEL=3
[2021.09.29-18.55.17:600][  0]LightingResults: New page: Lighting Build
[2021.09.29-18.55.17:606][  0]LogWorld: UWorld::CleanupWorld for Untitled, bSessionEnded=true, bCleanupResources=true
[2021.09.29-18.55.17:606][  0]LogSlate: InvalidateAllWidgets triggered.  All widgets were invalidated
[2021.09.29-18.55.17:607][  0]MapCheck: New page: Map Check
[2021.09.29-18.55.17:607][  0]LightingResults: New page: Lighting Build
[2021.09.29-18.55.17:617][  0]LogAudio: Display: Audio Device unregistered from world 'None'.
[2021.09.29-18.55.17:626][  0]LogUObjectHash: Compacting FUObjectHashTables data took   2.52ms
[2021.09.29-18.55.17:778][  0]LogLinker: Warning: [AssetLog] C:\Users\Owner\Documents\GitHub\225-NPC\NPC\Content\ThirdPersonBP\Maps\ThirdPersonExampleMap.umap: Failed to load '/Game/ThirdPersonBP/Maps/ThirdPersonExampleMap_BuiltData': Can't find file.
[2021.09.29-18.55.17:779][  0]LogLinker: Warning: [AssetLog] C:\Users\Owner\Documents\GitHub\225-NPC\NPC\Content\ThirdPersonBP\Maps\ThirdPersonExampleMap.umap: Failed to load '/Game/ThirdPersonBP/Maps/ThirdPersonExampleMap_BuiltData': Can't find file.
[2021.09.29-18.55.17:785][  0]LogLinker: Warning: [AssetLog] C:\Users\Owner\Documents\GitHub\225-NPC\NPC\Content\ThirdPersonBP\Maps\ThirdPersonExampleMap.umap: Failed to load '/Game/ThirdPersonBP/Maps/ThirdPersonExampleMap_BuiltData': Can't find file.
[2021.09.29-18.55.17:787][  0]LogLinker: Warning: Failed to load '/Game/ThirdPersonBP/Maps/ThirdPersonExampleMap_BuiltData': Can't find file.
[2021.09.29-18.55.17:787][  0]LogLinker: Warning: Failed to load '/Game/ThirdPersonBP/Maps/ThirdPersonExampleMap_BuiltData': Can't find file.
[2021.09.29-18.55.17:795][  0]LogLinker: Warning: [AssetLog] C:\Users\Owner\Documents\GitHub\225-NPC\NPC\Content\ThirdPersonBP\Maps\ThirdPersonExampleMap.umap: Failed to load '/Game/ThirdPersonBP/Maps/ThirdPersonExampleMap_BuiltData': Can't find file.
[2021.09.29-18.55.17:795][  0]LoadErrors: Failed to load /Game/ThirdPersonBP/Maps/ThirdPersonExampleMap_BuiltData.ThirdPersonExampleMap_BuiltData Referenced by PersistentLevel
[2021.09.29-18.55.18:093][  0]LogAudio: Display: Audio Device (ID: 1) registered with world 'ThirdPersonExampleMap'.
[2021.09.29-18.55.18:093][  0]LogAIModule: Creating AISystem for world ThirdPersonExampleMap
[2021.09.29-18.55.18:103][  0]LogEditorServer: Finished looking for orphan Actors (0.000 secs)
[2021.09.29-18.55.18:125][  0]LogUObjectHash: Compacting FUObjectHashTables data took   1.32ms
[2021.09.29-18.55.18:126][  0]Cmd: MAP CHECKDEP NOCLEARLOG
[2021.09.29-18.55.18:126][  0]MapCheck: Map check complete: 0 Error(s), 0 Warning(s), took 0.263ms to complete.
[2021.09.29-18.55.18:126][  0]LogFileHelpers: Loading map 'ThirdPersonExampleMap' took 0.528
[2021.09.29-18.55.18:129][  0]LogUnrealEdMisc: Total Editor Startup Time, took 14.686
[2021.09.29-18.55.18:156][  0]LogWindowsTextInputMethodSystem: Display: IME system deactivated.
[2021.09.29-18.55.18:226][  0]LogSlate: Updating window title bar state: overlay mode, drag disabled, window buttons hidden, title bar hidden
[2021.09.29-18.55.18:237][  0]LogSlate: Updating window title bar state: overlay mode, drag disabled, window buttons hidden, title bar hidden
[2021.09.29-18.55.18:245][  0]LogSlate: Updating window title bar state: overlay mode, drag disabled, window buttons hidden, title bar hidden
[2021.09.29-18.55.18:257][  0]LogSlate: Updating window title bar state: overlay mode, drag disabled, window buttons hidden, title bar hidden
[2021.09.29-18.55.18:285][  0]LogNativeClassHierarchy: Verbose: Native class hierarchy populated in 0.0206 seconds. Added 3822 classes and 928 folders.
[2021.09.29-18.55.18:290][  0]LogNativeClassHierarchy: Verbose: Native class hierarchy updated for 'WidgetCarousel' in 0.0007 seconds. Added 0 classes and 0 folders.
[2021.09.29-18.55.18:292][  0]LogPakFile: PakFile PrimaryIndexSize=187
[2021.09.29-18.55.18:292][  0]LogPakFile: PakFile PathHashIndexSize=101
[2021.09.29-18.55.18:292][  0]LogPakFile: PakFile FullDirectoryIndexSize=148
[2021.09.29-18.55.18:293][  0]LogShaderLibrary: Display: ShaderCodeLibraryPakFileMountedCallback: PakFile 'C:/Program Files/Epic Games/UE_4.27/FeaturePacks/FP_FirstPerson.upack' (chunk index -1, root 'root:/') mounted
[2021.09.29-18.55.18:293][  0]LogShaderLibrary: Display: ShaderCodeLibraryPakFileMountedCallback: pending pak file info (ChunkID:-1 Root:root:/ File:C:/Program Files/Epic Games/UE_4.27/FeaturePacks/FP_FirstPerson.upack)
[2021.09.29-18.55.18:293][  0]LogPakFile: OnPakFileMounted2Time == 0.000101
[2021.09.29-18.55.18:294][  0]LogPakFile: PakFile PrimaryIndexSize=189
[2021.09.29-18.55.18:294][  0]LogPakFile: PakFile PathHashIndexSize=101
[2021.09.29-18.55.18:294][  0]LogPakFile: PakFile FullDirectoryIndexSize=152
[2021.09.29-18.55.18:294][  0]LogShaderLibrary: Display: ShaderCodeLibraryPakFileMountedCallback: PakFile 'C:/Program Files/Epic Games/UE_4.27/FeaturePacks/FP_FirstPersonBP.upack' (chunk index -1, root 'root:/') mounted
[2021.09.29-18.55.18:294][  0]LogShaderLibrary: Display: ShaderCodeLibraryPakFileMountedCallback: pending pak file info (ChunkID:-1 Root:root:/ File:C:/Program Files/Epic Games/UE_4.27/FeaturePacks/FP_FirstPersonBP.upack)
[2021.09.29-18.55.18:294][  0]LogPakFile: OnPakFileMounted2Time == 0.000069
[2021.09.29-18.55.18:295][  0]LogPakFile: PakFile PrimaryIndexSize=191
[2021.09.29-18.55.18:295][  0]LogPakFile: PakFile PathHashIndexSize=101
[2021.09.29-18.55.18:295][  0]LogPakFile: PakFile FullDirectoryIndexSize=160
[2021.09.29-18.55.18:295][  0]LogShaderLibrary: Display: ShaderCodeLibraryPakFileMountedCallback: PakFile 'C:/Program Files/Epic Games/UE_4.27/FeaturePacks/MobileStarterContent.upack' (chunk index -1, root 'root:/') mounted
[2021.09.29-18.55.18:295][  0]LogShaderLibrary: Display: ShaderCodeLibraryPakFileMountedCallback: pending pak file info (ChunkID:-1 Root:root:/ File:C:/Program Files/Epic Games/UE_4.27/FeaturePacks/MobileStarterContent.upack)
[2021.09.29-18.55.18:295][  0]LogPakFile: OnPakFileMounted2Time == 0.000058
[2021.09.29-18.55.18:296][  0]LogPakFile: PakFile PrimaryIndexSize=185
[2021.09.29-18.55.18:296][  0]LogPakFile: PakFile PathHashIndexSize=101
[2021.09.29-18.55.18:296][  0]LogPakFile: PakFile FullDirectoryIndexSize=148
[2021.09.29-18.55.18:296][  0]LogShaderLibrary: Display: ShaderCodeLibraryPakFileMountedCallback: PakFile 'C:/Program Files/Epic Games/UE_4.27/FeaturePacks/StarterContent.upack' (chunk index -1, root 'root:/') mounted
[2021.09.29-18.55.18:296][  0]LogShaderLibrary: Display: ShaderCodeLibraryPakFileMountedCallback: pending pak file info (ChunkID:-1 Root:root:/ File:C:/Program Files/Epic Games/UE_4.27/FeaturePacks/StarterContent.upack)
[2021.09.29-18.55.18:296][  0]LogPakFile: OnPakFileMounted2Time == 0.000064
[2021.09.29-18.55.18:296][  0]LogPakFile: PakFile PrimaryIndexSize=190
[2021.09.29-18.55.18:296][  0]LogPakFile: PakFile PathHashIndexSize=101
[2021.09.29-18.55.18:297][  0]LogPakFile: PakFile FullDirectoryIndexSize=154
[2021.09.29-18.55.18:297][  0]LogShaderLibrary: Display: ShaderCodeLibraryPakFileMountedCallback: PakFile 'C:/Program Files/Epic Games/UE_4.27/FeaturePacks/TP_2DSideScroller.upack' (chunk index -1, root 'root:/') mounted
[2021.09.29-18.55.18:297][  0]LogShaderLibrary: Display: ShaderCodeLibraryPakFileMountedCallback: pending pak file info (ChunkID:-1 Root:root:/ File:C:/Program Files/Epic Games/UE_4.27/FeaturePacks/TP_2DSideScroller.upack)
[2021.09.29-18.55.18:297][  0]LogPakFile: OnPakFileMounted2Time == 0.000054
[2021.09.29-18.55.18:297][  0]LogPakFile: PakFile PrimaryIndexSize=192
[2021.09.29-18.55.18:297][  0]LogPakFile: PakFile PathHashIndexSize=101
[2021.09.29-18.55.18:297][  0]LogPakFile: PakFile FullDirectoryIndexSize=158
[2021.09.29-18.55.18:297][  0]LogShaderLibrary: Display: ShaderCodeLibraryPakFileMountedCallback: PakFile 'C:/Program Files/Epic Games/UE_4.27/FeaturePacks/TP_2DSideScrollerBP.upack' (chunk index -1, root 'root:/') mounted
[2021.09.29-18.55.18:297][  0]LogShaderLibrary: Display: ShaderCodeLibraryPakFileMountedCallback: pending pak file info (ChunkID:-1 Root:root:/ File:C:/Program Files/Epic Games/UE_4.27/FeaturePacks/TP_2DSideScrollerBP.upack)
[2021.09.29-18.55.18:297][  0]LogPakFile: OnPakFileMounted2Time == 0.000067
[2021.09.29-18.55.18:298][  0]LogPakFile: PakFile PrimaryIndexSize=182
[2021.09.29-18.55.18:298][  0]LogPakFile: PakFile PathHashIndexSize=101
[2021.09.29-18.55.18:298][  0]LogPakFile: PakFile FullDirectoryIndexSize=138
[2021.09.29-18.55.18:298][  0]LogShaderLibrary: Display: ShaderCodeLibraryPakFileMountedCallback: PakFile 'C:/Program Files/Epic Games/UE_4.27/FeaturePacks/TP_Flying.upack' (chunk index -1, root 'root:/') mounted
[2021.09.29-18.55.18:298][  0]LogShaderLibrary: Display: ShaderCodeLibraryPakFileMountedCallback: pending pak file info (ChunkID:-1 Root:root:/ File:C:/Program Files/Epic Games/UE_4.27/FeaturePacks/TP_Flying.upack)
[2021.09.29-18.55.18:298][  0]LogPakFile: OnPakFileMounted2Time == 0.000075
[2021.09.29-18.55.18:300][  0]LogPakFile: PakFile PrimaryIndexSize=184
[2021.09.29-18.55.18:300][  0]LogPakFile: PakFile PathHashIndexSize=101
[2021.09.29-18.55.18:300][  0]LogPakFile: PakFile FullDirectoryIndexSize=142
[2021.09.29-18.55.18:300][  0]LogShaderLibrary: Display: ShaderCodeLibraryPakFileMountedCallback: PakFile 'C:/Program Files/Epic Games/UE_4.27/FeaturePacks/TP_FlyingBP.upack' (chunk index -1, root 'root:/') mounted
[2021.09.29-18.55.18:300][  0]LogShaderLibrary: Display: ShaderCodeLibraryPakFileMountedCallback: pending pak file info (ChunkID:-1 Root:root:/ File:C:/Program Files/Epic Games/UE_4.27/FeaturePacks/TP_FlyingBP.upack)
[2021.09.29-18.55.18:300][  0]LogPakFile: OnPakFileMounted2Time == 0.000115
[2021.09.29-18.55.18:301][  0]LogPakFile: PakFile PrimaryIndexSize=188
[2021.09.29-18.55.18:301][  0]LogPakFile: PakFile PathHashIndexSize=101
[2021.09.29-18.55.18:301][  0]LogPakFile: PakFile FullDirectoryIndexSize=150
[2021.09.29-18.55.18:301][  0]LogShaderLibrary: Display: ShaderCodeLibraryPakFileMountedCallback: PakFile 'C:/Program Files/Epic Games/UE_4.27/FeaturePacks/TP_HandheldARBP.upack' (chunk index -1, root 'root:/') mounted
[2021.09.29-18.55.18:302][  0]LogShaderLibrary: Display: ShaderCodeLibraryPakFileMountedCallback: pending pak file info (ChunkID:-1 Root:root:/ File:C:/Program Files/Epic Games/UE_4.27/FeaturePacks/TP_HandheldARBP.upack)
[2021.09.29-18.55.18:302][  0]LogPakFile: OnPakFileMounted2Time == 0.000112
[2021.09.29-18.55.18:303][  0]LogPakFile: PakFile PrimaryIndexSize=182
[2021.09.29-18.55.18:303][  0]LogPakFile: PakFile PathHashIndexSize=101
[2021.09.29-18.55.18:303][  0]LogPakFile: PakFile FullDirectoryIndexSize=138
[2021.09.29-18.55.18:303][  0]LogShaderLibrary: Display: ShaderCodeLibraryPakFileMountedCallback: PakFile 'C:/Program Files/Epic Games/UE_4.27/FeaturePacks/TP_Puzzle.upack' (chunk index -1, root 'root:/') mounted
[2021.09.29-18.55.18:303][  0]LogShaderLibrary: Display: ShaderCodeLibraryPakFileMountedCallback: pending pak file info (ChunkID:-1 Root:root:/ File:C:/Program Files/Epic Games/UE_4.27/FeaturePacks/TP_Puzzle.upack)
[2021.09.29-18.55.18:303][  0]LogPakFile: OnPakFileMounted2Time == 0.000108
[2021.09.29-18.55.18:304][  0]LogPakFile: PakFile PrimaryIndexSize=184
[2021.09.29-18.55.18:304][  0]LogPakFile: PakFile PathHashIndexSize=101
[2021.09.29-18.55.18:304][  0]LogPakFile: PakFile FullDirectoryIndexSize=142
[2021.09.29-18.55.18:304][  0]LogShaderLibrary: Display: ShaderCodeLibraryPakFileMountedCallback: PakFile 'C:/Program Files/Epic Games/UE_4.27/FeaturePacks/TP_PuzzleBP.upack' (chunk index -1, root 'root:/') mounted
[2021.09.29-18.55.18:304][  0]LogShaderLibrary: Display: ShaderCodeLibraryPakFileMountedCallback: pending pak file info (ChunkID:-1 Root:root:/ File:C:/Program Files/Epic Games/UE_4.27/FeaturePacks/TP_PuzzleBP.upack)
[2021.09.29-18.55.18:304][  0]LogPakFile: OnPakFileMounted2Time == 0.000081
[2021.09.29-18.55.18:306][  0]LogPakFile: PakFile PrimaryIndexSize=183
[2021.09.29-18.55.18:306][  0]LogPakFile: PakFile PathHashIndexSize=101
[2021.09.29-18.55.18:306][  0]LogPakFile: PakFile FullDirectoryIndexSize=140
[2021.09.29-18.55.18:306][  0]LogShaderLibrary: Display: ShaderCodeLibraryPakFileMountedCallback: PakFile 'C:/Program Files/Epic Games/UE_4.27/FeaturePacks/TP_Rolling.upack' (chunk index -1, root 'root:/') mounted
[2021.09.29-18.55.18:306][  0]LogShaderLibrary: Display: ShaderCodeLibraryPakFileMountedCallback: pending pak file info (ChunkID:-1 Root:root:/ File:C:/Program Files/Epic Games/UE_4.27/FeaturePacks/TP_Rolling.upack)
[2021.09.29-18.55.18:306][  0]LogPakFile: OnPakFileMounted2Time == 0.000094
[2021.09.29-18.55.18:307][  0]LogPakFile: PakFile PrimaryIndexSize=185
[2021.09.29-18.55.18:307][  0]LogPakFile: PakFile PathHashIndexSize=101
[2021.09.29-18.55.18:307][  0]LogPakFile: PakFile FullDirectoryIndexSize=144
[2021.09.29-18.55.18:307][  0]LogShaderLibrary: Display: ShaderCodeLibraryPakFileMountedCallback: PakFile 'C:/Program Files/Epic Games/UE_4.27/FeaturePacks/TP_RollingBP.upack' (chunk index -1, root 'root:/') mounted
[2021.09.29-18.55.18:307][  0]LogShaderLibrary: Display: ShaderCodeLibraryPakFileMountedCallback: pending pak file info (ChunkID:-1 Root:root:/ File:C:/Program Files/Epic Games/UE_4.27/FeaturePacks/TP_RollingBP.upack)
[2021.09.29-18.55.18:307][  0]LogPakFile: OnPakFileMounted2Time == 0.000049
[2021.09.29-18.55.18:308][  0]LogPakFile: PakFile PrimaryIndexSize=188
[2021.09.29-18.55.18:308][  0]LogPakFile: PakFile PathHashIndexSize=101
[2021.09.29-18.55.18:309][  0]LogPakFile: PakFile FullDirectoryIndexSize=150
[2021.09.29-18.55.18:309][  0]LogShaderLibrary: Display: ShaderCodeLibraryPakFileMountedCallback: PakFile 'C:/Program Files/Epic Games/UE_4.27/FeaturePacks/TP_SideScroller.upack' (chunk index -1, root 'root:/') mounted
[2021.09.29-18.55.18:309][  0]LogShaderLibrary: Display: ShaderCodeLibraryPakFileMountedCallback: pending pak file info (ChunkID:-1 Root:root:/ File:C:/Program Files/Epic Games/UE_4.27/FeaturePacks/TP_SideScroller.upack)
[2021.09.29-18.55.18:309][  0]LogPakFile: OnPakFileMounted2Time == 0.000057
[2021.09.29-18.55.18:309][  0]LogPakFile: PakFile PrimaryIndexSize=190
[2021.09.29-18.55.18:309][  0]LogPakFile: PakFile PathHashIndexSize=101
[2021.09.29-18.55.18:309][  0]LogPakFile: PakFile FullDirectoryIndexSize=154
[2021.09.29-18.55.18:310][  0]LogShaderLibrary: Display: ShaderCodeLibraryPakFileMountedCallback: PakFile 'C:/Program Files/Epic Games/UE_4.27/FeaturePacks/TP_SideScrollerBP.upack' (chunk index -1, root 'root:/') mounted
[2021.09.29-18.55.18:310][  0]LogShaderLibrary: Display: ShaderCodeLibraryPakFileMountedCallback: pending pak file info (ChunkID:-1 Root:root:/ File:C:/Program Files/Epic Games/UE_4.27/FeaturePacks/TP_SideScrollerBP.upack)
[2021.09.29-18.55.18:310][  0]LogPakFile: OnPakFileMounted2Time == 0.000095
[2021.09.29-18.55.18:311][  0]LogPakFile: PakFile PrimaryIndexSize=187
[2021.09.29-18.55.18:311][  0]LogPakFile: PakFile PathHashIndexSize=101
[2021.09.29-18.55.18:311][  0]LogPakFile: PakFile FullDirectoryIndexSize=148
[2021.09.29-18.55.18:311][  0]LogShaderLibrary: Display: ShaderCodeLibraryPakFileMountedCallback: PakFile 'C:/Program Files/Epic Games/UE_4.27/FeaturePacks/TP_ThirdPerson.upack' (chunk index -1, root 'root:/') mounted
[2021.09.29-18.55.18:311][  0]LogShaderLibrary: Display: ShaderCodeLibraryPakFileMountedCallback: pending pak file info (ChunkID:-1 Root:root:/ File:C:/Program Files/Epic Games/UE_4.27/FeaturePacks/TP_ThirdPerson.upack)
[2021.09.29-18.55.18:311][  0]LogPakFile: OnPakFileMounted2Time == 0.000056
[2021.09.29-18.55.18:312][  0]LogPakFile: PakFile PrimaryIndexSize=189
[2021.09.29-18.55.18:312][  0]LogPakFile: PakFile PathHashIndexSize=101
[2021.09.29-18.55.18:312][  0]LogPakFile: PakFile FullDirectoryIndexSize=152
[2021.09.29-18.55.18:312][  0]LogShaderLibrary: Display: ShaderCodeLibraryPakFileMountedCallback: PakFile 'C:/Program Files/Epic Games/UE_4.27/FeaturePacks/TP_ThirdPersonBP.upack' (chunk index -1, root 'root:/') mounted
[2021.09.29-18.55.18:312][  0]LogShaderLibrary: Display: ShaderCodeLibraryPakFileMountedCallback: pending pak file info (ChunkID:-1 Root:root:/ File:C:/Program Files/Epic Games/UE_4.27/FeaturePacks/TP_ThirdPersonBP.upack)
[2021.09.29-18.55.18:312][  0]LogPakFile: OnPakFileMounted2Time == 0.000060
[2021.09.29-18.55.18:313][  0]LogPakFile: PakFile PrimaryIndexSize=183
[2021.09.29-18.55.18:313][  0]LogPakFile: PakFile PathHashIndexSize=101
[2021.09.29-18.55.18:313][  0]LogPakFile: PakFile FullDirectoryIndexSize=140
[2021.09.29-18.55.18:313][  0]LogShaderLibrary: Display: ShaderCodeLibraryPakFileMountedCallback: PakFile 'C:/Program Files/Epic Games/UE_4.27/FeaturePacks/TP_TopDown.upack' (chunk index -1, root 'root:/') mounted
[2021.09.29-18.55.18:313][  0]LogShaderLibrary: Display: ShaderCodeLibraryPakFileMountedCallback: pending pak file info (ChunkID:-1 Root:root:/ File:C:/Program Files/Epic Games/UE_4.27/FeaturePacks/TP_TopDown.upack)
[2021.09.29-18.55.18:313][  0]LogPakFile: OnPakFileMounted2Time == 0.000074
[2021.09.29-18.55.18:314][  0]LogPakFile: PakFile PrimaryIndexSize=185
[2021.09.29-18.55.18:314][  0]LogPakFile: PakFile PathHashIndexSize=101
[2021.09.29-18.55.18:314][  0]LogPakFile: PakFile FullDirectoryIndexSize=144
[2021.09.29-18.55.18:314][  0]LogShaderLibrary: Display: ShaderCodeLibraryPakFileMountedCallback: PakFile 'C:/Program Files/Epic Games/UE_4.27/FeaturePacks/TP_TopDownBP.upack' (chunk index -1, root 'root:/') mounted
[2021.09.29-18.55.18:314][  0]LogShaderLibrary: Display: ShaderCodeLibraryPakFileMountedCallback: pending pak file info (ChunkID:-1 Root:root:/ File:C:/Program Files/Epic Games/UE_4.27/FeaturePacks/TP_TopDownBP.upack)
[2021.09.29-18.55.18:314][  0]LogPakFile: OnPakFileMounted2Time == 0.000059
[2021.09.29-18.55.18:315][  0]LogPakFile: PakFile PrimaryIndexSize=185
[2021.09.29-18.55.18:315][  0]LogPakFile: PakFile PathHashIndexSize=101
[2021.09.29-18.55.18:315][  0]LogPakFile: PakFile FullDirectoryIndexSize=144
[2021.09.29-18.55.18:315][  0]LogShaderLibrary: Display: ShaderCodeLibraryPakFileMountedCallback: PakFile 'C:/Program Files/Epic Games/UE_4.27/FeaturePacks/TP_TwinStick.upack' (chunk index -1, root 'root:/') mounted
[2021.09.29-18.55.18:315][  0]LogShaderLibrary: Display: ShaderCodeLibraryPakFileMountedCallback: pending pak file info (ChunkID:-1 Root:root:/ File:C:/Program Files/Epic Games/UE_4.27/FeaturePacks/TP_TwinStick.upack)
[2021.09.29-18.55.18:315][  0]LogPakFile: OnPakFileMounted2Time == 0.000053
[2021.09.29-18.55.18:316][  0]LogPakFile: PakFile PrimaryIndexSize=187
[2021.09.29-18.55.18:316][  0]LogPakFile: PakFile PathHashIndexSize=101
[2021.09.29-18.55.18:316][  0]LogPakFile: PakFile FullDirectoryIndexSize=148
[2021.09.29-18.55.18:316][  0]LogShaderLibrary: Display: ShaderCodeLibraryPakFileMountedCallback: PakFile 'C:/Program Files/Epic Games/UE_4.27/FeaturePacks/TP_TwinStickBP.upack' (chunk index -1, root 'root:/') mounted
[2021.09.29-18.55.18:316][  0]LogShaderLibrary: Display: ShaderCodeLibraryPakFileMountedCallback: pending pak file info (ChunkID:-1 Root:root:/ File:C:/Program Files/Epic Games/UE_4.27/FeaturePacks/TP_TwinStickBP.upack)
[2021.09.29-18.55.18:316][  0]LogPakFile: OnPakFileMounted2Time == 0.000105
[2021.09.29-18.55.18:317][  0]LogPakFile: PakFile PrimaryIndexSize=183
[2021.09.29-18.55.18:317][  0]LogPakFile: PakFile PathHashIndexSize=101
[2021.09.29-18.55.18:317][  0]LogPakFile: PakFile FullDirectoryIndexSize=140
[2021.09.29-18.55.18:317][  0]LogShaderLibrary: Display: ShaderCodeLibraryPakFileMountedCallback: PakFile 'C:/Program Files/Epic Games/UE_4.27/FeaturePacks/TP_Vehicle.upack' (chunk index -1, root 'root:/') mounted
[2021.09.29-18.55.18:317][  0]LogShaderLibrary: Display: ShaderCodeLibraryPakFileMountedCallback: pending pak file info (ChunkID:-1 Root:root:/ File:C:/Program Files/Epic Games/UE_4.27/FeaturePacks/TP_Vehicle.upack)
[2021.09.29-18.55.18:318][  0]LogPakFile: OnPakFileMounted2Time == 0.000113
[2021.09.29-18.55.18:319][  0]LogPakFile: PakFile PrimaryIndexSize=186
[2021.09.29-18.55.18:319][  0]LogPakFile: PakFile PathHashIndexSize=101
[2021.09.29-18.55.18:319][  0]LogPakFile: PakFile FullDirectoryIndexSize=146
[2021.09.29-18.55.18:319][  0]LogShaderLibrary: Display: ShaderCodeLibraryPakFileMountedCallback: PakFile 'C:/Program Files/Epic Games/UE_4.27/FeaturePacks/TP_VehicleAdv.upack' (chunk index -1, root 'root:/') mounted
[2021.09.29-18.55.18:320][  0]LogShaderLibrary: Display: ShaderCodeLibraryPakFileMountedCallback: pending pak file info (ChunkID:-1 Root:root:/ File:C:/Program Files/Epic Games/UE_4.27/FeaturePacks/TP_VehicleAdv.upack)
[2021.09.29-18.55.18:320][  0]LogPakFile: OnPakFileMounted2Time == 0.000126
[2021.09.29-18.55.18:321][  0]LogPakFile: PakFile PrimaryIndexSize=188
[2021.09.29-18.55.18:321][  0]LogPakFile: PakFile PathHashIndexSize=101
[2021.09.29-18.55.18:321][  0]LogPakFile: PakFile FullDirectoryIndexSize=150
[2021.09.29-18.55.18:321][  0]LogShaderLibrary: Display: ShaderCodeLibraryPakFileMountedCallback: PakFile 'C:/Program Files/Epic Games/UE_4.27/FeaturePacks/TP_VehicleAdvBP.upack' (chunk index -1, root 'root:/') mounted
[2021.09.29-18.55.18:322][  0]LogShaderLibrary: Display: ShaderCodeLibraryPakFileMountedCallback: pending pak file info (ChunkID:-1 Root:root:/ File:C:/Program Files/Epic Games/UE_4.27/FeaturePacks/TP_VehicleAdvBP.upack)
[2021.09.29-18.55.18:322][  0]LogPakFile: OnPakFileMounted2Time == 0.000111
[2021.09.29-18.55.18:323][  0]LogPakFile: PakFile PrimaryIndexSize=185
[2021.09.29-18.55.18:323][  0]LogPakFile: PakFile PathHashIndexSize=101
[2021.09.29-18.55.18:323][  0]LogPakFile: PakFile FullDirectoryIndexSize=144
[2021.09.29-18.55.18:323][  0]LogShaderLibrary: Display: ShaderCodeLibraryPakFileMountedCallback: PakFile 'C:/Program Files/Epic Games/UE_4.27/FeaturePacks/TP_VehicleBP.upack' (chunk index -1, root 'root:/') mounted
[2021.09.29-18.55.18:323][  0]LogShaderLibrary: Display: ShaderCodeLibraryPakFileMountedCallback: pending pak file info (ChunkID:-1 Root:root:/ File:C:/Program Files/Epic Games/UE_4.27/FeaturePacks/TP_VehicleBP.upack)
[2021.09.29-18.55.18:323][  0]LogPakFile: OnPakFileMounted2Time == 0.000066
[2021.09.29-18.55.18:324][  0]LogPakFile: PakFile PrimaryIndexSize=192
[2021.09.29-18.55.18:324][  0]LogPakFile: PakFile PathHashIndexSize=101
[2021.09.29-18.55.18:324][  0]LogPakFile: PakFile FullDirectoryIndexSize=158
[2021.09.29-18.55.18:324][  0]LogShaderLibrary: Display: ShaderCodeLibraryPakFileMountedCallback: PakFile 'C:/Program Files/Epic Games/UE_4.27/FeaturePacks/TP_VirtualRealityBP.upack' (chunk index -1, root 'root:/') mounted
[2021.09.29-18.55.18:324][  0]LogShaderLibrary: Display: ShaderCodeLibraryPakFileMountedCallback: pending pak file info (ChunkID:-1 Root:root:/ File:C:/Program Files/Epic Games/UE_4.27/FeaturePacks/TP_VirtualRealityBP.upack)
[2021.09.29-18.55.18:324][  0]LogPakFile: OnPakFileMounted2Time == 0.000064
[2021.09.29-18.55.18:411][  0]LogNativeClassHierarchy: Verbose: Native class hierarchy updated for 'AddContentDialog' in 0.0003 seconds. Added 0 classes and 0 folders.
[2021.09.29-18.55.18:412][  0]LogNativeClassHierarchy: Verbose: Native class hierarchy updated for 'SceneOutliner' in 0.0004 seconds. Added 2 classes and 0 folders.
[2021.09.29-18.55.18:500][  0]LogSlate: Took 0.000347 seconds to synchronously load lazily loaded font '../../../Engine/Content/Editor/Slate/Fonts/FontAwesome.ttf' (139K)
[2021.09.29-18.55.18:502][  0]LogSlate: Took 0.000667 seconds to synchronously load lazily loaded font '../../../Engine/Content/Slate/Fonts/Roboto-Bold.ttf' (160K)
[2021.09.29-18.55.18:587][  0]LogRenderer: Reallocating scene render targets to support 964x432 Format 10 NumSamples 1 (Frame:1).
[2021.09.29-18.55.18:812][  0]LogNativeClassHierarchy: Verbose: Native class hierarchy updated for 'HierarchicalLODOutliner' in 0.0004 seconds. Added 0 classes and 0 folders.
[2021.09.29-18.55.18:812][  0]LogInput: Warning: Action Jump uses invalid key OculusGo_Left_Trigger_Click.
[2021.09.29-18.55.18:812][  0]LogInput: Warning: Action ResetVR uses invalid key OculusGo_Left_Trackpad_Click.
[2021.09.29-18.55.18:812][  0]LogInput: Warning: Use -RemoveInvalidKeys to remove instances of these keys from the action mapping.
[2021.09.29-18.55.18:812][  0]LogLoad: (Engine Initialization) Total time: 15.37 seconds
[2021.09.29-18.55.18:812][  0]LogLoad: (Engine Initialization) Total Blueprint compile time: 0.00 seconds
[2021.09.29-18.55.18:867][  0]LogAssetRegistry: Asset discovery search completed in 11.1459 seconds
[2021.09.29-18.55.18:873][  0]LogCollectionManager: Fixed up redirectors for 0 collections in 0.000004 seconds (updated 0 objects)
[2021.09.29-18.55.18:875][  0]LogContentStreaming: Texture pool size now 1000 MB
[2021.09.29-18.55.18:896][  0]LogSlate: Took 0.000144 seconds to synchronously load lazily loaded font '../../../Engine/Content/Slate/Fonts/DroidSansMono.ttf' (77K)
[2021.09.29-18.55.19:300][  3]LogSlate: Took 0.000390 seconds to synchronously load lazily loaded font '../../../Engine/Content/Slate/Fonts/Roboto-Light.ttf' (167K)
[2021.09.29-18.56.26:960][332]LogActorFactory: Actor Factory created Cube
[2021.09.29-18.56.27:750][348]LogActorFactory: Actor Factory created Cube
[2021.09.29-18.56.45:469][880]LogSlate: Window 'Source Control Login' being destroyed
[2021.09.29-18.57.01:463][276]LogUObjectHash: Compacting FUObjectHashTables data took   1.88ms
[2021.09.29-18.57.07:112][276]LogSlate: Window 'Save Content' being destroyed
[2021.09.29-18.57.14:120][547]LogSlate: Window 'Message Log' being destroyed
[2021.09.29-18.57.14:133][547]LogSlate: Window 'Message Log' being destroyed
[2021.09.29-18.57.40:122][677]LogSlate: Took 0.000312 seconds to synchronously load lazily loaded font '../../../Engine/Content/Slate/Fonts/Roboto-Light.ttf' (167K)
[2021.09.29-18.57.40:173][677]LogUObjectHash: Compacting FUObjectHashTables data took   0.65ms
[2021.09.29-18.57.40:229][677]LogSavePackage: Moving '../../../../../../Users/Owner/Documents/GitHub/225-NPC/NPC/Saved/ThirdPersonExampleMap2FFD013C40889B7105940595553A5E14.tmp' to '../../../../../../Users/Owner/Documents/GitHub/225-NPC/NPC/Content/ThirdPersonBP/Maps/ThirdPersonExampleMap.umap'
[2021.09.29-18.57.40:259][677]AssetCheck: New page: Asset Save: ThirdPersonExampleMap
[2021.09.29-18.57.40:259][677]LogContentValidation: Display: Validating World /Game/ThirdPersonBP/Maps/ThirdPersonExampleMap.ThirdPersonExampleMap
