Log file open, 11/15/21 20:40:50
LogWindows: Failed to load 'aqProf.dll' (GetLastError=126)
LogWindows: File 'aqProf.dll' does not exist
LogWindows: Failed to load 'VtuneApi.dll' (GetLastError=126)
LogWindows: File 'VtuneApi.dll' does not exist
LogWindows: Failed to load 'VtuneApi32e.dll' (GetLastError=126)
LogWindows: File 'VtuneApi32e.dll' does not exist
LogConsoleResponse: Display: Failed to find resolution value strings in scalability ini. Falling back to default.
LogConsoleResponse: Display: Failed to find resolution value strings in scalability ini. Falling back to default.
LogInit: Display: Running engine for game: NPC
LogPlatformFile: Not using cached read wrapper
LogTaskGraph: Started task graph with 5 named threads and 23 total threads with 3 sets of task threads.
LogStats: Stats thread started at 0.791372
LogICUInternationalization: ICU TimeZone Detection - Raw Offset: -6:00, Platform Override: ''
LogInit: Display: Loading text-based GConfig....
LogPluginManager: Mounting plugin MeshPainting
LogPluginManager: Mounting plugin XGEController
LogPluginManager: Mounting plugin AISupport
LogPluginManager: Mounting plugin LightPropagationVolume
LogPluginManager: Mounting plugin Paper2D
LogPluginManager: Mounting plugin LiveLink
LogPluginManager: Mounting plugin EnvironmentQueryEditor
LogPluginManager: Mounting plugin OodleData
LogPluginManager: Mounting plugin CameraShakePreviewer
LogPluginManager: Mounting plugin GameplayCameras
LogPluginManager: Mounting plugin OodleNetwork
LogPluginManager: Mounting plugin AnimationSharing
LogPluginManager: Mounting plugin CLionSourceCodeAccess
LogPluginManager: Mounting plugin CodeLiteSourceCodeAccess
LogPluginManager: Mounting plugin GitSourceControl
LogPluginManager: Mounting plugin DatasmithContent
LogPluginManager: Mounting plugin KDevelopSourceCodeAccess
LogPluginManager: Mounting plugin PixWinPlugin
LogPluginManager: Mounting plugin NullSourceCodeAccess
LogPluginManager: Mounting plugin PerforceSourceControl
LogPluginManager: Mounting plugin PlasticSourceControl
LogPluginManager: Mounting plugin PluginUtils
LogPluginManager: Mounting plugin PropertyAccessNode
LogPluginManager: Mounting plugin RiderSourceCodeAccess
LogPluginManager: Mounting plugin SubversionSourceControl
LogPluginManager: Mounting plugin TextureFormatOodle
LogPluginManager: Mounting plugin UObjectPlugin
LogPluginManager: Mounting plugin VisualStudioCodeSourceCodeAccess
LogPluginManager: Mounting plugin VariantManagerContent
LogPluginManager: Mounting plugin VisualStudioSourceCodeAccess
LogPluginManager: Mounting plugin AssetManagerEditor
LogPluginManager: Mounting plugin Niagara
LogPluginManager: Mounting plugin XCodeSourceCodeAccess
LogPluginManager: Mounting plugin CryptoKeys
LogPluginManager: Mounting plugin CurveEditorTools
LogPluginManager: Mounting plugin DataValidation
LogPluginManager: Mounting plugin GameplayTagsEditor
LogPluginManager: Mounting plugin MacGraphicsSwitching
LogPluginManager: Mounting plugin FacialAnimation
LogPluginManager: Mounting plugin MaterialAnalyzer
LogPluginManager: Mounting plugin GeometryMode
LogPluginManager: Mounting plugin MobileLauncherProfileWizard
LogPluginManager: Mounting plugin PluginBrowser
LogPluginManager: Mounting plugin SpeedTreeImporter
LogPluginManager: Mounting plugin MagicLeap
LogPluginManager: Mounting plugin LuminPlatformFeatures
LogPluginManager: Mounting plugin MagicLeapLightEstimation
LogPluginManager: Mounting plugin MagicLeapMedia
LogPluginManager: Mounting plugin MagicLeapPassableWorld
LogPluginManager: Mounting plugin MLSDK
LogPluginManager: Mounting plugin TcpMessaging
LogPluginManager: Mounting plugin ActorSequence
LogPluginManager: Mounting plugin UdpMessaging
LogPluginManager: Mounting plugin MatineeToLevelSequence
LogPluginManager: Mounting plugin LevelSequenceEditor
LogPluginManager: Mounting plugin TemplateSequence
LogPluginManager: Mounting plugin AndroidMedia
LogPluginManager: Mounting plugin AvfMedia
LogPluginManager: Mounting plugin ImgMedia
LogPluginManager: Mounting plugin MediaCompositing
LogPluginManager: Mounting plugin MediaPlayerEditor
LogPluginManager: Mounting plugin WmfMedia
LogPluginManager: Mounting plugin WebMMedia
LogPluginManager: Mounting plugin OnlineSubsystem
LogPluginManager: Mounting plugin OnlineSubsystemNull
LogPluginManager: Mounting plugin OnlineSubsystemUtils
LogPluginManager: Mounting plugin LauncherChunkInstaller
LogPluginManager: Mounting plugin AutomationUtils
LogPluginManager: Mounting plugin AlembicImporter
LogPluginManager: Mounting plugin BackChannel
LogPluginManager: Mounting plugin ChaosEditor
LogPluginManager: Mounting plugin ChaosClothEditor
LogPluginManager: Mounting plugin ChaosCloth
LogPluginManager: Mounting plugin ChaosNiagara
LogPluginManager: Mounting plugin ChaosSolverPlugin
LogPluginManager: Mounting plugin CharacterAI
LogPluginManager: Mounting plugin GeometryCache
LogPluginManager: Mounting plugin GeometryCollectionPlugin
LogPluginManager: Mounting plugin ScreenshotTools
LogPluginManager: Mounting plugin Takes
LogPluginManager: Mounting plugin GeometryProcessing
LogPluginManager: Mounting plugin MotoSynth
LogPluginManager: Mounting plugin PlanarCut
LogPluginManager: Mounting plugin OpenImageDenoise
LogPluginManager: Mounting plugin PlatformCrypto
LogPluginManager: Mounting plugin PythonScriptPlugin
LogPluginManager: Mounting plugin ProxyLODPlugin
LogPluginManager: Mounting plugin ActorLayerUtilities
LogPluginManager: Mounting plugin AndroidDeviceProfileSelector
LogPluginManager: Mounting plugin AndroidMoviePlayer
LogPluginManager: Mounting plugin AndroidPermission
LogPluginManager: Mounting plugin AppleImageUtils
LogPluginManager: Mounting plugin AppleMoviePlayer
LogPluginManager: Mounting plugin ArchVisCharacter
LogPluginManager: Mounting plugin AssetTags
LogPluginManager: Mounting plugin AudioCapture
LogPluginManager: Mounting plugin AudioSynesthesia
LogPluginManager: Mounting plugin CustomMeshComponent
LogPluginManager: Mounting plugin CableComponent
LogPluginManager: Mounting plugin ChunkDownloader
LogPluginManager: Mounting plugin ExampleDeviceProfileSelector
LogPluginManager: Mounting plugin EditableMesh
LogPluginManager: Mounting plugin GooglePAD
LogPluginManager: Mounting plugin GoogleCloudMessaging
LogPluginManager: Mounting plugin SkeletalReduction
LogPluginManager: Mounting plugin IOSDeviceProfileSelector
LogPluginManager: Mounting plugin LocationServicesBPLibrary
LogPluginManager: Mounting plugin LinuxDeviceProfileSelector
LogPluginManager: Mounting plugin MobilePatchingUtils
LogPluginManager: Mounting plugin OpenXREyeTracker
LogPluginManager: Mounting plugin OpenXR
LogPluginManager: Mounting plugin OpenXRHandTracking
LogPluginManager: Mounting plugin PostSplashScreen
LogPluginManager: Mounting plugin PhysXVehicles
LogPluginManager: Mounting plugin PropertyAccessEditor
LogPluginManager: Mounting plugin ProceduralMeshComponent
LogPluginManager: Mounting plugin SignificanceManager
LogPluginManager: Mounting plugin RuntimePhysXCooking
LogPluginManager: Mounting plugin SoundFields
LogPluginManager: Mounting plugin Synthesis
LogPluginManager: Mounting plugin WebMMoviePlayer
LogPluginManager: Mounting plugin WindowsMoviePlayer
LogPluginManager: Mounting plugin ContentBrowserAssetDataSource
LogPluginManager: Mounting plugin ContentBrowserClassDataSource
LogPluginManager: Mounting plugin ContentBrowserFileDataSource
LogPluginManager: Mounting plugin OnlineSubsystemGooglePlay
LogPluginManager: Mounting plugin OnlineSubsystemIOS
LogPluginManager: Mounting plugin OculusVR
LogPluginManager: Mounting plugin SteamVR
PixWinPlugin: PIX capture plugin failed to initialize! Check that the process is launched from PIX.
LogInit: Using libcurl 7.55.1-DEV
LogInit:  - built for x86_64-pc-win32
LogInit:  - supports SSL with OpenSSL/1.1.1
LogInit:  - supports HTTP deflate (compression) using libz 1.2.8
LogInit:  - other features:
LogInit:      CURL_VERSION_SSL
LogInit:      CURL_VERSION_LIBZ
LogInit:      CURL_VERSION_IPV6
LogInit:      CURL_VERSION_ASYNCHDNS
LogInit:      CURL_VERSION_LARGEFILE
LogInit:      CURL_VERSION_IDN
LogInit:  CurlRequestOptions (configurable via config and command line):
LogInit:  - bVerifyPeer = true  - Libcurl will verify peer certificate
LogInit:  - bUseHttpProxy = false  - Libcurl will NOT use HTTP proxy
LogInit:  - bDontReuseConnections = false  - Libcurl will reuse connections
LogInit:  - MaxHostConnections = 16  - Libcurl will limit the number of connections to a host
LogInit:  - LocalHostAddr = Default
LogInit:  - BufferSize = 65536
LogOnline: OSS: Creating online subsystem instance for: NULL
LogInit: WinSock: version 1.1 (2.2), MaxSocks=32767, MaxUdp=65467
LogOnline: OSS: TryLoadSubsystemAndSetDefault: Loaded subsystem for module [NULL]
LogOculusPluginWrapper: OculusPlugin initialized successfully
LogHMD: Failed initializing OVRPlugin 1.59.0
LogInit: Build: ++UE4+Release-4.27-CL-17155196
LogInit: Engine Version: 4.27.0-17155196+++UE4+Release-4.27
LogInit: Compatible Engine Version: 4.27.0-17155196+++UE4+Release-4.27
LogInit: Net CL: 17155196
LogInit: OS: Windows 10 (Release 2009) (), CPU: Intel(R) Core(TM) i7-8650U CPU @ 1.90GHz, GPU: Intel(R) UHD Graphics 620
LogInit: Compiled (64-bit): Aug 13 2021 06:13:13
LogInit: Compiled with Visual C++: 19.24.28315.00
LogInit: Build Configuration: Development
LogInit: Branch Name: ++UE4+Release-4.27
LogInit: Command Line:  /Game/ThirdPersonBP/Maps/ThirdPersonExampleMap -game -PIEVIACONSOLE -Multiprocess GameUserSettingsINI=C:/Users/natdy/OneDrive/Desktop/NPC/225-NPC/NPC/Saved/Config/Windows/PIEGameUserSettings0.ini -MultiprocessSaveConfig -forcepassthrough -messaging -SessionName="Play in Standalone Game" -windowed -ResX=1280 -ResY=720
LogInit: Base Directory: C:/Program Files/Epic Games/UE_4.27/Engine/Binaries/Win64/
LogInit: Allocator: TBB
LogInit: Installed Engine Build: 1
LogDevObjectVersion: Number of dev versions registered: 29
LogDevObjectVersion:   Dev-Blueprints (B0D832E4-1F89-4F0D-ACCF-7EB736FD4AA2): 10
LogDevObjectVersion:   Dev-Build (E1C64328-A22C-4D53-A36C-8E866417BD8C): 0
LogDevObjectVersion:   Dev-Core (375EC13C-06E4-48FB-B500-84F0262A717E): 4
LogDevObjectVersion:   Dev-Editor (E4B068ED-F494-42E9-A231-DA0B2E46BB41): 40
LogDevObjectVersion:   Dev-Framework (CFFC743F-43B0-4480-9391-14DF171D2073): 37
LogDevObjectVersion:   Dev-Mobile (B02B49B5-BB20-44E9-A304-32B752E40360): 3
LogDevObjectVersion:   Dev-Networking (A4E4105C-59A1-49B5-A7C5-40C4547EDFEE): 0
LogDevObjectVersion:   Dev-Online (39C831C9-5AE6-47DC-9A44-9C173E1C8E7C): 0
LogDevObjectVersion:   Dev-Physics (78F01B33-EBEA-4F98-B9B4-84EACCB95AA2): 14
LogDevObjectVersion:   Dev-Platform (6631380F-2D4D-43E0-8009-CF276956A95A): 0
LogDevObjectVersion:   Dev-Rendering (12F88B9F-8875-4AFC-A67C-D90C383ABD29): 45
LogDevObjectVersion:   Dev-Sequencer (7B5AE74C-D270-4C10-A958-57980B212A5A): 13
LogDevObjectVersion:   Dev-VR (D7296918-1DD6-4BDD-9DE2-64A83CC13884): 3
LogDevObjectVersion:   Dev-LoadTimes (C2A15278-BFE7-4AFE-6C17-90FF531DF755): 1
LogDevObjectVersion:   Private-Geometry (6EACA3D4-40EC-4CC1-B786-8BED09428FC5): 3
LogDevObjectVersion:   Dev-AnimPhys (29E575DD-E0A3-4627-9D10-D276232CDCEA): 17
LogDevObjectVersion:   Dev-Anim (AF43A65D-7FD3-4947-9873-3E8ED9C1BB05): 15
LogDevObjectVersion:   Dev-ReflectionCapture (6B266CEC-1EC7-4B8F-A30B-E4D90942FC07): 1
LogDevObjectVersion:   Dev-Automation (0DF73D61-A23F-47EA-B727-89E90C41499A): 1
LogDevObjectVersion:   FortniteMain (601D1886-AC64-4F84-AA16-D3DE0DEAC7D6): 47
LogDevObjectVersion:   FortniteRelease (E7086368-6B23-4C58-8439-1B7016265E91): 1
LogDevObjectVersion:   Dev-Enterprise (9DFFBCD6-494F-0158-E221-12823C92A888): 10
LogDevObjectVersion:   Dev-Niagara (F2AED0AC-9AFE-416F-8664-AA7FFA26D6FC): 1
LogDevObjectVersion:   Dev-Destruction (174F1F0B-B4C6-45A5-B13F-2EE8D0FB917D): 10
LogDevObjectVersion:   Dev-Physics-Ext (35F94A83-E258-406C-A318-09F59610247C): 41
LogDevObjectVersion:   Dev-PhysicsMaterial-Chaos (B68FC16E-8B1B-42E2-B453-215C058844FE): 1
LogDevObjectVersion:   Dev-CineCamera (B2E18506-4273-CFC2-A54E-F4BB758BBA07): 1
LogDevObjectVersion:   Dev-VirtualProduction (64F58936-FD1B-42BA-BA96-7289D5D0FA4E): 1
LogDevObjectVersion:   Dev-MediaFramework (6F0ED827-A609-4895-9C91-998D90180EA4): 2
LogInit: Presizing for max 25165824 objects, including 0 objects not considered by GC, pre-allocating 0 bytes for permanent pool.
LogConfig: Applying CVar settings from Section [/Script/Engine.StreamingSettings] File [C:/Users/natdy/OneDrive/Desktop/NPC/225-NPC/NPC/Saved/Config/Windows/Engine.ini]
LogConfig: Setting CVar [[s.MinBulkDataSizeForAsyncLoading:131072]]
LogConfig: Setting CVar [[s.AsyncLoadingThreadEnabled:0]]
LogConfig: Setting CVar [[s.EventDrivenLoaderEnabled:1]]
LogConfig: Setting CVar [[s.WarnIfTimeLimitExceeded:0]]
LogConfig: Setting CVar [[s.TimeLimitExceededMultiplier:1.5]]
LogConfig: Setting CVar [[s.TimeLimitExceededMinTime:0.005]]
LogConfig: Setting CVar [[s.UseBackgroundLevelStreaming:1]]
LogConfig: Setting CVar [[s.PriorityAsyncLoadingExtraTime:15.0]]
LogConfig: Setting CVar [[s.LevelStreamingActorsUpdateTimeLimit:5.0]]
LogConfig: Setting CVar [[s.PriorityLevelStreamingActorsUpdateExtraTime:5.0]]
LogConfig: Setting CVar [[s.LevelStreamingComponentsRegistrationGranularity:10]]
LogConfig: Setting CVar [[s.UnregisterComponentsTimeLimit:1.0]]
LogConfig: Setting CVar [[s.LevelStreamingComponentsUnregistrationGranularity:5]]
LogConfig: Setting CVar [[s.FlushStreamingOnExit:1]]
LogInit: Object subsystem initialized
LogConfig: Setting CVar [[con.DebugEarlyDefault:1]]
LogConfig: Setting CVar [[r.setres:1280x720]]
[2021.11.16-02.40.53:456][  0]LogConfig: Setting CVar [[con.DebugEarlyDefault:1]]
[2021.11.16-02.40.53:456][  0]LogConfig: Setting CVar [[r.setres:1280x720]]
[2021.11.16-02.40.53:456][  0]LogConfig: Applying CVar settings from Section [/Script/Engine.RendererSettings] File [C:/Users/natdy/OneDrive/Desktop/NPC/225-NPC/NPC/Saved/Config/Windows/Engine.ini]
[2021.11.16-02.40.53:457][  0]LogConfig: Setting CVar [[r.GPUCrashDebugging:0]]
[2021.11.16-02.40.53:457][  0]LogConfig: Applying CVar settings from Section [/Script/Engine.RendererOverrideSettings] File [C:/Users/natdy/OneDrive/Desktop/NPC/225-NPC/NPC/Saved/Config/Windows/Engine.ini]
[2021.11.16-02.40.53:457][  0]LogConfig: Applying CVar settings from Section [/Script/Engine.StreamingSettings] File [C:/Users/natdy/OneDrive/Desktop/NPC/225-NPC/NPC/Saved/Config/Windows/Engine.ini]
[2021.11.16-02.40.53:457][  0]LogConfig: Setting CVar [[s.MinBulkDataSizeForAsyncLoading:131072]]
[2021.11.16-02.40.53:457][  0]LogConfig: Setting CVar [[s.AsyncLoadingThreadEnabled:0]]
[2021.11.16-02.40.53:457][  0]LogConfig: Setting CVar [[s.EventDrivenLoaderEnabled:1]]
[2021.11.16-02.40.53:457][  0]LogConfig: Setting CVar [[s.WarnIfTimeLimitExceeded:0]]
[2021.11.16-02.40.53:457][  0]LogConfig: Setting CVar [[s.TimeLimitExceededMultiplier:1.5]]
[2021.11.16-02.40.53:457][  0]LogConfig: Setting CVar [[s.TimeLimitExceededMinTime:0.005]]
[2021.11.16-02.40.53:457][  0]LogConfig: Setting CVar [[s.UseBackgroundLevelStreaming:1]]
[2021.11.16-02.40.53:457][  0]LogConfig: Setting CVar [[s.PriorityAsyncLoadingExtraTime:15.0]]
[2021.11.16-02.40.53:457][  0]LogConfig: Setting CVar [[s.LevelStreamingActorsUpdateTimeLimit:5.0]]
[2021.11.16-02.40.53:458][  0]LogConfig: Setting CVar [[s.PriorityLevelStreamingActorsUpdateExtraTime:5.0]]
[2021.11.16-02.40.53:458][  0]LogConfig: Setting CVar [[s.LevelStreamingComponentsRegistrationGranularity:10]]
[2021.11.16-02.40.53:458][  0]LogConfig: Setting CVar [[s.UnregisterComponentsTimeLimit:1.0]]
[2021.11.16-02.40.53:458][  0]LogConfig: Setting CVar [[s.LevelStreamingComponentsUnregistrationGranularity:5]]
[2021.11.16-02.40.53:458][  0]LogConfig: Setting CVar [[s.FlushStreamingOnExit:1]]
[2021.11.16-02.40.53:458][  0]LogConfig: Applying CVar settings from Section [/Script/Engine.GarbageCollectionSettings] File [C:/Users/natdy/OneDrive/Desktop/NPC/225-NPC/NPC/Saved/Config/Windows/Engine.ini]
[2021.11.16-02.40.53:458][  0]LogConfig: Setting CVar [[gc.MaxObjectsNotConsideredByGC:1]]
[2021.11.16-02.40.53:458][  0]LogConfig: Setting CVar [[gc.SizeOfPermanentObjectPool:0]]
[2021.11.16-02.40.53:458][  0]LogConfig: Setting CVar [[gc.FlushStreamingOnGC:0]]
[2021.11.16-02.40.53:458][  0]LogConfig: Setting CVar [[gc.NumRetriesBeforeForcingGC:10]]
[2021.11.16-02.40.53:459][  0]LogConfig: Setting CVar [[gc.AllowParallelGC:1]]
[2021.11.16-02.40.53:459][  0]LogConfig: Setting CVar [[gc.TimeBetweenPurgingPendingKillObjects:61.1]]
[2021.11.16-02.40.53:459][  0]LogConfig: Setting CVar [[gc.MaxObjectsInEditor:25165824]]
[2021.11.16-02.40.53:459][  0]LogConfig: Setting CVar [[gc.IncrementalBeginDestroyEnabled:1]]
[2021.11.16-02.40.53:459][  0]LogConfig: Setting CVar [[gc.CreateGCClusters:1]]
[2021.11.16-02.40.53:459][  0]LogConfig: Setting CVar [[gc.MinGCClusterSize:5]]
[2021.11.16-02.40.53:459][  0]LogConfig: Setting CVar [[gc.ActorClusteringEnabled:0]]
[2021.11.16-02.40.53:459][  0]LogConfig: Setting CVar [[gc.BlueprintClusteringEnabled:0]]
[2021.11.16-02.40.53:459][  0]LogConfig: Setting CVar [[gc.UseDisregardForGCOnDedicatedServers:0]]
[2021.11.16-02.40.53:459][  0]LogConfig: Setting CVar [[gc.MultithreadedDestructionEnabled:1]]
[2021.11.16-02.40.53:459][  0]LogConfig: Applying CVar settings from Section [/Script/Engine.NetworkSettings] File [C:/Users/natdy/OneDrive/Desktop/NPC/225-NPC/NPC/Saved/Config/Windows/Engine.ini]
[2021.11.16-02.40.53:459][  0]LogConfig: Applying CVar settings from Section [/Script/UnrealEd.CookerSettings] File [C:/Users/natdy/OneDrive/Desktop/NPC/225-NPC/NPC/Saved/Config/Windows/Engine.ini]
[2021.11.16-02.40.53:514][  0]LogConfig: Applying CVar settings from Section [ViewDistanceQuality@3] File [C:/Users/natdy/OneDrive/Desktop/NPC/225-NPC/NPC/Saved/Config/Windows/Scalability.ini]
[2021.11.16-02.40.53:514][  0]LogConfig: Setting CVar [[r.SkeletalMeshLODBias:0]]
[2021.11.16-02.40.53:514][  0]LogConfig: Setting CVar [[r.ViewDistanceScale:1.0]]
[2021.11.16-02.40.53:514][  0]LogConfig: Applying CVar settings from Section [AntiAliasingQuality@3] File [C:/Users/natdy/OneDrive/Desktop/NPC/225-NPC/NPC/Saved/Config/Windows/Scalability.ini]
[2021.11.16-02.40.53:514][  0]LogConfig: Setting CVar [[r.PostProcessAAQuality:4]]
[2021.11.16-02.40.53:515][  0]LogConfig: Applying CVar settings from Section [ShadowQuality@3] File [C:/Users/natdy/OneDrive/Desktop/NPC/225-NPC/NPC/Saved/Config/Windows/Scalability.ini]
[2021.11.16-02.40.53:515][  0]LogConfig: Setting CVar [[r.LightFunctionQuality:1]]
[2021.11.16-02.40.53:515][  0]LogConfig: Setting CVar [[r.ShadowQuality:5]]
[2021.11.16-02.40.53:515][  0]LogConfig: Setting CVar [[r.Shadow.CSM.MaxCascades:10]]
[2021.11.16-02.40.53:515][  0]LogConfig: Setting CVar [[r.Shadow.MaxResolution:2048]]
[2021.11.16-02.40.53:515][  0]LogConfig: Setting CVar [[r.Shadow.MaxCSMResolution:2048]]
[2021.11.16-02.40.53:515][  0]LogConfig: Setting CVar [[r.Shadow.RadiusThreshold:0.01]]
[2021.11.16-02.40.53:515][  0]LogConfig: Setting CVar [[r.Shadow.DistanceScale:1.0]]
[2021.11.16-02.40.53:515][  0]LogConfig: Setting CVar [[r.Shadow.CSM.TransitionScale:1.0]]
[2021.11.16-02.40.53:515][  0]LogConfig: Setting CVar [[r.Shadow.PreShadowResolutionFactor:1.0]]
[2021.11.16-02.40.53:515][  0]LogConfig: Setting CVar [[r.DistanceFieldShadowing:1]]
[2021.11.16-02.40.53:515][  0]LogConfig: Setting CVar [[r.DistanceFieldAO:1]]
[2021.11.16-02.40.53:515][  0]LogConfig: Setting CVar [[r.AOQuality:2]]
[2021.11.16-02.40.53:515][  0]LogConfig: Setting CVar [[r.VolumetricFog:1]]
[2021.11.16-02.40.53:515][  0]LogConfig: Setting CVar [[r.VolumetricFog.GridPixelSize:8]]
[2021.11.16-02.40.53:515][  0]LogConfig: Setting CVar [[r.VolumetricFog.GridSizeZ:128]]
[2021.11.16-02.40.53:515][  0]LogConfig: Setting CVar [[r.VolumetricFog.HistoryMissSupersampleCount:4]]
[2021.11.16-02.40.53:515][  0]LogConfig: Setting CVar [[r.LightMaxDrawDistanceScale:1]]
[2021.11.16-02.40.53:515][  0]LogConfig: Setting CVar [[r.CapsuleShadows:1]]
[2021.11.16-02.40.53:515][  0]LogConfig: Applying CVar settings from Section [PostProcessQuality@3] File [C:/Users/natdy/OneDrive/Desktop/NPC/225-NPC/NPC/Saved/Config/Windows/Scalability.ini]
[2021.11.16-02.40.53:515][  0]LogConfig: Setting CVar [[r.MotionBlurQuality:4]]
[2021.11.16-02.40.53:515][  0]LogConfig: Setting CVar [[r.AmbientOcclusionMipLevelFactor:0.4]]
[2021.11.16-02.40.53:515][  0]LogConfig: Setting CVar [[r.AmbientOcclusionMaxQuality:100]]
[2021.11.16-02.40.53:516][  0]LogConfig: Setting CVar [[r.AmbientOcclusionLevels:-1]]
[2021.11.16-02.40.53:516][  0]LogConfig: Setting CVar [[r.AmbientOcclusionRadiusScale:1.0]]
[2021.11.16-02.40.53:516][  0]LogConfig: Setting CVar [[r.DepthOfFieldQuality:2]]
[2021.11.16-02.40.53:516][  0]LogConfig: Setting CVar [[r.RenderTargetPoolMin:400]]
[2021.11.16-02.40.53:516][  0]LogConfig: Setting CVar [[r.LensFlareQuality:2]]
[2021.11.16-02.40.53:516][  0]LogConfig: Setting CVar [[r.SceneColorFringeQuality:1]]
[2021.11.16-02.40.53:516][  0]LogConfig: Setting CVar [[r.EyeAdaptationQuality:2]]
[2021.11.16-02.40.53:516][  0]LogConfig: Setting CVar [[r.BloomQuality:5]]
[2021.11.16-02.40.53:516][  0]LogConfig: Setting CVar [[r.FastBlurThreshold:100]]
[2021.11.16-02.40.53:516][  0]LogConfig: Setting CVar [[r.Upscale.Quality:3]]
[2021.11.16-02.40.53:516][  0]LogConfig: Setting CVar [[r.Tonemapper.GrainQuantization:1]]
[2021.11.16-02.40.53:516][  0]LogConfig: Setting CVar [[r.LightShaftQuality:1]]
[2021.11.16-02.40.53:516][  0]LogConfig: Setting CVar [[r.Filter.SizeScale:1]]
[2021.11.16-02.40.53:516][  0]LogConfig: Setting CVar [[r.Tonemapper.Quality:5]]
[2021.11.16-02.40.53:516][  0]LogConfig: Setting CVar [[r.DOF.Gather.AccumulatorQuality:1        ; higher gathering accumulator quality]]
[2021.11.16-02.40.53:516][  0]LogConfig: Setting CVar [[r.DOF.Gather.PostfilterMethod:1          ; Median3x3 postfilering method]]
[2021.11.16-02.40.53:516][  0]LogConfig: Setting CVar [[r.DOF.Gather.EnableBokehSettings:0       ; no bokeh simulation when gathering]]
[2021.11.16-02.40.53:516][  0]LogConfig: Setting CVar [[r.DOF.Gather.RingCount:4                 ; medium number of samples when gathering]]
[2021.11.16-02.40.53:516][  0]LogConfig: Setting CVar [[r.DOF.Scatter.ForegroundCompositing:1    ; additive foreground scattering]]
[2021.11.16-02.40.53:516][  0]LogConfig: Setting CVar [[r.DOF.Scatter.BackgroundCompositing:2    ; additive background scattering]]
[2021.11.16-02.40.53:516][  0]LogConfig: Setting CVar [[r.DOF.Scatter.EnableBokehSettings:1      ; bokeh simulation when scattering]]
[2021.11.16-02.40.53:516][  0]LogConfig: Setting CVar [[r.DOF.Scatter.MaxSpriteRatio:0.1         ; only a maximum of 10% of scattered bokeh]]
[2021.11.16-02.40.53:516][  0]LogConfig: Setting CVar [[r.DOF.Recombine.Quality:1                ; cheap slight out of focus]]
[2021.11.16-02.40.53:516][  0]LogConfig: Setting CVar [[r.DOF.Recombine.EnableBokehSettings:0    ; no bokeh simulation on slight out of focus]]
[2021.11.16-02.40.53:517][  0]LogConfig: Setting CVar [[r.DOF.TemporalAAQuality:1                ; more stable temporal accumulation]]
[2021.11.16-02.40.53:517][  0]LogConfig: Setting CVar [[r.DOF.Kernel.MaxForegroundRadius:0.025]]
[2021.11.16-02.40.53:517][  0]LogConfig: Setting CVar [[r.DOF.Kernel.MaxBackgroundRadius:0.025]]
[2021.11.16-02.40.53:517][  0]LogConfig: Applying CVar settings from Section [TextureQuality@3] File [C:/Users/natdy/OneDrive/Desktop/NPC/225-NPC/NPC/Saved/Config/Windows/Scalability.ini]
[2021.11.16-02.40.53:517][  0]LogConfig: Setting CVar [[r.Streaming.MipBias:0]]
[2021.11.16-02.40.53:517][  0]LogConfig: Setting CVar [[r.Streaming.AmortizeCPUToGPUCopy:0]]
[2021.11.16-02.40.53:517][  0]LogConfig: Setting CVar [[r.Streaming.MaxNumTexturesToStreamPerFrame:0]]
[2021.11.16-02.40.53:517][  0]LogConfig: Setting CVar [[r.Streaming.Boost:1]]
[2021.11.16-02.40.53:517][  0]LogConfig: Setting CVar [[r.MaxAnisotropy:8]]
[2021.11.16-02.40.53:517][  0]LogConfig: Setting CVar [[r.VT.MaxAnisotropy:8]]
[2021.11.16-02.40.53:517][  0]LogConfig: Setting CVar [[r.Streaming.LimitPoolSizeToVRAM:0]]
[2021.11.16-02.40.53:517][  0]LogConfig: Setting CVar [[r.Streaming.PoolSize:1000]]
[2021.11.16-02.40.53:517][  0]LogConfig: Setting CVar [[r.Streaming.MaxEffectiveScreenSize:0]]
[2021.11.16-02.40.53:517][  0]LogConfig: Applying CVar settings from Section [EffectsQuality@3] File [C:/Users/natdy/OneDrive/Desktop/NPC/225-NPC/NPC/Saved/Config/Windows/Scalability.ini]
[2021.11.16-02.40.53:517][  0]LogConfig: Setting CVar [[r.TranslucencyLightingVolumeDim:64]]
[2021.11.16-02.40.53:517][  0]LogConfig: Setting CVar [[r.RefractionQuality:2]]
[2021.11.16-02.40.53:517][  0]LogConfig: Setting CVar [[r.SSR.Quality:3]]
[2021.11.16-02.40.53:517][  0]LogConfig: Setting CVar [[r.SSR.HalfResSceneColor:0]]
[2021.11.16-02.40.53:517][  0]LogConfig: Setting CVar [[r.SceneColorFormat:4]]
[2021.11.16-02.40.53:517][  0]LogConfig: Setting CVar [[r.DetailMode:2]]
[2021.11.16-02.40.53:517][  0]LogConfig: Setting CVar [[r.TranslucencyVolumeBlur:1]]
[2021.11.16-02.40.53:517][  0]LogConfig: Setting CVar [[r.MaterialQualityLevel:1 ; High quality]]
[2021.11.16-02.40.53:517][  0]LogConfig: Setting CVar [[r.AnisotropicMaterials:1]]
[2021.11.16-02.40.53:517][  0]LogConfig: Setting CVar [[r.SSS.Scale:1]]
[2021.11.16-02.40.53:518][  0]LogConfig: Setting CVar [[r.SSS.SampleSet:2]]
[2021.11.16-02.40.53:518][  0]LogConfig: Setting CVar [[r.SSS.Quality:1]]
[2021.11.16-02.40.53:518][  0]LogConfig: Setting CVar [[r.SSS.HalfRes:0]]
[2021.11.16-02.40.53:518][  0]LogConfig: Setting CVar [[r.SSGI.Quality:3]]
[2021.11.16-02.40.53:518][  0]LogConfig: Setting CVar [[r.EmitterSpawnRateScale:1.0]]
[2021.11.16-02.40.53:518][  0]LogConfig: Setting CVar [[r.ParticleLightQuality:2]]
[2021.11.16-02.40.53:518][  0]LogConfig: Setting CVar [[r.SkyAtmosphere.AerialPerspectiveLUT.FastApplyOnOpaque:1 ; Always have FastSkyLUT 1 in this case to avoid wrong sky]]
[2021.11.16-02.40.53:518][  0]LogConfig: Setting CVar [[r.SkyAtmosphere.AerialPerspectiveLUT.SampleCountMaxPerSlice:4]]
[2021.11.16-02.40.53:518][  0]LogConfig: Setting CVar [[r.SkyAtmosphere.AerialPerspectiveLUT.DepthResolution:16.0]]
[2021.11.16-02.40.53:518][  0]LogConfig: Setting CVar [[r.SkyAtmosphere.FastSkyLUT:1]]
[2021.11.16-02.40.53:518][  0]LogConfig: Setting CVar [[r.SkyAtmosphere.FastSkyLUT.SampleCountMin:4.0]]
[2021.11.16-02.40.53:518][  0]LogConfig: Setting CVar [[r.SkyAtmosphere.FastSkyLUT.SampleCountMax:128.0]]
[2021.11.16-02.40.53:518][  0]LogConfig: Setting CVar [[r.SkyAtmosphere.SampleCountMin:4.0]]
[2021.11.16-02.40.53:518][  0]LogConfig: Setting CVar [[r.SkyAtmosphere.SampleCountMax:128.0]]
[2021.11.16-02.40.53:518][  0]LogConfig: Setting CVar [[r.SkyAtmosphere.TransmittanceLUT.UseSmallFormat:0]]
[2021.11.16-02.40.53:518][  0]LogConfig: Setting CVar [[r.SkyAtmosphere.TransmittanceLUT.SampleCount:10.0]]
[2021.11.16-02.40.53:518][  0]LogConfig: Setting CVar [[r.SkyAtmosphere.MultiScatteringLUT.SampleCount:15.0]]
[2021.11.16-02.40.53:518][  0]LogConfig: Setting CVar [[r.SkyLight.RealTimeReflectionCapture:1]]
[2021.11.16-02.40.53:518][  0]LogConfig: Applying CVar settings from Section [FoliageQuality@3] File [C:/Users/natdy/OneDrive/Desktop/NPC/225-NPC/NPC/Saved/Config/Windows/Scalability.ini]
[2021.11.16-02.40.53:519][  0]LogConfig: Setting CVar [[foliage.DensityScale:1.0]]
[2021.11.16-02.40.53:519][  0]LogConfig: Setting CVar [[grass.DensityScale:1.0]]
[2021.11.16-02.40.53:519][  0]LogConfig: Applying CVar settings from Section [ShadingQuality@3] File [C:/Users/natdy/OneDrive/Desktop/NPC/225-NPC/NPC/Saved/Config/Windows/Scalability.ini]
[2021.11.16-02.40.53:519][  0]LogConfig: Setting CVar [[r.HairStrands.SkyLighting.IntegrationType:2]]
[2021.11.16-02.40.53:519][  0]LogConfig: Setting CVar [[r.HairStrands.SkyAO.SampleCount:4]]
[2021.11.16-02.40.53:519][  0]LogConfig: Setting CVar [[r.HairStrands.Visibility.MSAA.SamplePerPixel:4]]
[2021.11.16-02.40.53:520][  0]LogInit: Selected Device Profile: [Windows]
[2021.11.16-02.40.53:520][  0]LogInit: Applying CVar settings loaded from the selected device profile: [Windows]
[2021.11.16-02.40.53:520][  0]LogHAL: Display: Platform has ~ 8 GB [8502882304 / 8589934592 / 8], which maps to Default [LargestMinGB=32, LargerMinGB=12, DefaultMinGB=8, SmallerMinGB=6, SmallestMinGB=0)
[2021.11.16-02.40.53:521][  0]LogInit: Going up to parent DeviceProfile []
[2021.11.16-02.40.53:521][  0]LogConfig: Applying CVar settings from Section [ViewDistanceQuality@3] File [C:/Users/natdy/OneDrive/Desktop/NPC/225-NPC/NPC/Saved/Config/Windows/Scalability.ini]
[2021.11.16-02.40.53:521][  0]LogConfig: Setting CVar [[r.SkeletalMeshLODBias:0]]
[2021.11.16-02.40.53:521][  0]LogConfig: Setting CVar [[r.ViewDistanceScale:1.0]]
[2021.11.16-02.40.53:521][  0]LogConfig: Applying CVar settings from Section [AntiAliasingQuality@3] File [C:/Users/natdy/OneDrive/Desktop/NPC/225-NPC/NPC/Saved/Config/Windows/Scalability.ini]
[2021.11.16-02.40.53:521][  0]LogConfig: Setting CVar [[r.PostProcessAAQuality:4]]
[2021.11.16-02.40.53:521][  0]LogConfig: Applying CVar settings from Section [ShadowQuality@3] File [C:/Users/natdy/OneDrive/Desktop/NPC/225-NPC/NPC/Saved/Config/Windows/Scalability.ini]
[2021.11.16-02.40.53:521][  0]LogConfig: Setting CVar [[r.LightFunctionQuality:1]]
[2021.11.16-02.40.53:522][  0]LogConfig: Setting CVar [[r.ShadowQuality:5]]
[2021.11.16-02.40.53:522][  0]LogConfig: Setting CVar [[r.Shadow.CSM.MaxCascades:10]]
[2021.11.16-02.40.53:522][  0]LogConfig: Setting CVar [[r.Shadow.MaxResolution:2048]]
[2021.11.16-02.40.53:522][  0]LogConfig: Setting CVar [[r.Shadow.MaxCSMResolution:2048]]
[2021.11.16-02.40.53:522][  0]LogConfig: Setting CVar [[r.Shadow.RadiusThreshold:0.01]]
[2021.11.16-02.40.53:522][  0]LogConfig: Setting CVar [[r.Shadow.DistanceScale:1.0]]
[2021.11.16-02.40.53:522][  0]LogConfig: Setting CVar [[r.Shadow.CSM.TransitionScale:1.0]]
[2021.11.16-02.40.53:522][  0]LogConfig: Setting CVar [[r.Shadow.PreShadowResolutionFactor:1.0]]
[2021.11.16-02.40.53:522][  0]LogConfig: Setting CVar [[r.DistanceFieldShadowing:1]]
[2021.11.16-02.40.53:522][  0]LogConfig: Setting CVar [[r.DistanceFieldAO:1]]
[2021.11.16-02.40.53:522][  0]LogConfig: Setting CVar [[r.AOQuality:2]]
[2021.11.16-02.40.53:522][  0]LogConfig: Setting CVar [[r.VolumetricFog:1]]
[2021.11.16-02.40.53:522][  0]LogConfig: Setting CVar [[r.VolumetricFog.GridPixelSize:8]]
[2021.11.16-02.40.53:522][  0]LogConfig: Setting CVar [[r.VolumetricFog.GridSizeZ:128]]
[2021.11.16-02.40.53:522][  0]LogConfig: Setting CVar [[r.VolumetricFog.HistoryMissSupersampleCount:4]]
[2021.11.16-02.40.53:522][  0]LogConfig: Setting CVar [[r.LightMaxDrawDistanceScale:1]]
[2021.11.16-02.40.53:522][  0]LogConfig: Setting CVar [[r.CapsuleShadows:1]]
[2021.11.16-02.40.53:522][  0]LogConfig: Applying CVar settings from Section [PostProcessQuality@3] File [C:/Users/natdy/OneDrive/Desktop/NPC/225-NPC/NPC/Saved/Config/Windows/Scalability.ini]
[2021.11.16-02.40.53:522][  0]LogConfig: Setting CVar [[r.MotionBlurQuality:4]]
[2021.11.16-02.40.53:522][  0]LogConfig: Setting CVar [[r.AmbientOcclusionMipLevelFactor:0.4]]
[2021.11.16-02.40.53:522][  0]LogConfig: Setting CVar [[r.AmbientOcclusionMaxQuality:100]]
[2021.11.16-02.40.53:522][  0]LogConfig: Setting CVar [[r.AmbientOcclusionLevels:-1]]
[2021.11.16-02.40.53:522][  0]LogConfig: Setting CVar [[r.AmbientOcclusionRadiusScale:1.0]]
[2021.11.16-02.40.53:522][  0]LogConfig: Setting CVar [[r.DepthOfFieldQuality:2]]
[2021.11.16-02.40.53:522][  0]LogConfig: Setting CVar [[r.RenderTargetPoolMin:400]]
[2021.11.16-02.40.53:522][  0]LogConfig: Setting CVar [[r.LensFlareQuality:2]]
[2021.11.16-02.40.53:522][  0]LogConfig: Setting CVar [[r.SceneColorFringeQuality:1]]
[2021.11.16-02.40.53:522][  0]LogConfig: Setting CVar [[r.EyeAdaptationQuality:2]]
[2021.11.16-02.40.53:522][  0]LogConfig: Setting CVar [[r.BloomQuality:5]]
[2021.11.16-02.40.53:522][  0]LogConfig: Setting CVar [[r.FastBlurThreshold:100]]
[2021.11.16-02.40.53:522][  0]LogConfig: Setting CVar [[r.Upscale.Quality:3]]
[2021.11.16-02.40.53:523][  0]LogConfig: Setting CVar [[r.Tonemapper.GrainQuantization:1]]
[2021.11.16-02.40.53:523][  0]LogConfig: Setting CVar [[r.LightShaftQuality:1]]
[2021.11.16-02.40.53:523][  0]LogConfig: Setting CVar [[r.Filter.SizeScale:1]]
[2021.11.16-02.40.53:523][  0]LogConfig: Setting CVar [[r.Tonemapper.Quality:5]]
[2021.11.16-02.40.53:523][  0]LogConfig: Setting CVar [[r.DOF.Gather.AccumulatorQuality:1        ; higher gathering accumulator quality]]
[2021.11.16-02.40.53:523][  0]LogConfig: Setting CVar [[r.DOF.Gather.PostfilterMethod:1          ; Median3x3 postfilering method]]
[2021.11.16-02.40.53:523][  0]LogConfig: Setting CVar [[r.DOF.Gather.EnableBokehSettings:0       ; no bokeh simulation when gathering]]
[2021.11.16-02.40.53:523][  0]LogConfig: Setting CVar [[r.DOF.Gather.RingCount:4                 ; medium number of samples when gathering]]
[2021.11.16-02.40.53:523][  0]LogConfig: Setting CVar [[r.DOF.Scatter.ForegroundCompositing:1    ; additive foreground scattering]]
[2021.11.16-02.40.53:523][  0]LogConfig: Setting CVar [[r.DOF.Scatter.BackgroundCompositing:2    ; additive background scattering]]
[2021.11.16-02.40.53:523][  0]LogConfig: Setting CVar [[r.DOF.Scatter.EnableBokehSettings:1      ; bokeh simulation when scattering]]
[2021.11.16-02.40.53:523][  0]LogConfig: Setting CVar [[r.DOF.Scatter.MaxSpriteRatio:0.1         ; only a maximum of 10% of scattered bokeh]]
[2021.11.16-02.40.53:523][  0]LogConfig: Setting CVar [[r.DOF.Recombine.Quality:1                ; cheap slight out of focus]]
[2021.11.16-02.40.53:524][  0]LogConfig: Setting CVar [[r.DOF.Recombine.EnableBokehSettings:0    ; no bokeh simulation on slight out of focus]]
[2021.11.16-02.40.53:524][  0]LogConfig: Setting CVar [[r.DOF.TemporalAAQuality:1                ; more stable temporal accumulation]]
[2021.11.16-02.40.53:524][  0]LogConfig: Setting CVar [[r.DOF.Kernel.MaxForegroundRadius:0.025]]
[2021.11.16-02.40.53:524][  0]LogConfig: Setting CVar [[r.DOF.Kernel.MaxBackgroundRadius:0.025]]
[2021.11.16-02.40.53:524][  0]LogConfig: Applying CVar settings from Section [TextureQuality@3] File [C:/Users/natdy/OneDrive/Desktop/NPC/225-NPC/NPC/Saved/Config/Windows/Scalability.ini]
[2021.11.16-02.40.53:524][  0]LogConfig: Setting CVar [[r.Streaming.MipBias:0]]
[2021.11.16-02.40.53:524][  0]LogConfig: Setting CVar [[r.Streaming.AmortizeCPUToGPUCopy:0]]
[2021.11.16-02.40.53:524][  0]LogConfig: Setting CVar [[r.Streaming.MaxNumTexturesToStreamPerFrame:0]]
[2021.11.16-02.40.53:524][  0]LogConfig: Setting CVar [[r.Streaming.Boost:1]]
[2021.11.16-02.40.53:524][  0]LogConfig: Setting CVar [[r.MaxAnisotropy:8]]
[2021.11.16-02.40.53:524][  0]LogConfig: Setting CVar [[r.VT.MaxAnisotropy:8]]
[2021.11.16-02.40.53:524][  0]LogConfig: Setting CVar [[r.Streaming.LimitPoolSizeToVRAM:0]]
[2021.11.16-02.40.53:524][  0]LogConfig: Setting CVar [[r.Streaming.PoolSize:1000]]
[2021.11.16-02.40.53:524][  0]LogConfig: Setting CVar [[r.Streaming.MaxEffectiveScreenSize:0]]
[2021.11.16-02.40.53:524][  0]LogConfig: Applying CVar settings from Section [EffectsQuality@3] File [C:/Users/natdy/OneDrive/Desktop/NPC/225-NPC/NPC/Saved/Config/Windows/Scalability.ini]
[2021.11.16-02.40.53:524][  0]LogConfig: Setting CVar [[r.TranslucencyLightingVolumeDim:64]]
[2021.11.16-02.40.53:524][  0]LogConfig: Setting CVar [[r.RefractionQuality:2]]
[2021.11.16-02.40.53:524][  0]LogConfig: Setting CVar [[r.SSR.Quality:3]]
[2021.11.16-02.40.53:524][  0]LogConfig: Setting CVar [[r.SSR.HalfResSceneColor:0]]
[2021.11.16-02.40.53:524][  0]LogConfig: Setting CVar [[r.SceneColorFormat:4]]
[2021.11.16-02.40.53:524][  0]LogConfig: Setting CVar [[r.DetailMode:2]]
[2021.11.16-02.40.53:524][  0]LogConfig: Setting CVar [[r.TranslucencyVolumeBlur:1]]
[2021.11.16-02.40.53:524][  0]LogConfig: Setting CVar [[r.MaterialQualityLevel:1 ; High quality]]
[2021.11.16-02.40.53:524][  0]LogConfig: Setting CVar [[r.AnisotropicMaterials:1]]
[2021.11.16-02.40.53:524][  0]LogConfig: Setting CVar [[r.SSS.Scale:1]]
[2021.11.16-02.40.53:524][  0]LogConfig: Setting CVar [[r.SSS.SampleSet:2]]
[2021.11.16-02.40.53:525][  0]LogConfig: Setting CVar [[r.SSS.Quality:1]]
[2021.11.16-02.40.53:525][  0]LogConfig: Setting CVar [[r.SSS.HalfRes:0]]
[2021.11.16-02.40.53:525][  0]LogConfig: Setting CVar [[r.SSGI.Quality:3]]
[2021.11.16-02.40.53:525][  0]LogConfig: Setting CVar [[r.EmitterSpawnRateScale:1.0]]
[2021.11.16-02.40.53:525][  0]LogConfig: Setting CVar [[r.ParticleLightQuality:2]]
[2021.11.16-02.40.53:525][  0]LogConfig: Setting CVar [[r.SkyAtmosphere.AerialPerspectiveLUT.FastApplyOnOpaque:1 ; Always have FastSkyLUT 1 in this case to avoid wrong sky]]
[2021.11.16-02.40.53:525][  0]LogConfig: Setting CVar [[r.SkyAtmosphere.AerialPerspectiveLUT.SampleCountMaxPerSlice:4]]
[2021.11.16-02.40.53:525][  0]LogConfig: Setting CVar [[r.SkyAtmosphere.AerialPerspectiveLUT.DepthResolution:16.0]]
[2021.11.16-02.40.53:525][  0]LogConfig: Setting CVar [[r.SkyAtmosphere.FastSkyLUT:1]]
[2021.11.16-02.40.53:525][  0]LogConfig: Setting CVar [[r.SkyAtmosphere.FastSkyLUT.SampleCountMin:4.0]]
[2021.11.16-02.40.53:525][  0]LogConfig: Setting CVar [[r.SkyAtmosphere.FastSkyLUT.SampleCountMax:128.0]]
[2021.11.16-02.40.53:525][  0]LogConfig: Setting CVar [[r.SkyAtmosphere.SampleCountMin:4.0]]
[2021.11.16-02.40.53:525][  0]LogConfig: Setting CVar [[r.SkyAtmosphere.SampleCountMax:128.0]]
[2021.11.16-02.40.53:525][  0]LogConfig: Setting CVar [[r.SkyAtmosphere.TransmittanceLUT.UseSmallFormat:0]]
[2021.11.16-02.40.53:525][  0]LogConfig: Setting CVar [[r.SkyAtmosphere.TransmittanceLUT.SampleCount:10.0]]
[2021.11.16-02.40.53:525][  0]LogConfig: Setting CVar [[r.SkyAtmosphere.MultiScatteringLUT.SampleCount:15.0]]
[2021.11.16-02.40.53:525][  0]LogConfig: Setting CVar [[r.SkyLight.RealTimeReflectionCapture:1]]
[2021.11.16-02.40.53:525][  0]LogConfig: Applying CVar settings from Section [FoliageQuality@3] File [C:/Users/natdy/OneDrive/Desktop/NPC/225-NPC/NPC/Saved/Config/Windows/Scalability.ini]
[2021.11.16-02.40.53:525][  0]LogConfig: Setting CVar [[foliage.DensityScale:1.0]]
[2021.11.16-02.40.53:525][  0]LogConfig: Setting CVar [[grass.DensityScale:1.0]]
[2021.11.16-02.40.53:525][  0]LogConfig: Applying CVar settings from Section [ShadingQuality@3] File [C:/Users/natdy/OneDrive/Desktop/NPC/225-NPC/NPC/Saved/Config/Windows/Scalability.ini]
[2021.11.16-02.40.53:525][  0]LogConfig: Setting CVar [[r.HairStrands.SkyLighting.IntegrationType:2]]
[2021.11.16-02.40.53:525][  0]LogConfig: Setting CVar [[r.HairStrands.SkyAO.SampleCount:4]]
[2021.11.16-02.40.53:525][  0]LogConfig: Setting CVar [[r.HairStrands.Visibility.MSAA.SamplePerPixel:4]]
[2021.11.16-02.40.53:525][  0]LogConfig: Applying CVar settings from Section [Startup] File [../../../Engine/Config/ConsoleVariables.ini]
[2021.11.16-02.40.53:528][  0]LogConfig: Setting CVar [[net.UseAdaptiveNetUpdateFrequency:0]]
[2021.11.16-02.40.53:528][  0]LogConfig: Setting CVar [[p.chaos.AllowCreatePhysxBodies:1]]
[2021.11.16-02.40.53:528][  0]LogConfig: Setting CVar [[fx.SkipVectorVMBackendOptimizations:1]]
[2021.11.16-02.40.53:528][  0]LogConfig: Applying CVar settings from Section [ConsoleVariables] File [C:/Users/natdy/OneDrive/Desktop/NPC/225-NPC/NPC/Saved/Config/Windows/Engine.ini]
[2021.11.16-02.40.53:528][  0]LogConfig: Applying CVar settings from Section [ConsoleVariables] File [C:/Users/natdy/OneDrive/Desktop/NPC/225-NPC/NPC/Saved/Config/Windows/Editor.ini]
[2021.11.16-02.40.53:531][  0]LogInit: Computer: NATALIES-LAPTOP
[2021.11.16-02.40.53:531][  0]LogInit: User: natdy
[2021.11.16-02.40.53:531][  0]LogInit: CPU Page size=4096, Cores=4
[2021.11.16-02.40.53:531][  0]LogInit: High frequency timer resolution =10.000000 MHz
[2021.11.16-02.40.53:531][  0]LogMemory: Memory total: Physical=7.9GB (8GB approx)
[2021.11.16-02.40.53:532][  0]LogMemory: Platform Memory Stats for Windows
[2021.11.16-02.40.53:532][  0]LogMemory: Process Physical Memory: 143.95 MB used, 143.95 MB peak
[2021.11.16-02.40.53:532][  0]LogMemory: Process Virtual Memory: 128.46 MB used, 128.46 MB peak
[2021.11.16-02.40.53:532][  0]LogMemory: Physical Memory: 7563.46 MB used,  545.52 MB free, 8108.98 MB total
[2021.11.16-02.40.53:532][  0]LogMemory: Virtual Memory: 134214984.00 MB used,  2741.27 MB free, 134217728.00 MB total
[2021.11.16-02.40.53:547][  0]LogWindows: WindowsPlatformFeatures enabled
[2021.11.16-02.40.53:735][  0]LogInit: Physics initialised using underlying interface: PhysX
[2021.11.16-02.40.53:736][  0]LogInit: Using OS detected language (en-US).
[2021.11.16-02.40.53:736][  0]LogInit: Using OS detected locale (en-US).
[2021.11.16-02.40.53:771][  0]LogTextLocalizationManager: No specific localization for 'en-US' exists, so the 'en' localization will be used.
[2021.11.16-02.40.54:701][  0]LogWindowsTextInputMethodSystem: Display: IME system deactivated.
[2021.11.16-02.40.54:848][  0]LogSlate: New Slate User Created.  User Index 0, Is Virtual User: 0
[2021.11.16-02.40.54:848][  0]LogSlate: Slate User Registered.  User Index 0, Is Virtual User: 0
[2021.11.16-02.40.54:955][  0]LogD3D11RHI: Loaded GFSDK_Aftermath_Lib.x64.dll
[2021.11.16-02.40.54:967][  0]LogHMD: Failed to initialize OpenVR with code 110
[2021.11.16-02.40.54:968][  0]LogD3D11RHI: D3D11 min allowed feature level: 11_0
[2021.11.16-02.40.54:968][  0]LogD3D11RHI: D3D11 max allowed feature level: 11_0
[2021.11.16-02.40.54:968][  0]LogD3D11RHI: D3D11 adapters:
[2021.11.16-02.40.55:473][  0]LogD3D11RHI:    0. 'Intel(R) UHD Graphics 620' (Feature Level 11_0)
[2021.11.16-02.40.55:473][  0]LogD3D11RHI:       128/0/4054 MB DedicatedVideo/DedicatedSystem/SharedSystem, Outputs:1, VendorId:0x8086
[2021.11.16-02.40.55:482][  0]LogD3D11RHI:    1. 'Microsoft Basic Render Driver' (Feature Level 11_0)
[2021.11.16-02.40.55:482][  0]LogD3D11RHI:       0/0/4054 MB DedicatedVideo/DedicatedSystem/SharedSystem, Outputs:0, VendorId:0x1414
[2021.11.16-02.40.55:483][  0]LogD3D11RHI: Chosen D3D11 Adapter: 0
[2021.11.16-02.40.55:501][  0]LogD3D11RHI: Creating new Direct3DDevice
[2021.11.16-02.40.55:501][  0]LogD3D11RHI:     GPU DeviceId: 0x5917 (for the marketing name, search the web for "GPU Device Id")
[2021.11.16-02.40.55:501][  0]LogWindows: EnumDisplayDevices:
[2021.11.16-02.40.55:502][  0]LogWindows:    0. 'Intel(R) UHD Graphics 620' (P:1 D:1)
[2021.11.16-02.40.55:503][  0]LogWindows:    1. 'Intel(R) UHD Graphics 620' (P:0 D:0)
[2021.11.16-02.40.55:504][  0]LogWindows:    2. 'Intel(R) UHD Graphics 620' (P:0 D:0)
[2021.11.16-02.40.55:504][  0]LogWindows: DebugString: FoundDriverCount:3 
[2021.11.16-02.40.55:504][  0]LogD3D11RHI:     Adapter Name: Intel(R) UHD Graphics 620
[2021.11.16-02.40.55:504][  0]LogD3D11RHI:   Driver Version: 27.20.100.8681 (internal:27.20.100.8681, unified:27.20.100.8681)
[2021.11.16-02.40.55:505][  0]LogD3D11RHI:      Driver Date: 9-5-2020
[2021.11.16-02.40.55:505][  0]LogRHI: Texture pool is 1508 MB (70% of 2155 MB)
[2021.11.16-02.40.55:995][  0]LogD3D11RHI: RHI does not have support for 64 bit atomics
[2021.11.16-02.40.56:156][  0]LogD3D11RHI: Intel Extensions support version Full=16777216, Major=1, Minor=0, Revision=0
[2021.11.16-02.40.56:157][  0]LogD3D11RHI: Intel Extensions support version Full=16777217, Major=1, Minor=0, Revision=1
[2021.11.16-02.40.56:157][  0]LogD3D11RHI: Intel Extensions Framework enabled
[2021.11.16-02.40.56:166][  0]LogD3D11RHI: [IntelMetricsDiscovery] Started
[2021.11.16-02.40.56:166][  0]LogD3D11RHI: Async texture creation enabled
[2021.11.16-02.40.56:166][  0]LogD3D11RHI: Array index from any shader is supported
[2021.11.16-02.40.56:220][  0]LogD3D11RHI: GPU Timing Frequency: 12.000048 (Debug: 2 0)
[2021.11.16-02.40.57:256][  0]LogTargetPlatformManager: Display: Loaded TargetPlatform 'WindowsNoEditor'
[2021.11.16-02.40.57:267][  0]LogTargetPlatformManager: Display: Loaded TargetPlatform 'Windows'
[2021.11.16-02.40.57:276][  0]LogTargetPlatformManager: Display: Loaded TargetPlatform 'WindowsClient'
[2021.11.16-02.40.57:285][  0]LogTargetPlatformManager: Display: Loaded TargetPlatform 'WindowsServer'
[2021.11.16-02.40.57:285][  0]LogTargetPlatformManager: Display: Building Assets For Windows
[2021.11.16-02.40.57:302][  0]LogAudioDebug: Display: Lib vorbis DLL was dynamically loaded.
[2021.11.16-02.40.57:376][  0]LogTextureFormatOodle: Display: Oodle Texture 2.9.0 init RDO Off
[2021.11.16-02.40.57:509][  0]LogRendererCore: Ray tracing is disabled. Reason: r.RayTracing=0.
[2021.11.16-02.40.57:511][  0]LogShaderCompilers: Guid format shader working directory is -16 characters bigger than the processId version (../../../../../../Users/natdy/OneDrive/Desktop/NPC/225-NPC/NPC/Intermediate/Shaders/WorkingDirectory/6336/).
[2021.11.16-02.40.57:512][  0]LogShaderCompilers: Cleaned the shader compiler working directory 'C:/Users/natdy/AppData/Local/Temp/UnrealShaderWorkingDir/342EB2E8486E7DD73687FAA7DC0F044F/'.
[2021.11.16-02.40.57:514][  0]LogXGEController: Cannot use XGE Controller as Incredibuild is not installed on this machine.
[2021.11.16-02.40.57:514][  0]LogShaderCompilers: Cannot use XGE Shader Compiler as Incredibuild is not installed on this machine.
[2021.11.16-02.40.57:514][  0]LogShaderCompilers: Display: Using Local Shader Compiler.
[2021.11.16-02.40.59:023][  0]LogDerivedDataCache: Display: Max Cache Size: 512 MB
[2021.11.16-02.40.59:199][  0]LogDerivedDataCache: Loaded boot cache 0.18s 95MB C:/Users/natdy/AppData/Local/UnrealEngine/4.27/DerivedDataCache/Boot.ddc.
[2021.11.16-02.40.59:199][  0]LogDerivedDataCache: Display: Loaded Boot cache: C:/Users/natdy/AppData/Local/UnrealEngine/4.27/DerivedDataCache/Boot.ddc
[2021.11.16-02.40.59:200][  0]LogDerivedDataCache: FDerivedDataBackendGraph:  Pak pak cache file ../../../../../../Users/natdy/OneDrive/Desktop/NPC/225-NPC/NPC/DerivedDataCache/DDC.ddp not found, will not use a pak cache.
[2021.11.16-02.40.59:200][  0]LogDerivedDataCache: Unable to find inner node Pak for hierarchical cache Hierarchy.
[2021.11.16-02.40.59:200][  0]LogDerivedDataCache: FDerivedDataBackendGraph:  CompressedPak pak cache file ../../../../../../Users/natdy/OneDrive/Desktop/NPC/225-NPC/NPC/DerivedDataCache/Compressed.ddp not found, will not use a pak cache.
[2021.11.16-02.40.59:200][  0]LogDerivedDataCache: Unable to find inner node CompressedPak for hierarchical cache Hierarchy.
[2021.11.16-02.40.59:236][  0]LogDerivedDataCache: Display: Pak cache opened for reading ../../../Engine/DerivedDataCache/Compressed.ddp.
[2021.11.16-02.40.59:236][  0]LogDerivedDataCache: FDerivedDataBackendGraph:  EnterprisePak pak cache file ../../../Enterprise/DerivedDataCache/Compressed.ddp not found, will not use a pak cache.
[2021.11.16-02.40.59:236][  0]LogDerivedDataCache: Unable to find inner node EnterprisePak for hierarchical cache Hierarchy.
[2021.11.16-02.40.59:259][  0]LogDerivedDataCache: Speed tests for C:/Users/natdy/AppData/Local/UnrealEngine/Common/DerivedDataCache took 0.02 seconds
[2021.11.16-02.40.59:259][  0]LogDerivedDataCache: Display: Performance to C:/Users/natdy/AppData/Local/UnrealEngine/Common/DerivedDataCache: Latency=0.35ms. RandomReadSpeed=85.02MBs, RandomWriteSpeed=126.06MBs. Assigned SpeedClass 'Local'
[2021.11.16-02.40.59:260][  0]LogDerivedDataCache: Using Local data cache path C:/Users/natdy/AppData/Local/UnrealEngine/Common/DerivedDataCache: Writable
[2021.11.16-02.40.59:261][  0]LogDerivedDataCache: Shared data cache path not found in *engine.ini, will not use an Shared cache.
[2021.11.16-02.40.59:261][  0]LogDerivedDataCache: Unable to find inner node Shared for hierarchical cache Hierarchy.
[2021.11.16-02.40.59:340][  0]LogSlate: Using FreeType 2.10.0
[2021.11.16-02.40.59:342][  0]LogSlate: SlateFontServices - WITH_FREETYPE: 1, WITH_HARFBUZZ: 1
[2021.11.16-02.40.59:530][  0]LogInit: Using OS detected language (en-US).
[2021.11.16-02.40.59:530][  0]LogInit: Using OS detected locale (en-US).
[2021.11.16-02.40.59:530][  0]LogTextLocalizationManager: No localization for 'en-US' exists, so 'en' will be used for the language.
[2021.11.16-02.40.59:530][  0]LogTextLocalizationManager: No localization for 'en-US' exists, so 'en' will be used for the locale.
[2021.11.16-02.40.59:530][  0]LogSlate: FontCache flush requested. Reason: Culture for localization was changed
[2021.11.16-02.40.59:530][  0]LogSlate: FontCache flush requested. Reason: Culture for localization was changed
[2021.11.16-02.40.59:544][  0]LogTextLocalizationManager: Compacting localization data took   0.00ms
[2021.11.16-02.40.59:544][  0]LogAssetRegistry: FAssetRegistry took 0.0067 seconds to start up
[2021.11.16-02.41.00:140][  0]LogPackageLocalizationCache: Processed 27 localized package path(s) for 1 prioritized culture(s) in 0.002219 seconds
[2021.11.16-02.41.00:266][  0]LogInit: Selected Device Profile: [Windows]
[2021.11.16-02.41.00:266][  0]LogInit: Active device profile: [000001A9F91CC700][000001A9F390B100 49] Windows
[2021.11.16-02.41.00:266][  0]LogInit: Profiles: [000001A9F91CC700][000001A9F390B100 49] Windows, [000001A9F9197100][000001A9F3913280 49] WindowsNoEditor, [000001A9F91CF300][000001A9F3917400 49] WindowsServer, [000001A9F9197A00][000001A9F391B580 49] WindowsClient, [000001A9F91CF500][000001A9F390F6C0 49] IOS, [000001A9F91B3F00][000001A9F391F800 49] iPadAir, [000001A9F9197500][000001A9F3923940 49] iPadAir2, [000001A9F9144500][000001A9F3743BC0 49] IPadPro, [000001A9F9144600][000001A9F3927C00 49] iPadAir3, [000001A9F91B0100][000001A9F3746200 49] iPadAir4, [000001A9F9146C00][000001A9F374A380 49] iPadMini2, [000001A9F91B2500][000001A9F374E500 49] iPadMini3, [000001A9F9147400][000001A9F3752680 49] iPadMini4, [000001A9F91B0F00][000001A9F3756800 49] iPadMini5, [000001A9F9143E00][000001A9F375EAC0 49] iPhone6, [000001A9F9143F00][000001A9F375AB00 49] iPodTouch6, [000001A9F91CF900][000001A9F3766DC0 49] iPhone7, [000001A9F91CE100][000001A9F3762E00 49] iPodTouch7, [000001A9F9140400][000001A9F376AF80 49] iPhone5S, [000001A9F9147D00][000001A9F376F100 49] iPhone6Plus, [000001A9F91CF400][000001A9F3773280 49] iPhone6S, [000001A9F9146000][000001A9F3777400 49] iPhone6SPlus, [000001A9F91CC900][000001A9F377B580 49] iPhone7Plus, [000001A9F9144E00][000001A9F377F700 49] iPhoneSE, [000001A9F91CC200][000001A9F3783880 49] iPhone8, [000001A9F9146400][000001A9F392B9C0 49] iPhone8Plus, [000001A9F91CDE00][000001A9F3787B00 49] iPhoneX, [000001A9F9147E00][000001A9F378A0C0 49] iPhoneXS, [000001A9F91CD600][000001A9F3792280 49] iPhoneXSMax, [000001A9F9146500][000001A9F3796400 49] iPhoneXR, [000001A9F91CEA00][000001A9F379A580 49] iPhone11, [000001A9F9147A00][000001A9F379E700 49] iPhone11Pro, [000001A9F91CCF00][000001A9F37A2880 49] iPhone11ProMax, [000001A9F9146300][000001A9F37A6A00 49] iPhoneSE2, [000001A9F91CE700][000001A9F37AAB80 49] iPhone12Mini, [000001A9F9144700][000001A9F37AED00 49] iPhone12, [000001A9F91CF100][000001A9F37B2E80 49] iPhone12Pro, [000001A9F9147500][000001A9F37B7000 49] iPhone12ProMax, [000001A9F91CC800][000001A9F37BB180 49] iPadPro105, [000001A9F9145C00][000001A9F37BF300 49] iPadPro129, [000001A9F91CC300][000001A9F37C3480 49] iPadPro97, [000001A9F9145D00][000001A9F37C7600 49] iPadPro2_129, [000001A9F91CCC00][000001A9F37CB780 49] iPad5, [000001A9F9147000][000001A9F37CF900 49] iPad6, [000001A9F91CEC00][000001A9F37D3A80 49] iPad7, [000001A9F9146E00][000001A9F378FBC0 49] iPad8, [000001A9F91CFE00][000001A9F37D6180 49] iPadPro11, [000001A9F9145900][000001A9F37DA2C0 49] iPadPro2_11, [000001A9F91CD800][000001A9F30D6440 49] iPadPro3_129, [000001A9F9144C00][000001A9F30DA5C0 49] iPadPro4_129, [000001A9F91CE400][000001A9F30DE740 49] AppleTV, [000001A9F9147700][000001A9F30E28C0 49] AppleTV4K, [000001A9F91CDB00][000001A9F30E6A40 49] TVOS, [000001A9F9145000][000001A9F30EABC0 49] Mac, [000001A9F91CDF00][000001A9F30EED40 49] MacClient, [000001A9F9146B00][000001A9F30F2EC0 49] MacNoEditor, [000001A9F91CCD00][000001A9F30F7040 49] MacServer, [000001A9F9147300][000001A9F30FB1C0 49] Linux, [000001A9F91CCB00][000001A9F30FF340 49] LinuxAArch64, [000001A9F9146100][000001A9F31034C0 49] LinuxNoEditor, [000001A9F91CD700][000001A9F3107640 49] LinuxAArch64NoEditor, [000001A9F9145A00][000001A9F310B7C0 49] LinuxClient, [000001A9F91CD000][000001A9F310F940 49] LinuxAArch64Client, [000001A9F9145400][000001A9F3113AC0 49] LinuxServer, [000001A9F91CF000][000001A9F31160C0 49] LinuxAArch64Server, [000001A9F9145600][000001A9F30D2200 49] Android, [000001A9F91B3900][000001A9F311A340 49] Android_Low, [000001A9F9141B00][000001A9F311E480 49] Android_Mid, [000001A9F91B3000][000001A9F31225C0 49] Android_High, [000001A9F9143900][000001A9F312A740 49] Android_Default, [000001A9F91B2000][000001A9F312E8C0 49] Android_Adreno4xx, [000001A9F9143B00][000001A9F3132A40 49] Android_Adreno5xx_Low, [000001A9F91B0B00][000001A9F3136BC0 49] Android_Adreno5xx, [000001A9F9141800][000001A9F313AD40 49] Android_Adreno6xx, [000001A9F91B1100][000001A9F313EEC0 49] Android_Adreno6xx_Vulkan, [000001A9F9140800][000001A9F3143040 49] Android_Mali_T6xx, [000001A9F91B3600][000001A9F31471C0 49] Android_Mali_T7xx, [000001A9F9140D00][000001A9F314B340 49] Android_Mali_T8xx, [000001A9F91B3C00][000001A9F314F4C0 49] Android_Mali_G71, [000001A9F9140900][000001A9F3153640 49] Android_Mali_G72, [000001A9F91B3E00][000001A9F31577C0 49] Android_Mali_G72_Vulkan, [000001A9F9141900][000001A9F315B940 49] Android_Mali_G76, [000001A9F91B3A00][000001A9F315FAC0 49] Android_Mali_G76_Vulkan, [000001A9F9143600][000001A9F31620C0 49] Android_Mali_G77, [000001A9F91B2200][000001A9F3166240 49] Android_Mali_G77_Vulkan, [000001A9F9141200][000001A9F3126380 49] Android_Mali_G78, [000001A9F91B0A00][000001A9F316A4C0 49] Android_Mali_G78_Vulkan, [000001A9F9143000][000001A9F316E600 49] Android_Mali_G710, [000001A9F91B1400][000001A9F3172740 49] Android_Mali_G710_Vulkan, [000001A9F9140600][000001A9F317A8C0 49] Android_Vulkan_SM5, [000001A9F91B1800][000001A9F317EA40 49] Android_PowerVR_G6xxx, [000001A9F9140E00][000001A9F3182BC0 49] Android_PowerVR_GT7xxx, [000001A9F91B0200][000001A9F3186D40 49] Android_PowerVR_GE8xxx, [000001A9F9140100][000001A9F318AEC0 49] Android_PowerVR_GM9xxx, [000001A9F91B2600][000001A9F318F040 49] Android_PowerVR_GM9xxx_Vulkan, [000001A9F9147800][000001A9F31931C0 49] Android_TegraK1, [000001A9F91B2A00][000001A9F3197340 49] Android_Unknown_Vulkan, [000001A9F9144F00][000001A9F319B4C0 49] Lumin, [000001A9F91B1200][000001A9F319F640 49] Lumin_Desktop, [000001A9F9144400][000001A9F31A37C0 49] HoloLens, 
[2021.11.16-02.41.00:405][  0]LogMeshReduction: Using QuadricMeshReduction for automatic static mesh reduction
[2021.11.16-02.41.00:406][  0]LogMeshReduction: Using SimplygonMeshReduction for automatic skeletal mesh reduction
[2021.11.16-02.41.00:406][  0]LogMeshReduction: Using ProxyLODMeshReduction for automatic mesh merging
[2021.11.16-02.41.00:406][  0]LogMeshReduction: No distributed automatic mesh merging module available
[2021.11.16-02.41.00:406][  0]LogMeshMerging: No distributed automatic mesh merging module available
[2021.11.16-02.41.00:627][  0]LogNetVersion: NPC 1.0.0, NetCL: 17155196, EngineNetVer: 17, GameNetVer: 0 (Checksum: 790694447)
[2021.11.16-02.41.01:383][  0]LogTexture: Default maximum texture size for cubemaps generated from long-lat sources has been changed from 512 to unlimited. In order to preserve old behaiour for '/Engine/MapTemplates/Sky/DaylightAmbientCubemap.DaylightAmbientCubemap', its maximum texture size has been explicitly set to 512.
[2021.11.16-02.41.01:774][  0]LogHMD: PokeAHoleMaterial loaded successfully
[2021.11.16-02.41.02:216][  0]LogMoviePlayer: Initializing movie player
[2021.11.16-02.41.02:494][  0]LogNiagaraDebuggerClient: Niagara Debugger Client Initialized | Session: 9B93F9FA4D54137ABEE14BAA8CE61931 | Instance: 1A70072645EAFECE7F00A5860BA994AD (NATALIES-LAPTOP-6336).
[2021.11.16-02.41.02:598][  0]LogCollectionManager: Loaded 0 collections in 0.004471 seconds
[2021.11.16-02.41.02:604][  0]LogFileCache: Scanning file cache for directory 'C:/Users/natdy/OneDrive/Desktop/NPC/225-NPC/NPC/Saved/Collections/' took 0.00s
[2021.11.16-02.41.02:604][  0]LogFileCache: Scanning file cache for directory 'C:/Users/natdy/OneDrive/Desktop/NPC/225-NPC/NPC/Content/Developers/natdy/Collections/' took 0.00s
[2021.11.16-02.41.02:604][  0]LogFileCache: Scanning file cache for directory 'C:/Users/natdy/OneDrive/Desktop/NPC/225-NPC/NPC/Content/Collections/' took 0.00s
[2021.11.16-02.41.02:604][  0]LogCollectionManager: Fixed up redirectors for 0 collections in 0.000003 seconds (updated 0 objects)
[2021.11.16-02.41.02:624][  0]LogStreaming: Warning: Failed to read file '../../../Engine/Content/Editor/Slate/Niagara/MenuSeparator.png' error.
[2021.11.16-02.41.02:624][  0]LogSlate: Could not find file for Slate resource: ../../../Engine/Content/Editor/Slate/Niagara/MenuSeparator.png
[2021.11.16-02.41.02:624][  0]LogStreaming: Warning: Failed to read file '../../../Engine/Content/Editor/Slate/Niagara/Common/Selector.png' error.
[2021.11.16-02.41.02:624][  0]LogSlate: Could not find file for Slate resource: ../../../Engine/Content/Editor/Slate/Niagara/Common/Selector.png
[2021.11.16-02.41.02:624][  0]LogStreaming: Warning: Failed to read file '../../../Engine/Content/Editor/Slate/Niagara/Common/Selection.png' error.
[2021.11.16-02.41.02:624][  0]LogSlate: Could not find file for Slate resource: ../../../Engine/Content/Editor/Slate/Niagara/Common/Selection.png
[2021.11.16-02.41.02:624][  0]LogStreaming: Warning: Failed to read file '../../../Engine/Content/Editor/Slate/Niagara/Common/DropZoneIndicator_Above.png' error.
[2021.11.16-02.41.02:624][  0]LogSlate: Could not find file for Slate resource: ../../../Engine/Content/Editor/Slate/Niagara/Common/DropZoneIndicator_Above.png
[2021.11.16-02.41.02:624][  0]LogStreaming: Warning: Failed to read file '../../../Engine/Content/Editor/Slate/Niagara/Common/DropZoneIndicator_Onto.png' error.
[2021.11.16-02.41.02:624][  0]LogSlate: Could not find file for Slate resource: ../../../Engine/Content/Editor/Slate/Niagara/Common/DropZoneIndicator_Onto.png
[2021.11.16-02.41.02:624][  0]LogStreaming: Warning: Failed to read file '../../../Engine/Content/Editor/Slate/Niagara/Common/DropZoneIndicator_Below.png' error.
[2021.11.16-02.41.02:624][  0]LogSlate: Could not find file for Slate resource: ../../../Engine/Content/Editor/Slate/Niagara/Common/DropZoneIndicator_Below.png
[2021.11.16-02.41.02:624][  0]LogStreaming: Warning: Failed to read file '../../../Engine/Content/Editor/Slate/Niagara/Common/FlatButton.png' error.
[2021.11.16-02.41.02:625][  0]LogStreaming: Warning: Failed to read file '../../../Engine/Content/Editor/Slate/Niagara/Common/RoundedSelection_16x.png' error.
[2021.11.16-02.41.02:625][  0]LogSlate: Could not find file for Slate resource: ../../../Engine/Content/Editor/Slate/Niagara/Common/FlatButton.png
[2021.11.16-02.41.02:625][  0]LogSlate: Could not find file for Slate resource: ../../../Engine/Content/Editor/Slate/Niagara/Common/RoundedSelection_16x.png
[2021.11.16-02.41.02:625][  0]LogImageWrapper: Warning: PNG Warning: Duplicate iCCP chunk
[2021.11.16-02.41.02:625][  0]LogImageWrapper: Warning: PNG Warning: Duplicate iCCP chunk
[2021.11.16-02.41.02:887][  0]LogTcpMessaging: Initializing TcpMessaging bridge
[2021.11.16-02.41.02:905][  0]LogUdpMessaging: Initializing bridge on interface 0.0.0.0:0 to multicast group 230.0.0.1:6666.
[2021.11.16-02.41.02:944][  0]LogPython: Using Python 3.7.7
[2021.11.16-02.41.04:046][  0]SourceControl: Source control is disabled
[2021.11.16-02.41.04:046][  0]SourceControl: Source control is disabled
[2021.11.16-02.41.04:054][  0]SourceControl: Source control is disabled
[2021.11.16-02.41.04:063][  0]LogUProjectInfo: Found projects:
[2021.11.16-02.41.04:366][  0]LogOpenImageDenoise: OIDN starting up
[2021.11.16-02.41.04:377][  0]LogAndroidPermission: UAndroidPermissionCallbackProxy::GetInstance
[2021.11.16-02.41.04:412][  0]LogAudioCaptureCore: Display: No Audio Capture implementations found. Audio input will be silent.
[2021.11.16-02.41.04:412][  0]LogAudioCaptureCore: Display: No Audio Capture implementations found. Audio input will be silent.
[2021.11.16-02.41.04:584][  0]LogOcInput: OculusInput pre-init called
[2021.11.16-02.41.04:604][  0]LogUObjectArray: 22121 objects as part of root set at end of initial load.
[2021.11.16-02.41.04:604][  0]LogUObjectAllocator: 5975440 out of 0 bytes used by permanent object pool.
[2021.11.16-02.41.04:605][  0]LogUObjectArray: CloseDisregardForGC: 0/0 objects in disregard for GC pool
[2021.11.16-02.41.04:842][  0]LogEngine: Initializing Engine...
[2021.11.16-02.41.04:861][  0]LogHMD: Failed to enumerate extensions. Please check that you have a valid OpenXR runtime installed.
[2021.11.16-02.41.04:863][  0]LogHMD: Failed to initialize OpenVR with code 110
[2021.11.16-02.41.04:863][  0]LogMagicLeap: Warning: VR disabled because ZI is not enabled.  To enable, in the editor, Edit -> Project Settings -> Plugins -> Magic Leap Plugin -> Enable Zero Iteration
[2021.11.16-02.41.04:869][  0]LogStats: UGameplayTagsManager::InitializeManager -  0.002 s
[2021.11.16-02.41.05:516][  0]LogInit: Initializing FReadOnlyCVARCache
[2021.11.16-02.41.05:517][  0]LogAudio: Display: Initializing Audio Device Manager...
[2021.11.16-02.41.05:554][  0]LogAudio: Display: Loading Default Audio Settings Objects...
[2021.11.16-02.41.05:565][  0]LogAudio: Display: No default SoundConcurrencyObject specified (or failed to load).
[2021.11.16-02.41.05:571][  0]LogAudio: Display: Audio Device Manager Initialized
[2021.11.16-02.41.05:572][  0]LogAudio: Display: Creating Audio Device:                 Id: 1, Scope: Shared, Realtime: True
[2021.11.16-02.41.05:576][  0]LogAudioMixer: Display: Audio Mixer Platform Settings:
[2021.11.16-02.41.05:576][  0]LogAudioMixer: Display: 	Sample Rate:						  48000
[2021.11.16-02.41.05:576][  0]LogAudioMixer: Display: 	Callback Buffer Frame Size Requested: 1024
[2021.11.16-02.41.05:576][  0]LogAudioMixer: Display: 	Callback Buffer Frame Size To Use:	  1024
[2021.11.16-02.41.05:576][  0]LogAudioMixer: Display: 	Number of buffers to queue:			  2
[2021.11.16-02.41.05:576][  0]LogAudioMixer: Display: 	Max Channels (voices):				  32
[2021.11.16-02.41.05:576][  0]LogAudioMixer: Display: 	Number of Async Source Workers:		  0
[2021.11.16-02.41.05:577][  0]LogAudio: Display: AudioDevice MaxSources: 32
[2021.11.16-02.41.05:580][  0]LogAudio: Display: Audio Spatialization Plugin: None (built-in).
[2021.11.16-02.41.05:580][  0]LogAudio: Display: Audio Reverb Plugin: None (built-in).
[2021.11.16-02.41.05:580][  0]LogAudio: Display: Audio Occlusion Plugin: None (built-in).
[2021.11.16-02.41.05:581][  0]LogAudioMixer: Display: Initializing audio mixer.
[2021.11.16-02.41.05:650][  0]LogAudioMixer: Display: 0: FrontLeft
[2021.11.16-02.41.05:650][  0]LogAudioMixer: Display: 1: FrontRight
[2021.11.16-02.41.05:725][  0]LogAudioMixer: Display: Using Audio Device Speakers (Realtek High Definition Audio(SST))
[2021.11.16-02.41.05:741][  0]LogAudioMixer: Display: Initializing Sound Submixes...
[2021.11.16-02.41.05:746][  0]LogAudioMixer: Display: Creating Master Submix 'MasterSubmixDefault'
[2021.11.16-02.41.05:747][  0]LogAudioMixer: Display: Creating Master Submix 'MasterReverbSubmixDefault'
[2021.11.16-02.41.05:751][  0]LogAudioMixer: Display: Creating Master Submix 'MasterEQSubmixDefault'
[2021.11.16-02.41.05:751][  0]LogAudioMixer: FMixerPlatformXAudio2::StartAudioStream() called
[2021.11.16-02.41.05:751][  0]LogAudioMixer: Display: Output buffers initialized: Frames=1024, Channels=2, Samples=2048
[2021.11.16-02.41.05:756][  0]LogAudioMixer: Display: Starting AudioMixerPlatformInterface::RunInternal()
[2021.11.16-02.41.05:756][  0]LogAudioMixer: Display: FMixerPlatformXAudio2::SubmitBuffer() called for the first time
[2021.11.16-02.41.05:756][  0]LogInit: FAudioDevice initialized.
[2021.11.16-02.41.05:767][  0]LogNetVersion: Set ProjectVersion to 1.0.0.0. Version Checksum will be recalculated on next use.
[2021.11.16-02.41.05:775][  0]LogInit: Texture streaming: Enabled
[2021.11.16-02.41.06:272][  0]LogAudio: Display: Audio Device (ID: 1) registered with world 'Untitled'.
[2021.11.16-02.41.06:284][  0]LogSlate: Updating window title bar state: overlay mode, drag disabled, window buttons hidden, title bar hidden
[2021.11.16-02.41.06:288][  0]LogInit: Display: Game Engine Initialized.
[2021.11.16-02.41.06:304][  0]LogNiagaraEditor: GEditor isn't valid! Particle reset commands will not work for Niagara components!
[2021.11.16-02.41.06:956][  0]LogStreaming: Warning: Failed to read file '../../../Engine/Content/Editor/Slate/Niagara/MenuSeparator.png' error.
[2021.11.16-02.41.06:956][  0]LogSlate: Could not find file for Slate resource: ../../../Engine/Content/Editor/Slate/Niagara/MenuSeparator.png
[2021.11.16-02.41.06:956][  0]LogStreaming: Warning: Failed to read file '../../../Engine/Content/Editor/Slate/Niagara/Common/Selector.png' error.
[2021.11.16-02.41.06:956][  0]LogSlate: Could not find file for Slate resource: ../../../Engine/Content/Editor/Slate/Niagara/Common/Selector.png
[2021.11.16-02.41.06:956][  0]LogStreaming: Warning: Failed to read file '../../../Engine/Content/Editor/Slate/Niagara/Common/Selection.png' error.
[2021.11.16-02.41.06:956][  0]LogSlate: Could not find file for Slate resource: ../../../Engine/Content/Editor/Slate/Niagara/Common/Selection.png
[2021.11.16-02.41.06:956][  0]LogStreaming: Warning: Failed to read file '../../../Engine/Content/Editor/Slate/Niagara/Common/DropZoneIndicator_Above.png' error.
[2021.11.16-02.41.06:957][  0]LogSlate: Could not find file for Slate resource: ../../../Engine/Content/Editor/Slate/Niagara/Common/DropZoneIndicator_Above.png
[2021.11.16-02.41.06:957][  0]LogStreaming: Warning: Failed to read file '../../../Engine/Content/Editor/Slate/Niagara/Common/DropZoneIndicator_Onto.png' error.
[2021.11.16-02.41.06:957][  0]LogSlate: Could not find file for Slate resource: ../../../Engine/Content/Editor/Slate/Niagara/Common/DropZoneIndicator_Onto.png
[2021.11.16-02.41.06:957][  0]LogStreaming: Warning: Failed to read file '../../../Engine/Content/Editor/Slate/Niagara/Common/DropZoneIndicator_Below.png' error.
[2021.11.16-02.41.06:957][  0]LogSlate: Could not find file for Slate resource: ../../../Engine/Content/Editor/Slate/Niagara/Common/DropZoneIndicator_Below.png
[2021.11.16-02.41.06:957][  0]LogStreaming: Warning: Failed to read file '../../../Engine/Content/Editor/Slate/Niagara/Common/RoundedSelection_16x.png' error.
[2021.11.16-02.41.06:957][  0]LogSlate: Could not find file for Slate resource: ../../../Engine/Content/Editor/Slate/Niagara/Common/RoundedSelection_16x.png
[2021.11.16-02.41.06:957][  0]LogStreaming: Warning: Failed to read file '../../../Engine/Content/Editor/Slate/Niagara/Common/FlatButton.png' error.
[2021.11.16-02.41.06:957][  0]LogSlate: Could not find file for Slate resource: ../../../Engine/Content/Editor/Slate/Niagara/Common/FlatButton.png
[2021.11.16-02.41.06:987][  0]LogImageWrapper: Warning: PNG Warning: Duplicate iCCP chunk
[2021.11.16-02.41.06:987][  0]LogImageWrapper: Warning: PNG Warning: Duplicate iCCP chunk
[2021.11.16-02.41.06:987][  0]LogInit: Display: Starting Game.
[2021.11.16-02.41.06:989][  0]LogNet: Browse: /Game/ThirdPersonBP/Maps/ThirdPersonExampleMap?Name=Player
[2021.11.16-02.41.06:990][  0]LogLoad: LoadMap: /Game/ThirdPersonBP/Maps/ThirdPersonExampleMap?Name=Player
[2021.11.16-02.41.06:991][  0]LogWorld: BeginTearingDown for /Temp/Untitled_0
[2021.11.16-02.41.07:003][  0]LogWorld: UWorld::CleanupWorld for Untitled, bSessionEnded=true, bCleanupResources=true
[2021.11.16-02.41.07:007][  0]LogSlate: InvalidateAllWidgets triggered.  All widgets were invalidated
[2021.11.16-02.41.07:021][  0]LogAudio: Display: Audio Device unregistered from world 'None'.
[2021.11.16-02.41.07:033][  0]LogUObjectHash: Compacting FUObjectHashTables data took   2.32ms
[2021.11.16-02.41.07:256][  0]LogLinker: Warning: Asset '../../../../../../Users/natdy/OneDrive/Desktop/NPC/225-NPC/NPC/Content/LPGenericPropsSet04/Meshes/HouseEquipment/Armchair/SM_ArmchairSet18FabricMiddle.uasset' has been saved with empty engine version. The asset will be loaded but may be incompatible.
[2021.11.16-02.41.07:257][  0]LogLinker: Warning: Asset '../../../../../../Users/natdy/OneDrive/Desktop/NPC/225-NPC/NPC/Content/LPGenericPropsSet04/Meshes/HouseEquipment/Armchair/SM_ArmchairSet18FabricSide.uasset' has been saved with empty engine version. The asset will be loaded but may be incompatible.
[2021.11.16-02.41.07:258][  0]LogLinker: Warning: Asset '../../../../../../Users/natdy/OneDrive/Desktop/NPC/225-NPC/NPC/Content/LPGenericPropsSet04/Meshes/HouseEquipment/Bunk/SM_BunkSet02WoodPieceB.uasset' has been saved with empty engine version. The asset will be loaded but may be incompatible.
[2021.11.16-02.41.07:260][  0]LogLinker: Warning: Asset '../../../../../../Users/natdy/OneDrive/Desktop/NPC/225-NPC/NPC/Content/LPGenericPropsSet04/Meshes/HouseEquipment/Bunk/SM_BunkSet03Fabric.uasset' has been saved with empty engine version. The asset will be loaded but may be incompatible.
[2021.11.16-02.41.07:262][  0]LogLinker: Warning: Asset '../../../../../../Users/natdy/OneDrive/Desktop/NPC/225-NPC/NPC/Content/LPGenericPropsSet04/Meshes/HouseEquipment/Mixed/SM_GameConsoleSet01Base.uasset' has been saved with empty engine version. The asset will be loaded but may be incompatible.
[2021.11.16-02.41.07:263][  0]LogLinker: Warning: Asset '../../../../../../Users/natdy/OneDrive/Desktop/NPC/225-NPC/NPC/Content/LPGenericPropsSet04/Meshes/HouseEquipment/Mixed/SM_GameConsoleSet01CD.uasset' has been saved with empty engine version. The asset will be loaded but may be incompatible.
[2021.11.16-02.41.07:265][  0]LogLinker: Warning: Asset '../../../../../../Users/natdy/OneDrive/Desktop/NPC/225-NPC/NPC/Content/LPGenericPropsSet04/Meshes/HouseEquipment/Pot/SM_PotSet02Base.uasset' has been saved with empty engine version. The asset will be loaded but may be incompatible.
[2021.11.16-02.41.07:266][  0]LogLinker: Warning: Asset '../../../../../../Users/natdy/OneDrive/Desktop/NPC/225-NPC/NPC/Content/LPGenericPropsSet04/Meshes/HouseEquipment/Table/SM_TableSet15Support.uasset' has been saved with empty engine version. The asset will be loaded but may be incompatible.
[2021.11.16-02.41.07:268][  0]LogLinker: Warning: Asset '../../../../../../Users/natdy/OneDrive/Desktop/NPC/225-NPC/NPC/Content/LPGenericPropsSet04/Meshes/HouseEquipment/Table/SM_TableSet15Top.uasset' has been saved with empty engine version. The asset will be loaded but may be incompatible.
[2021.11.16-02.41.07:269][  0]LogLinker: Warning: Asset '../../../../../../Users/natdy/OneDrive/Desktop/NPC/225-NPC/NPC/Content/LPGenericPropsSet04/Meshes/HouseEquipment/Wardrobe/SM_WardrobeSet01CoverLeft.uasset' has been saved with empty engine version. The asset will be loaded but may be incompatible.
[2021.11.16-02.41.07:271][  0]LogLinker: Warning: Asset '../../../../../../Users/natdy/OneDrive/Desktop/NPC/225-NPC/NPC/Content/LPGenericPropsSet04/Meshes/HouseEquipment/Wardrobe/SM_WardrobeSet01Wood.uasset' has been saved with empty engine version. The asset will be loaded but may be incompatible.
[2021.11.16-02.41.07:272][  0]LogLinker: Warning: Asset '../../../../../../Users/natdy/OneDrive/Desktop/NPC/225-NPC/NPC/Content/LPGenericPropsSet04/Meshes/OfficeEquipment/Boxs/SM_BoxsSet09.uasset' has been saved with empty engine version. The asset will be loaded but may be incompatible.
[2021.11.16-02.41.07:581][  0]LogLinker: Warning: Asset '../../../../../../Users/natdy/OneDrive/Desktop/NPC/225-NPC/NPC/Content/LPGenericPropsSet04/Materials/Paper/MI_PaperSet01.uasset' has been saved with empty engine version. The asset will be loaded but may be incompatible.
[2021.11.16-02.41.07:582][  0]LogLinker: Warning: Asset '../../../../../../Users/natdy/OneDrive/Desktop/NPC/225-NPC/NPC/Content/LPGenericPropsSet04/Materials/Paper/MI_PaperSet03.uasset' has been saved with empty engine version. The asset will be loaded but may be incompatible.
[2021.11.16-02.41.07:583][  0]LogLinker: Warning: Asset '../../../../../../Users/natdy/OneDrive/Desktop/NPC/225-NPC/NPC/Content/LPGenericPropsSet04/Materials/Paper/MI_PaperSet04.uasset' has been saved with empty engine version. The asset will be loaded but may be incompatible.
[2021.11.16-02.41.07:584][  0]LogLinker: Warning: Asset '../../../../../../Users/natdy/OneDrive/Desktop/NPC/225-NPC/NPC/Content/LPGenericPropsSet04/Materials/Paper/MI_PaperSet05.uasset' has been saved with empty engine version. The asset will be loaded but may be incompatible.
[2021.11.16-02.41.07:586][  0]LogLinker: Warning: Asset '../../../../../../Users/natdy/OneDrive/Desktop/NPC/225-NPC/NPC/Content/LPGenericPropsSet04/Materials/Wood/MI_WoodSet15.uasset' has been saved with empty engine version. The asset will be loaded but may be incompatible.
[2021.11.16-02.41.07:587][  0]LogLinker: Warning: Asset '../../../../../../Users/natdy/OneDrive/Desktop/NPC/225-NPC/NPC/Content/LPGenericPropsSet04/Materials/Chrome/MI_ChromeSet01.uasset' has been saved with empty engine version. The asset will be loaded but may be incompatible.
[2021.11.16-02.41.07:589][  0]LogLinker: Warning: Asset '../../../../../../Users/natdy/OneDrive/Desktop/NPC/225-NPC/NPC/Content/LPGenericPropsSet04/Materials/Plastic/MI_PlasticSet09.uasset' has been saved with empty engine version. The asset will be loaded but may be incompatible.
[2021.11.16-02.41.07:590][  0]LogLinker: Warning: Asset '../../../../../../Users/natdy/OneDrive/Desktop/NPC/225-NPC/NPC/Content/LPGenericPropsSet04/Materials/Plastic/MI_PlasticSet04.uasset' has been saved with empty engine version. The asset will be loaded but may be incompatible.
[2021.11.16-02.41.07:591][  0]LogLinker: Warning: Asset '../../../../../../Users/natdy/OneDrive/Desktop/NPC/225-NPC/NPC/Content/LPGenericPropsSet04/Materials/Plastic/MI_PlasticSet03.uasset' has been saved with empty engine version. The asset will be loaded but may be incompatible.
[2021.11.16-02.41.07:593][  0]LogLinker: Warning: Asset '../../../../../../Users/natdy/OneDrive/Desktop/NPC/225-NPC/NPC/Content/LPGenericPropsSet04/Materials/Fabric/MI_FabricSet04.uasset' has been saved with empty engine version. The asset will be loaded but may be incompatible.
[2021.11.16-02.41.07:594][  0]LogLinker: Warning: Asset '../../../../../../Users/natdy/OneDrive/Desktop/NPC/225-NPC/NPC/Content/LPGenericPropsSet04/Materials/Wood/MI_WoodSet10.uasset' has been saved with empty engine version. The asset will be loaded but may be incompatible.
[2021.11.16-02.41.07:595][  0]LogLinker: Warning: Asset '../../../../../../Users/natdy/OneDrive/Desktop/NPC/225-NPC/NPC/Content/LPGenericPropsSet04/Materials/Fabric/MI_FabricSet05.uasset' has been saved with empty engine version. The asset will be loaded but may be incompatible.
[2021.11.16-02.41.07:854][  0]LogLinker: Warning: Asset '../../../../../../Users/natdy/OneDrive/Desktop/NPC/225-NPC/NPC/Content/LPGenericPropsSet04/Materials/Generic/M_Generic.uasset' has been saved with empty engine version. The asset will be loaded but may be incompatible.
[2021.11.16-02.41.07:857][  0]LogLinker: Warning: Asset '../../../../../../Users/natdy/OneDrive/Desktop/NPC/225-NPC/NPC/Content/LPGenericPropsSet04/Textures/Generic/T_FlatNormal.uasset' has been saved with empty engine version. The asset will be loaded but may be incompatible.
[2021.11.16-02.41.07:858][  0]LogLinker: Warning: Asset '../../../../../../Users/natdy/OneDrive/Desktop/NPC/225-NPC/NPC/Content/LPGenericPropsSet04/Textures/Generic/T_Gray.uasset' has been saved with empty engine version. The asset will be loaded but may be incompatible.
[2021.11.16-02.41.07:859][  0]LogLinker: Warning: Asset '../../../../../../Users/natdy/OneDrive/Desktop/NPC/225-NPC/NPC/Content/LPGenericPropsSet04/Textures/Wood/T_WoodSet02_Normal.uasset' has been saved with empty engine version. The asset will be loaded but may be incompatible.
[2021.11.16-02.41.09:320][  0]LogAudio: Display: Audio Device (ID: 1) registered with world 'ThirdPersonExampleMap'.
[2021.11.16-02.41.09:513][  0]LogAIModule: Creating AISystem for world ThirdPersonExampleMap
[2021.11.16-02.41.09:563][  0]LogLoad: Game class is 'ThirdPersonGameMode_C'
[2021.11.16-02.41.09:652][  0]LogWorld: Bringing World /Game/ThirdPersonBP/Maps/ThirdPersonExampleMap.ThirdPersonExampleMap up for play (max tick rate 0) at 2021.11.15-20.41.09
[2021.11.16-02.41.09:716][  0]LogWorld: Bringing up level for play took: 0.141004
[2021.11.16-02.41.09:751][  0]LogBlueprintUserMessages: Warning: SetTimer passed a bad function (Check) or object (Interactable_Blueprint)
[2021.11.16-02.41.09:756][  0]LogLoad: Took 2.765366 seconds to LoadMap(/Game/ThirdPersonBP/Maps/ThirdPersonExampleMap)
[2021.11.16-02.41.09:939][  0]LogSlate: Took 0.002718 seconds to synchronously load lazily loaded font '../../../Engine/Content/Slate/Fonts/Roboto-Regular.ttf' (155K)
[2021.11.16-02.41.10:079][  0]LogRenderer: Reallocating scene render targets to support 1280x720 Format 10 NumSamples 1 (Frame:1).
[2021.11.16-02.41.10:079][  0]LogInit: Display: Engine is initialized. Leaving FEngineLoop::Init()
[2021.11.16-02.41.10:079][  0]LogLoad: (Engine Initialization) Total time: 22.84 seconds
[2021.11.16-02.41.10:079][  0]LogLoad: (Engine Initialization) Total Blueprint compile time: 0.00 seconds
[2021.11.16-02.41.10:539][  0]LogContentStreaming: Texture pool size now 1000 MB
[2021.11.16-02.41.10:605][  0]LogSlate: InvalidateAllWidgets triggered.  All widgets were invalidated
[2021.11.16-02.41.11:234][  0]LogRenderer: Reallocating scene render targets to support 128x128 Format 10 NumSamples 1 (Frame:1).
[2021.11.16-02.41.11:962][  0]LogRenderer: Reallocating scene render targets to support 1280x720 Format 10 NumSamples 1 (Frame:2).
[2021.11.16-02.41.12:839][  1]LogSlate: Took 0.002312 seconds to synchronously load lazily loaded font '../../../Engine/Content/Slate/Fonts/Roboto-Regular.ttf' (155K)
